RUN	com.gatling.tests.ComeSearchandEdit5	comesearchandedit5	1672233195921	 	3.6.1
USER	User One	START	1672233202306
USER	User One	START	1672233202211
USER	User One	START	1672233202169
USER	User One	START	1672233202259
USER	User One	START	1672233202352
USER	User One	START	1672233202399
USER	User One	START	1672233202462
USER	User One	START	1672233202510
USER	User One	START	1672233202558
USER	User One	START	1672233202605
USER	User One	START	1672233202652
USER	User One	START	1672233202714
USER	User One	START	1672233202782
USER	User One	START	1672233202809
USER	User One	START	1672233202856
USER	User One	START	1672233202903
USER	User One	START	1672233202951
USER	User One	START	1672233203015
USER	User One	START	1672233203057
USER	User One	START	1672233203108
USER	User One	START	1672233203156
USER	User One	START	1672233203205
USER	User One	START	1672233203252
USER	User One	START	1672233203315
REQUEST		Home	1672233202510	1672233203482	OK	 
REQUEST		Home	1672233202306	1672233203502	OK	 
REQUEST		Home	1672233202211	1672233203494	OK	 
REQUEST		Home	1672233202194	1672233203482	OK	 
REQUEST		Home	1672233202352	1672233203514	OK	 
REQUEST		Home	1672233202463	1672233203514	OK	 
REQUEST		Home	1672233202400	1672233203514	OK	 
REQUEST		Home	1672233202259	1672233203514	OK	 
USER	User One	START	1672233203580
USER	User One	START	1672233203584
REQUEST		Home	1672233202558	1672233203587	OK	 
USER	User One	START	1672233203589
USER	User One	START	1672233203590
USER	User One	START	1672233203594
USER	User One	START	1672233203608
USER	User One	START	1672233203656
USER	User One	START	1672233203704
USER	User One	START	1672233203767
USER	User One	START	1672233203813
REQUEST		Home	1672233202904	1672233203824	OK	 
REQUEST		Home	1672233202856	1672233203829	OK	 
REQUEST		Home	1672233202809	1672233203829	OK	 
REQUEST		Home	1672233202605	1672233203851	OK	 
REQUEST		Home	1672233202652	1672233203853	OK	 
USER	User One	START	1672233203854
REQUEST		Home	1672233202783	1672233203866	OK	 
REQUEST		Home	1672233202714	1672233203866	OK	 
USER	User One	START	1672233203907
USER	User One	START	1672233203956
USER	User One	START	1672233204003
USER	User One	START	1672233204065
REQUEST		Home	1672233203057	1672233204077	OK	 
REQUEST		Home	1672233203157	1672233204080	OK	 
REQUEST		Home	1672233203109	1672233204087	OK	 
REQUEST		Home	1672233202951	1672233204091	OK	 
REQUEST		Home	1672233203015	1672233204103	OK	 
USER	User One	START	1672233204112
REQUEST		Home	1672233203205	1672233204139	OK	 
USER	User One	START	1672233204159
USER	User One	START	1672233204206
REQUEST		Home	1672233203252	1672233204241	OK	 
USER	User One	START	1672233204252
REQUEST		Home	1672233203315	1672233204271	OK	 
USER	User One	START	1672233204298
USER	User One	START	1672233204346
USER	User One	START	1672233204409
USER	User One	START	1672233204456
USER	User One	START	1672233204503
REQUEST		Home	1672233203589	1672233204536	OK	 
USER	User One	START	1672233204549
REQUEST		Home	1672233203581	1672233204557	OK	 
REQUEST		Home	1672233203594	1672233204587	OK	 
REQUEST		Home	1672233203585	1672233204587	OK	 
REQUEST		Home	1672233203590	1672233204589	OK	 
REQUEST		Home	1672233203609	1672233204593	OK	 
USER	User One	START	1672233204597
REQUEST		Home	1672233203656	1672233204612	OK	 
USER	User One	START	1672233204660
REQUEST		Home	1672233203704	1672233204692	OK	 
REQUEST		Home	1672233203767	1672233204700	OK	 
USER	User One	START	1672233204707
USER	User One	START	1672233204755
REQUEST		Home	1672233203855	1672233204795	OK	 
REQUEST		Home	1672233203814	1672233204799	OK	 
USER	User One	START	1672233204802
USER	User One	START	1672233204848
REQUEST		Home	1672233203908	1672233204851	OK	 
USER	User One	START	1672233204909
REQUEST		Home	1672233203956	1672233204932	OK	 
USER	User One	START	1672233204957
REQUEST		Home	1672233204003	1672233204961	OK	 
USER	User One	START	1672233205003
REQUEST		Home	1672233204066	1672233205011	OK	 
USER	User One	START	1672233205049
REQUEST		Home	1672233204113	1672233205091	OK	 
REQUEST		Home	1672233204160	1672233205100	OK	 
USER	User One	START	1672233205111
USER	User One	START	1672233205158
REQUEST		Home	1672233204206	1672233205165	OK	 
USER	User One	START	1672233205206
REQUEST		Home	1672233204252	1672233205227	OK	 
USER	User One	START	1672233205253
REQUEST		Home	1672233204299	1672233205268	OK	 
USER	User One	START	1672233205300
REQUEST		Home	1672233204347	1672233205303	OK	 
USER	User One	START	1672233205345
USER	User One	START	1672233205407
REQUEST		Home	1672233204409	1672233205421	OK	 
REQUEST		Home	1672233204457	1672233205430	OK	 
USER	User One	START	1672233205455
REQUEST		Home	1672233204503	1672233205480	OK	 
USER	User One	START	1672233205502
REQUEST		Home	1672233204550	1672233205550	OK	 
USER	User One	START	1672233205550
REQUEST		Home	1672233204597	1672233205572	OK	 
USER	User One	START	1672233205598
REQUEST		Home	1672233204660	1672233205603	OK	 
REQUEST		Home	1672233204708	1672233205654	OK	 
USER	User One	START	1672233205658
REQUEST		Home	1672233204755	1672233205693	OK	 
USER	User One	START	1672233205705
USER	User One	START	1672233205750
REQUEST		Home	1672233204802	1672233205761	OK	 
USER	User One	START	1672233205811
REQUEST		Home	1672233204848	1672233205818	OK	 
REQUEST		Search	1672233205583	1672233205829	OK	 
REQUEST		Search	1672233205582	1672233205837	OK	 
REQUEST		Search	1672233205596	1672233205848	OK	 
REQUEST		Search	1672233205596	1672233205847	OK	 
REQUEST		Search	1672233205597	1672233205856	OK	 
REQUEST		Search	1672233205600	1672233205856	OK	 
REQUEST		Search	1672233205599	1672233205857	OK	 
USER	User One	START	1672233205857
REQUEST		Search	1672233205599	1672233205863	OK	 
REQUEST		Search	1672233205600	1672233205863	OK	 
REQUEST		Home	1672233204909	1672233205872	OK	 
USER	User One	START	1672233205905
REQUEST		Home	1672233204957	1672233205949	OK	 
REQUEST		Home	1672233205003	1672233205949	OK	 
USER	User One	START	1672233205953
USER	User One	START	1672233206000
REQUEST		Home	1672233205049	1672233206007	OK	 
USER	User One	START	1672233206047
REQUEST		Home	1672233205112	1672233206068	OK	 
REQUEST		Search	1672233205839	1672233206081	OK	 
REQUEST		Search	1672233205842	1672233206086	OK	 
REQUEST		Search	1672233205842	1672233206096	OK	 
USER	User One	START	1672233206097
REQUEST		Search	1672233205857	1672233206107	OK	 
REQUEST		Search	1672233205859	1672233206111	OK	 
REQUEST		Search	1672233205873	1672233206124	OK	 
REQUEST		Home	1672233205158	1672233206140	OK	 
REQUEST		Search	1672233205873	1672233206141	OK	 
USER	User One	START	1672233206158
REQUEST		Home	1672233205206	1672233206166	OK	 
USER	User One	START	1672233206203
USER	User One	START	1672233206250
REQUEST		Home	1672233205253	1672233206260	OK	 
REQUEST		Home	1672233205300	1672233206284	OK	 
REQUEST		Home	1672233205346	1672233206292	OK	 
USER	User One	START	1672233206297
REQUEST		Search	1672233206094	1672233206340	OK	 
REQUEST		Search	1672233206093	1672233206342	OK	 
USER	User One	START	1672233206345
REQUEST		Search	1672233206093	1672233206347	OK	 
REQUEST		Search	1672233206093	1672233206349	OK	 
REQUEST		Home	1672233205408	1672233206349	OK	 
REQUEST		Search	1672233206107	1672233206365	OK	 
REQUEST		Home	1672233205455	1672233206396	OK	 
REQUEST		Search	1672233206141	1672233206396	OK	 
USER	User One	START	1672233206398
USER	User One	START	1672233206456
REQUEST		Home	1672233205502	1672233206463	OK	 
USER	User One	START	1672233206503
REQUEST		Search	1672233206250	1672233206518	OK	 
REQUEST		Home	1672233205550	1672233206532	OK	 
REQUEST		Search	1672233206282	1672233206532	OK	 
USER	User One	START	1672233206549
REQUEST		Home	1672233205599	1672233206593	OK	 
USER	User One	START	1672233206595
REQUEST		Home	1672233205658	1672233206636	OK	 
REQUEST		Home	1672233205705	1672233206650	OK	 
USER	User One	START	1672233206657
USER	User One	START	1672233206704
REQUEST		Home	1672233205750	1672233206716	OK	 
USER	User One	START	1672233206752
REQUEST		Home	1672233205811	1672233206780	OK	 
REQUEST		Search	1672233206549	1672233206797	OK	 
USER	User One	START	1672233206800
REQUEST		Home	1672233205858	1672233206810	OK	 
REQUEST		Search	1672233206564	1672233206815	OK	 
USER	User One	START	1672233206845
REQUEST		Search	1672233206595	1672233206866	OK	 
REQUEST		Search	1672233206595	1672233206867	OK	 
REQUEST		Search	1672233206595	1672233206866	OK	 
REQUEST		Search	1672233206611	1672233206868	OK	 
REQUEST		Search	1672233206627	1672233206874	OK	 
REQUEST		Home	1672233205905	1672233206891	OK	 
REQUEST		Home	1672233205953	1672233206891	OK	 
USER	User One	START	1672233206908
REQUEST		Home	1672233206000	1672233206956	OK	 
USER	User One	START	1672233206956
REQUEST		Search	1672233206705	1672233206981	OK	 
REQUEST		Search	1672233206704	1672233206981	OK	 
USER	User One	START	1672233207003
REQUEST		Home	1672233206047	1672233207021	OK	 
REQUEST		Home	1672233206097	1672233207033	OK	 
USER	User One	START	1672233207046
REQUEST		Search	1672233206799	1672233207050	OK	 
REQUEST		Search	1672233206815	1672233207061	OK	 
USER	User One	START	1672233207098
REQUEST		Search	1672233206861	1672233207113	OK	 
REQUEST		Home	1672233206158	1672233207124	OK	 
USER	User One	START	1672233207159
REQUEST		Home	1672233206203	1672233207161	OK	 
REQUEST		Search	1672233206940	1672233207184	OK	 
USER	User One	START	1672233207206
REQUEST		Search	1672233206972	1672233207223	OK	 
REQUEST		Home	1672233206250	1672233207226	OK	 
REQUEST		Home	1672233206298	1672233207250	OK	 
USER	User One	START	1672233207253
REQUEST		Home	1672233206345	1672233207280	OK	 
REQUEST		Search	1672233207019	1672233207281	OK	 
USER	User One	START	1672233207299
USER	User One	START	1672233207347
REQUEST		Home	1672233206399	1672233207350	OK	 
REQUEST		Search	1672233207098	1672233207354	OK	 
REQUEST		Search	1672233207113	1672233207359	OK	 
REQUEST		Home	1672233206456	1672233207404	OK	 
USER	User One	START	1672233207409
REQUEST		Search	1672233207174	1672233207422	OK	 
REQUEST		Home	1672233206503	1672233207454	OK	 
USER	User One	START	1672233207456
REQUEST		Search	1672233207238	1672233207495	OK	 
USER	User One	START	1672233207502
REQUEST		Search	1672233207284	1672233207532	OK	 
REQUEST		Home	1672233206549	1672233207549	OK	 
USER	User One	START	1672233207548
REQUEST		Search	1672233207315	1672233207566	OK	 
REQUEST		Home	1672233206595	1672233207582	OK	 
USER	User One	START	1672233207596
REQUEST		Home	1672233206657	1672233207609	OK	 
USER	User One	START	1672233207657
REQUEST		Home	1672233206705	1672233207689	OK	 
REQUEST		Search	1672233207440	1672233207696	OK	 
REQUEST		Search	1672233207424	1672233207696	OK	 
USER	User One	START	1672233207704
REQUEST		Search	1672233207486	1672233207743	OK	 
REQUEST		Home	1672233206752	1672233207747	OK	 
USER	User One	START	1672233207752
USER	User One	START	1672233207800
REQUEST		Home	1672233206846	1672233207819	OK	 
REQUEST		Search	1672233207580	1672233207829	OK	 
REQUEST		Home	1672233206800	1672233207829	OK	 
REQUEST		Search	1672233207563	1672233207840	OK	 
USER	User One	START	1672233207846
REQUEST		Search	1672233207607	1672233207859	OK	 
REQUEST		Home	1672233206908	1672233207878	OK	 
REQUEST		Home	1672233206956	1672233207892	OK	 
USER	User One	START	1672233207895
REQUEST		Search	1672233207657	1672233207902	OK	 
REQUEST		Home	1672233207004	1672233207932	OK	 
USER	User One	START	1672233207957
REQUEST		Search	1672233207704	1672233207959	OK	 
REQUEST		Home	1672233207046	1672233207972	OK	 
USER	User One	START	1672233208003
REQUEST		Search	1672233207768	1672233208050	OK	 
USER	User One	START	1672233208049
REQUEST		Home	1672233207098	1672233208053	OK	 
REQUEST		Search	1672233207830	1672233208080	OK	 
REQUEST		Select	1672233207839	1672233208086	OK	 
REQUEST		Select	1672233207862	1672233208103	OK	 
REQUEST		Select	1672233207846	1672233208107	OK	 
REQUEST		Home	1672233207159	1672233208110	OK	 
REQUEST		Select	1672233207859	1672233208112	OK	 
USER	User One	START	1672233208112
REQUEST		Select	1672233207862	1672233208131	OK	 
REQUEST		Select	1672233207862	1672233208131	OK	 
REQUEST		Select	1672233207862	1672233208133	OK	 
REQUEST		Select	1672233207878	1672233208133	OK	 
REQUEST		Search	1672233207878	1672233208143	OK	 
REQUEST		Select	1672233207878	1672233208143	OK	 
USER	User One	START	1672233208159
REQUEST		Home	1672233207206	1672233208169	OK	 
USER	User One	START	1672233208206
REQUEST		Search	1672233207957	1672233208211	OK	 
REQUEST		Home	1672233207253	1672233208212	OK	 
REQUEST		Search	1672233207957	1672233208220	OK	 
USER	User One	START	1672233208252
REQUEST		Search	1672233208018	1672233208260	OK	 
REQUEST		Home	1672233207299	1672233208292	OK	 
USER	User One	START	1672233208300
REQUEST		Home	1672233207347	1672233208310	OK	 
REQUEST		Search	1672233208080	1672233208321	OK	 
REQUEST		Select	1672233208096	1672233208335	OK	 
REQUEST		Select	1672233208089	1672233208335	OK	 
USER	User One	START	1672233208346
REQUEST		Home	1672233207410	1672233208349	OK	 
REQUEST		Update	1672233208105	1672233208356	OK	 
REQUEST		Update	1672233208101	1672233208350	OK	 
REQUEST		Select	1672233208109	1672233208379	OK	 
REQUEST		Select	1672233208114	1672233208380	OK	 
REQUEST		Update	1672233208132	1672233208382	OK	 
REQUEST		Update	1672233208114	1672233208382	OK	 
REQUEST		Update	1672233208110	1672233208381	OK	 
REQUEST		Update	1672233208132	1672233208383	OK	 
REQUEST		Select	1672233208127	1672233208385	OK	 
REQUEST		Select	1672233208127	1672233208385	OK	 
REQUEST		Update	1672233208134	1672233208386	OK	 
REQUEST		Search	1672233208144	1672233208388	OK	 
REQUEST		Update	1672233208134	1672233208388	OK	 
REQUEST		Update	1672233208145	1672233208389	OK	 
REQUEST		Home	1672233207456	1672233208389	OK	 
REQUEST		Select	1672233208144	1672233208394	OK	 
USER	User One	START	1672233208409
REQUEST		Search	1672233208168	1672233208425	OK	 
REQUEST		Home	1672233207502	1672233208455	OK	 
USER	User One	START	1672233208457
USER	User One	START	1672233208503
REQUEST		Home	1672233207549	1672233208524	OK	 
REQUEST		Search	1672233208268	1672233208534	OK	 
REQUEST		Search	1672233208291	1672233208540	OK	 
REQUEST		Home	1672233207596	1672233208545	OK	 
USER	User One	START	1672233208551
REQUEST		Search	1672233208300	1672233208559	OK	 
REQUEST		Update	1672233208337	1672233208597	OK	 
REQUEST		Select	1672233208345	1672233208598	OK	 
REQUEST		Update	1672233208337	1672233208600	OK	 
USER	User One	START	1672233208599
REQUEST		Select	1672233208345	1672233208601	OK	 
REQUEST		Select	1672233208361	1672233208616	OK	 
REQUEST		Select	1672233208352	1672233208617	OK	 
REQUEST		Update Redirect 1	1672233208375	1672233208618	OK	 
REQUEST		Update Redirect 1	1672233208375	1672233208621	OK	 
USER	User One	END	1672233208628
USER	User One	END	1672233208628
REQUEST		Search	1672233208376	1672233208631	OK	 
REQUEST		Select	1672233208377	1672233208633	OK	 
REQUEST		Update Redirect 1	1672233208384	1672233208647	OK	 
REQUEST		Update Redirect 1	1672233208382	1672233208647	OK	 
REQUEST		Update	1672233208380	1672233208661	OK	 
REQUEST		Update	1672233208386	1672233208661	OK	 
USER	User One	START	1672233208646
REQUEST		Update	1672233208382	1672233208662	OK	 
REQUEST		Update	1672233208388	1672233208663	OK	 
REQUEST		Select	1672233208410	1672233208664	OK	 
REQUEST		Search	1672233208409	1672233208664	OK	 
REQUEST		Home	1672233207658	1672233208665	OK	 
REQUEST		Update Redirect 1	1672233208384	1672233208665	OK	 
REQUEST		Update Redirect 1	1672233208388	1672233208666	OK	 
REQUEST		Update Redirect 1	1672233208389	1672233208667	OK	 
REQUEST		Update	1672233208395	1672233208667	OK	 
USER	User One	END	1672233208661
REQUEST		Update Redirect 1	1672233208383	1672233208669	OK	 
REQUEST		Home	1672233207705	1672233208669	OK	 
REQUEST		Update Redirect 1	1672233208386	1672233208670	OK	 
USER	User One	END	1672233208663
USER	User One	END	1672233208666
USER	User One	END	1672233208667
USER	User One	END	1672233208668
USER	User One	END	1672233208670
USER	User One	END	1672233208671
USER	User One	START	1672233208704
REQUEST		Search	1672233208472	1672233208705	OK	 
REQUEST		Home	1672233207752	1672233208717	OK	 
REQUEST		Home	1672233207800	1672233208737	OK	 
USER	User One	START	1672233208756
REQUEST		Select	1672233208519	1672233208772	OK	 
REQUEST		Search	1672233208535	1672233208788	OK	 
REQUEST		Select	1672233208535	1672233208788	OK	 
REQUEST		Home	1672233207846	1672233208799	OK	 
USER	User One	START	1672233208803
USER	User One	START	1672233208849
REQUEST		Update	1672233208599	1672233208857	OK	 
REQUEST		Update	1672233208617	1672233208858	OK	 
REQUEST		Update Redirect 1	1672233208600	1672233208858	OK	 
REQUEST		Update	1672233208619	1672233208859	OK	 
REQUEST		Update	1672233208602	1672233208859	OK	 
USER	User One	END	1672233208860
REQUEST		Search	1672233208599	1672233208864	OK	 
REQUEST		Update Redirect 1	1672233208598	1672233208864	OK	 
REQUEST		Home	1672233207895	1672233208865	OK	 
USER	User One	END	1672233208865
REQUEST		Update	1672233208634	1672233208895	OK	 
USER	User One	START	1672233208896
REQUEST		Search	1672233208645	1672233208903	OK	 
REQUEST		Update Redirect 1	1672233208661	1672233208933	OK	 
REQUEST		Update Redirect 1	1672233208661	1672233208934	OK	 
REQUEST		Update Redirect 1	1672233208663	1672233208935	OK	 
REQUEST		Update	1672233208664	1672233208936	OK	 
REQUEST		Home	1672233207957	1672233208936	OK	 
REQUEST		Search	1672233208664	1672233208937	OK	 
REQUEST		Update Redirect 1	1672233208663	1672233208938	OK	 
USER	User One	END	1672233208934
USER	User One	END	1672233208935
USER	User One	END	1672233208936
USER	User One	END	1672233208939
REQUEST		Update Redirect 1	1672233208668	1672233208943	OK	 
USER	User One	END	1672233208945
USER	User One	START	1672233208958
REQUEST		Search	1672233208717	1672233208980	OK	 
REQUEST		Home	1672233208003	1672233208993	OK	 
USER	User One	START	1672233209005
REQUEST		Search	1672233208787	1672233209018	OK	 
REQUEST		Update	1672233208772	1672233209018	OK	 
REQUEST		Home	1672233208049	1672233209026	OK	 
REQUEST		Update	1672233208788	1672233209037	OK	 
USER	User One	START	1672233209051
REQUEST		Home	1672233208112	1672233209068	OK	 
REQUEST		Select	1672233208799	1672233209069	OK	 
REQUEST		Search	1672233208818	1672233209080	OK	 
USER	User One	START	1672233209099
REQUEST		Select	1672233208818	1672233209140	OK	 
REQUEST		Update Redirect 1	1672233208858	1672233209142	OK	 
REQUEST		Home	1672233208159	1672233209146	OK	 
REQUEST		Update Redirect 1	1672233208860	1672233209148	OK	 
REQUEST		Update Redirect 1	1672233208859	1672233209153	OK	 
REQUEST		Update Redirect 1	1672233208857	1672233209154	OK	 
REQUEST		Select	1672233208880	1672233209159	OK	 
USER	User One	START	1672233209158
REQUEST		Select	1672233208880	1672233209162	OK	 
REQUEST		Select	1672233208880	1672233209162	OK	 
REQUEST		Select	1672233208880	1672233209165	OK	 
REQUEST		Home	1672233208206	1672233209168	OK	 
REQUEST		Search	1672233208896	1672233209170	OK	 
REQUEST		Update Redirect 1	1672233208895	1672233209169	OK	 
REQUEST		Search	1672233208896	1672233209170	OK	 
REQUEST		Select	1672233208880	1672233209171	OK	 
USER	User One	END	1672233209144
USER	User One	END	1672233209151
USER	User One	END	1672233209156
USER	User One	END	1672233209156
USER	User One	END	1672233209171
REQUEST		Update Redirect 1	1672233208936	1672233209183	OK	 
USER	User One	END	1672233209184
REQUEST		Home	1672233208253	1672233209185	OK	 
USER	User One	START	1672233209206
REQUEST		Search	1672233208958	1672233209212	OK	 
REQUEST		Home	1672233208300	1672233209213	OK	 
REQUEST		Select	1672233208983	1672233209253	OK	 
USER	User One	START	1672233209255
REQUEST		Select	1672233208990	1672233209262	OK	 
REQUEST		Update Redirect 1	1672233209019	1672233209275	OK	 
USER	User One	END	1672233209276
REQUEST		Search	1672233209027	1672233209277	OK	 
REQUEST		Search	1672233209036	1672233209290	OK	 
REQUEST		Select	1672233209052	1672233209293	OK	 
REQUEST		Update Redirect 1	1672233209037	1672233209293	OK	 
USER	User One	START	1672233209296
USER	User One	END	1672233209295
REQUEST		Home	1672233208347	1672233209300	OK	 
REQUEST		Select	1672233209063	1672233209305	OK	 
REQUEST		Update	1672233209070	1672233209319	OK	 
USER	User One	START	1672233209348
REQUEST		Search	1672233209130	1672233209373	OK	 
REQUEST		Select	1672233209130	1672233209380	OK	 
USER	User One	START	1672233209394
REQUEST		Search	1672233209168	1672233209415	OK	 
REQUEST		Update	1672233209141	1672233209416	OK	 
REQUEST		Update	1672233209160	1672233209419	OK	 
REQUEST		Update	1672233209166	1672233209419	OK	 
REQUEST		Update	1672233209164	1672233209421	OK	 
REQUEST		Update	1672233209172	1672233209421	OK	 
REQUEST		Home	1672233208409	1672233209423	OK	 
REQUEST		Update	1672233209164	1672233209424	OK	 
REQUEST		Select	1672233209193	1672233209438	OK	 
USER	User One	START	1672233209457
REQUEST		Home	1672233208457	1672233209460	OK	 
REQUEST		Select	1672233209224	1672233209495	OK	 
REQUEST		Search	1672233209240	1672233209496	OK	 
USER	User One	START	1672233209504
REQUEST		Search	1672233209255	1672233209509	OK	 
REQUEST		Update	1672233209254	1672233209508	OK	 
REQUEST		Update	1672233209263	1672233209513	OK	 
REQUEST		Home	1672233208504	1672233209517	OK	 
REQUEST		Home	1672233208551	1672233209519	OK	 
REQUEST		Search	1672233209286	1672233209530	OK	 
REQUEST		Update	1672233209295	1672233209542	OK	 
REQUEST		Select	1672233209286	1672233209542	OK	 
REQUEST		Update	1672233209306	1672233209547	OK	 
USER	User One	START	1672233209550
REQUEST		Home	1672233208599	1672233209564	OK	 
REQUEST		Update Redirect 1	1672233209320	1672233209583	OK	 
USER	User One	END	1672233209583
USER	User One	START	1672233209599
REQUEST		Search	1672233209364	1672233209609	OK	 
REQUEST		Select	1672233209364	1672233209621	OK	 
REQUEST		Update	1672233209380	1672233209621	OK	 
REQUEST		Select	1672233209364	1672233209627	OK	 
USER	User One	START	1672233209659
REQUEST		Search	1672233209411	1672233209672	OK	 
REQUEST		Home	1672233208647	1672233209672	OK	 
REQUEST		Update	1672233209439	1672233209672	OK	 
REQUEST		Home	1672233208705	1672233209673	OK	 
REQUEST		Update Redirect 1	1672233209420	1672233209674	OK	 
REQUEST		Update Redirect 1	1672233209422	1672233209675	OK	 
REQUEST		Update Redirect 1	1672233209420	1672233209674	OK	 
REQUEST		Select	1672233209426	1672233209677	OK	 
REQUEST		Update Redirect 1	1672233209418	1672233209678	OK	 
REQUEST		Update Redirect 1	1672233209422	1672233209679	OK	 
REQUEST		Home	1672233208756	1672233209680	OK	 
USER	User One	END	1672233209675
USER	User One	END	1672233209676
USER	User One	END	1672233209676
USER	User One	END	1672233209679
USER	User One	END	1672233209680
REQUEST		Update Redirect 1	1672233209425	1672233209681	OK	 
USER	User One	END	1672233209682
USER	User One	START	1672233209705
REQUEST		Search	1672233209457	1672233209723	OK	 
REQUEST		Update	1672233209496	1672233209740	OK	 
REQUEST		Select	1672233209497	1672233209747	OK	 
USER	User One	START	1672233209752
REQUEST		Update Redirect 1	1672233209509	1672233209762	OK	 
USER	User One	END	1672233209764
REQUEST		Update Redirect 1	1672233209513	1672233209764	OK	 
USER	User One	END	1672233209765
REQUEST		Select	1672233209535	1672233209782	OK	 
REQUEST		Update Redirect 1	1672233209542	1672233209786	OK	 
USER	User One	END	1672233209787
REQUEST		Update	1672233209543	1672233209797	OK	 
USER	User One	START	1672233209798
REQUEST		Home	1672233208803	1672233209812	OK	 
REQUEST		Home	1672233208850	1672233209812	OK	 
REQUEST		Update Redirect 1	1672233209547	1672233209812	OK	 
USER	User One	END	1672233209814
REQUEST		Search	1672233209550	1672233209821	OK	 
REQUEST		Select	1672233209581	1672233209843	OK	 
USER	User One	START	1672233209846
REQUEST		Search	1672233209596	1672233209854	OK	 
REQUEST		Search	1672233209612	1672233209854	OK	 
REQUEST		Home	1672233208896	1672233209858	OK	 
REQUEST		Update Redirect 1	1672233209622	1672233209875	OK	 
USER	User One	END	1672233209877
REQUEST		Update	1672233209622	1672233209879	OK	 
REQUEST		Home	1672233208959	1672233209901	OK	 
REQUEST		Update	1672233209628	1672233209903	OK	 
USER	User One	START	1672233209907
REQUEST		Update Redirect 1	1672233209673	1672233209928	OK	 
USER	User One	END	1672233209930
REQUEST		Update	1672233209678	1672233209940	OK	 
USER	User One	START	1672233209954
REQUEST		Search	1672233209705	1672233209959	OK	 
REQUEST		Select	1672233209705	1672233209974	OK	 
REQUEST		Select	1672233209701	1672233209974	OK	 
REQUEST		Home	1672233209052	1672233209978	OK	 
REQUEST		Home	1672233209006	1672233209979	OK	 
USER	User One	START	1672233209994
REQUEST		Update Redirect 1	1672233209741	1672233209995	OK	 
REQUEST		Search	1672233209752	1672233209996	OK	 
REQUEST		Update	1672233209748	1672233209996	OK	 
USER	User One	END	1672233209996
REQUEST		Select	1672233209752	1672233209998	OK	 
REQUEST		Home	1672233209099	1672233210040	OK	 
REQUEST		Update	1672233209783	1672233210040	OK	 
REQUEST		Update Redirect 1	1672233209798	1672233210043	OK	 
USER	User One	END	1672233210043
USER	User One	START	1672233210048
USER	User One	START	1672233210096
REQUEST		Search	1672233209830	1672233210097	OK	 
REQUEST		Update	1672233209844	1672233210097	OK	 
REQUEST		Select	1672233209845	1672233210104	OK	 
REQUEST		Home	1672233209158	1672233210104	OK	 
REQUEST		Select	1672233209846	1672233210111	OK	 
REQUEST		Search	1672233209846	1672233210117	OK	 
REQUEST		Select	1672233209862	1672233210132	OK	 
REQUEST		Update Redirect 1	1672233209880	1672233210143	OK	 
USER	User One	END	1672233210144
REQUEST		Search	1672233209881	1672233210145	OK	 
USER	User One	START	1672233210158
REQUEST		Select	1672233209909	1672233210168	OK	 
REQUEST		Search	1672233209902	1672233210171	OK	 
REQUEST		Update Redirect 1	1672233209903	1672233210179	OK	 
USER	User One	END	1672233210180
REQUEST		Search	1672233209939	1672233210181	OK	 
REQUEST		Home	1672233209206	1672233210181	OK	 
REQUEST		Home	1672233209255	1672233210216	OK	 
REQUEST		Select	1672233209969	1672233210217	OK	 
USER	User One	START	1672233210215
REQUEST		Update Redirect 1	1672233209941	1672233210220	OK	 
REQUEST		Search	1672233209978	1672233210220	OK	 
USER	User One	END	1672233210221
REQUEST		Update	1672233209975	1672233210223	OK	 
REQUEST		Update	1672233209975	1672233210223	OK	 
USER	User One	START	1672233210251
REQUEST		Update Redirect 1	1672233209996	1672233210252	OK	 
USER	User One	END	1672233210253
REQUEST		Update	1672233209999	1672233210257	OK	 
REQUEST		Home	1672233209297	1672233210261	OK	 
REQUEST		Update Redirect 1	1672233210041	1672233210291	OK	 
USER	User One	END	1672233210292
USER	User One	START	1672233210299
REQUEST		Search	1672233210064	1672233210329	OK	 
REQUEST		Select	1672233210064	1672233210343	OK	 
REQUEST		Select	1672233210082	1672233210343	OK	 
USER	User One	START	1672233210344
REQUEST		Home	1672233209395	1672233210345	OK	 
REQUEST		Home	1672233209348	1672233210345	OK	 
REQUEST		Update Redirect 1	1672233210097	1672233210345	OK	 
USER	User One	END	1672233210346
REQUEST		Update	1672233210105	1672233210357	OK	 
REQUEST		Update	1672233210133	1672233210378	OK	 
REQUEST		Update	1672233210111	1672233210378	OK	 
REQUEST		Search	1672233210127	1672233210378	OK	 
REQUEST		Select	1672233210144	1672233210408	OK	 
USER	User One	START	1672233210407
REQUEST		Update	1672233210169	1672233210420	OK	 
REQUEST		Home	1672233209458	1672233210429	OK	 
REQUEST		Search	1672233210176	1672233210430	OK	 
USER	User One	START	1672233210454
REQUEST		Update	1672233210218	1672233210472	OK	 
REQUEST		Home	1672233209504	1672233210473	OK	 
REQUEST		Search	1672233210216	1672233210476	OK	 
REQUEST		Select	1672233210219	1672233210476	OK	 
REQUEST		Update Redirect 1	1672233210223	1672233210486	OK	 
REQUEST		Update Redirect 1	1672233210224	1672233210486	OK	 
USER	User One	END	1672233210487
USER	User One	END	1672233210487
REQUEST		Select	1672233210235	1672233210489	OK	 
USER	User One	START	1672233210501
REQUEST		Update Redirect 1	1672233210257	1672233210503	OK	 
USER	User One	END	1672233210504
REQUEST		Select	1672233210267	1672233210510	OK	 
REQUEST		Home	1672233209550	1672233210529	OK	 
REQUEST		Search	1672233210299	1672233210547	OK	 
USER	User One	START	1672233210548
REQUEST		Select	1672233210325	1672233210572	OK	 
REQUEST		Search	1672233210314	1672233210576	OK	 
USER	User One	START	1672233210594
REQUEST		Update	1672233210344	1672233210597	OK	 
REQUEST		Update	1672233210344	1672233210598	OK	 
REQUEST		Home	1672233209599	1672233210612	OK	 
REQUEST		Update Redirect 1	1672233210357	1672233210612	OK	 
USER	User One	END	1672233210615
REQUEST		Search	1672233210358	1672233210616	OK	 
REQUEST		Home	1672233209659	1672233210618	OK	 
REQUEST		Update Redirect 1	1672233210378	1672233210633	OK	 
USER	User One	END	1672233210636
REQUEST		Update Redirect 1	1672233210378	1672233210639	OK	 
REQUEST		Search	1672233210391	1672233210639	OK	 
REQUEST		Select	1672233210391	1672233210642	OK	 
USER	User One	END	1672233210641
REQUEST		Home	1672233209705	1672233210647	OK	 
REQUEST		Update	1672233210408	1672233210655	OK	 
USER	User One	START	1672233210657
REQUEST		Update Redirect 1	1672233210420	1672233210674	OK	 
USER	User One	END	1672233210676
REQUEST		Select	1672233210429	1672233210694	OK	 
USER	User One	START	1672233210702
REQUEST		Search	1672233210470	1672233210719	OK	 
REQUEST		Update	1672233210477	1672233210722	OK	 
REQUEST		Update Redirect 1	1672233210473	1672233210722	OK	 
USER	User One	END	1672233210723
REQUEST		Home	1672233209752	1672233210728	OK	 
REQUEST		Update	1672233210490	1672233210744	OK	 
USER	User One	START	1672233210748
REQUEST		Home	1672233209798	1672233210755	OK	 
REQUEST		Update	1672233210511	1672233210758	OK	 
REQUEST		Search	1672233210530	1672233210762	OK	 
USER	User One	START	1672233210797
REQUEST		Home	1672233209846	1672233210797	OK	 
REQUEST		Select	1672233210547	1672233210798	OK	 
REQUEST		Search	1672233210548	1672233210803	OK	 
REQUEST		Select	1672233210564	1672233210803	OK	 
REQUEST		Select	1672233210548	1672233210806	OK	 
REQUEST		Update	1672233210573	1672233210850	OK	 
REQUEST		Home	1672233209907	1672233210852	OK	 
USER	User One	START	1672233210852
REQUEST		Update Redirect 1	1672233210598	1672233210854	OK	 
USER	User One	END	1672233210855
REQUEST		Update Redirect 1	1672233210599	1672233210858	OK	 
USER	User One	END	1672233210859
REQUEST		Home	1672233209954	1672233210895	OK	 
REQUEST		Select	1672233210642	1672233210900	OK	 
USER	User One	START	1672233210907
REQUEST		Update Redirect 1	1672233210656	1672233210950	OK	 
REQUEST		Update	1672233210643	1672233210950	OK	 
REQUEST		Select	1672233210671	1672233210951	OK	 
USER	User One	START	1672233210955
REQUEST		Search	1672233210671	1672233210957	OK	 
REQUEST		Search	1672233210671	1672233210957	OK	 
REQUEST		Home	1672233209995	1672233210959	OK	 
REQUEST		Update	1672233210695	1672233210960	OK	 
USER	User One	END	1672233210953
REQUEST		Select	1672233210717	1672233210968	OK	 
REQUEST		Update Redirect 1	1672233210722	1672233210975	OK	 
USER	User One	END	1672233210976
REQUEST		Search	1672233210722	1672233210994	OK	 
USER	User One	START	1672233210996
REQUEST		Search	1672233210748	1672233210997	OK	 
REQUEST		Update Redirect 1	1672233210744	1672233211005	OK	 
REQUEST		Update Redirect 1	1672233210758	1672233211005	OK	 
USER	User One	END	1672233211005
USER	User One	END	1672233211005
REQUEST		Home	1672233210048	1672233211021	OK	 
REQUEST		Select	1672233210796	1672233211038	OK	 
USER	User One	START	1672233211045
REQUEST		Update	1672233210804	1672233211054	OK	 
REQUEST		Update	1672233210798	1672233211054	OK	 
REQUEST		Search	1672233210811	1672233211054	OK	 
REQUEST		Home	1672233210096	1672233211067	OK	 
REQUEST		Update	1672233210807	1672233211067	OK	 
USER	User One	START	1672233211107
REQUEST		Update Redirect 1	1672233210850	1672233211122	OK	 
USER	User One	END	1672233211123
REQUEST		Search	1672233210875	1672233211125	OK	 
REQUEST		Select	1672233210875	1672233211125	OK	 
REQUEST		Home	1672233210158	1672233211128	OK	 
USER	User One	START	1672233211155
REQUEST		Update	1672233210901	1672233211171	OK	 
REQUEST		Select	1672233210907	1672233211173	OK	 
REQUEST		Search	1672233210937	1672233211174	OK	 
USER	User One	START	1672233211201
REQUEST		Update	1672233210968	1672233211211	OK	 
REQUEST		Update Redirect 1	1672233210950	1672233211212	OK	 
REQUEST		Update	1672233210952	1672233211211	OK	 
USER	User One	END	1672233211213
REQUEST		Select	1672233210953	1672233211218	OK	 
REQUEST		Home	1672233210299	1672233211221	OK	 
REQUEST		Home	1672233210251	1672233211221	OK	 
REQUEST		Home	1672233210215	1672233211222	OK	 
REQUEST		Update Redirect 1	1672233210961	1672233211223	OK	 
USER	User One	END	1672233211224
REQUEST		Select	1672233210982	1672233211237	OK	 
USER	User One	START	1672233211249
REQUEST		Search	1672233210999	1672233211260	OK	 
REQUEST		Select	1672233211030	1672233211269	OK	 
REQUEST		Update	1672233211039	1672233211279	OK	 
REQUEST		Search	1672233211030	1672233211279	OK	 
USER	User One	START	1672233211297
REQUEST		Home	1672233210344	1672233211300	OK	 
REQUEST		Update Redirect 1	1672233211054	1672233211300	OK	 
USER	User One	END	1672233211301
REQUEST		Update Redirect 1	1672233211054	1672233211315	OK	 
USER	User One	END	1672233211316
REQUEST		Search	1672233211076	1672233211333	OK	 
REQUEST		Update Redirect 1	1672233211067	1672233211333	OK	 
USER	User One	END	1672233211334
REQUEST		Select	1672233211092	1672233211335	OK	 
USER	User One	START	1672233211360
REQUEST		Home	1672233210407	1672233211372	OK	 
REQUEST		Update	1672233211126	1672233211384	OK	 
REQUEST		Search	1672233211155	1672233211402	OK	 
USER	User One	START	1672233211407
REQUEST		Search	1672233211170	1672233211412	OK	 
REQUEST		Update Redirect 1	1672233211171	1672233211413	OK	 
USER	User One	END	1672233211413
REQUEST		Select	1672233211173	1672233211431	OK	 
REQUEST		Search	1672233211186	1672233211432	OK	 
REQUEST		Home	1672233210454	1672233211432	OK	 
REQUEST		Update	1672233211173	1672233211432	OK	 
REQUEST		Select	1672233211186	1672233211439	OK	 
USER	User One	START	1672233211454
REQUEST		Search	1672233211216	1672233211456	OK	 
REQUEST		Update Redirect 1	1672233211213	1672233211456	OK	 
USER	User One	END	1672233211457
REQUEST		Update Redirect 1	1672233211212	1672233211459	OK	 
REQUEST		Update	1672233211219	1672233211459	OK	 
USER	User One	END	1672233211460
REQUEST		Select	1672233211216	1672233211462	OK	 
REQUEST		Home	1672233210501	1672233211468	OK	 
USER	User One	START	1672233211501
REQUEST		Update	1672233211238	1672233211501	OK	 
REQUEST		Update	1672233211269	1672233211510	OK	 
REQUEST		Home	1672233210595	1672233211514	OK	 
REQUEST		Home	1672233210548	1672233211525	OK	 
REQUEST		Update Redirect 1	1672233211279	1672233211525	OK	 
USER	User One	END	1672233211526
REQUEST		Select	1672233211279	1672233211531	OK	 
REQUEST		Select	1672233211296	1672233211531	OK	 
USER	User One	START	1672233211549
REQUEST		Search	1672233211311	1672233211573	OK	 
REQUEST		Update	1672233211335	1672233211585	OK	 
USER	User One	START	1672233211595
REQUEST		Home	1672233210658	1672233211618	OK	 
REQUEST		Home	1672233210702	1672233211637	OK	 
REQUEST		Select	1672233211375	1672233211650	OK	 
USER	User One	START	1672233211656
REQUEST		Select	1672233211423	1672233211661	OK	 
REQUEST		Update Redirect 1	1672233211385	1672233211661	OK	 
USER	User One	END	1672233211662
REQUEST		Update	1672233211431	1672233211673	OK	 
REQUEST		Update Redirect 1	1672233211433	1672233211684	OK	 
USER	User One	END	1672233211685
REQUEST		Update	1672233211440	1672233211693	OK	 
REQUEST		Home	1672233210748	1672233211693	OK	 
REQUEST		Search	1672233211439	1672233211693	OK	 
USER	User One	START	1672233211705
REQUEST		Update	1672233211462	1672233211729	OK	 
REQUEST		Update Redirect 1	1672233211460	1672233211730	OK	 
USER	User One	END	1672233211731
REQUEST		Search	1672233211469	1672233211745	OK	 
USER	User One	START	1672233211752
REQUEST		Select	1672233211501	1672233211756	OK	 
REQUEST		Home	1672233210797	1672233211756	OK	 
REQUEST		Update Redirect 1	1672233211502	1672233211759	OK	 
USER	User One	END	1672233211760
REQUEST		Select	1672233211517	1672233211762	OK	 
REQUEST		Update Redirect 1	1672233211510	1672233211766	OK	 
USER	User One	END	1672233211767
REQUEST		Update	1672233211532	1672233211775	OK	 
REQUEST		Search	1672233211525	1672233211776	OK	 
REQUEST		Update	1672233211532	1672233211793	OK	 
USER	User One	START	1672233211800
REQUEST		Select	1672233211533	1672233211811	OK	 
REQUEST		Search	1672233211532	1672233211815	OK	 
REQUEST		Search	1672233211580	1672233211825	OK	 
REQUEST		Update Redirect 1	1672233211585	1672233211840	OK	 
USER	User One	END	1672233211842
REQUEST		Home	1672233210853	1672233211842	OK	 
USER	User One	START	1672233211847
REQUEST		Select	1672233211610	1672233211877	OK	 
REQUEST		Home	1672233210907	1672233211889	OK	 
REQUEST		Update	1672233211651	1672233211893	OK	 
USER	User One	START	1672233211895
REQUEST		Update	1672233211662	1672233211908	OK	 
REQUEST		Update Redirect 1	1672233211674	1672233211925	OK	 
USER	User One	END	1672233211925
REQUEST		Home	1672233210956	1672233211928	OK	 
REQUEST		Select	1672233211686	1672233211929	OK	 
REQUEST		Search	1672233211688	1672233211929	OK	 
REQUEST		Search	1672233211688	1672233211949	OK	 
REQUEST		Search	1672233211688	1672233211949	OK	 
REQUEST		Update Redirect 1	1672233211693	1672233211954	OK	 
USER	User One	END	1672233211954
REQUEST		Home	1672233210996	1672233211955	OK	 
USER	User One	START	1672233211959
REQUEST		Update Redirect 1	1672233211729	1672233211993	OK	 
REQUEST		Select	1672233211731	1672233211993	OK	 
REQUEST		Home	1672233211045	1672233211993	OK	 
USER	User One	END	1672233211993
USER	User One	START	1672233212006
REQUEST		Update	1672233211756	1672233212007	OK	 
REQUEST		Update	1672233211763	1672233212007	OK	 
REQUEST		Update Redirect 1	1672233211775	1672233212020	OK	 
USER	User One	END	1672233212021
REQUEST		Home	1672233211107	1672233212052	OK	 
REQUEST		Update Redirect 1	1672233211794	1672233212053	OK	 
REQUEST		Update	1672233211812	1672233212052	OK	 
USER	User One	END	1672233212054
USER	User One	START	1672233212054
REQUEST		Search	1672233211816	1672233212081	OK	 
REQUEST		Search	1672233211816	1672233212082	OK	 
REQUEST		Select	1672233211832	1672233212083	OK	 
USER	User One	START	1672233212100
REQUEST		Select	1672233211863	1672233212105	OK	 
REQUEST		Select	1672233211861	1672233212110	OK	 
REQUEST		Home	1672233211155	1672233212112	OK	 
REQUEST		Update	1672233211877	1672233212121	OK	 
REQUEST		Search	1672233211863	1672233212121	OK	 
REQUEST		Home	1672233211201	1672233212133	OK	 
REQUEST		Update Redirect 1	1672233211893	1672233212145	OK	 
USER	User One	END	1672233212147
USER	User One	START	1672233212147
REQUEST		Update Redirect 1	1672233211908	1672233212166	OK	 
REQUEST		Search	1672233211911	1672233212167	OK	 
USER	User One	END	1672233212167
REQUEST		Update	1672233211930	1672233212173	OK	 
USER	User One	START	1672233212209
REQUEST		Select	1672233211974	1672233212237	OK	 
REQUEST		Search	1672233211990	1672233212237	OK	 
REQUEST		Search	1672233211990	1672233212237	OK	 
REQUEST		Home	1672233211249	1672233212239	OK	 
REQUEST		Select	1672233212006	1672233212241	OK	 
REQUEST		Update	1672233211994	1672233212241	OK	 
REQUEST		Update Redirect 1	1672233212007	1672233212252	OK	 
USER	User One	START	1672233212252
REQUEST		Home	1672233211297	1672233212253	OK	 
USER	User One	END	1672233212253
REQUEST		Update Redirect 1	1672233212007	1672233212253	OK	 
USER	User One	END	1672233212253
REQUEST		Update Redirect 1	1672233212053	1672233212293	OK	 
USER	User One	END	1672233212295
USER	User One	START	1672233212296
REQUEST		Search	1672233212051	1672233212298	OK	 
REQUEST		Home	1672233211360	1672233212310	OK	 
REQUEST		Update	1672233212083	1672233212339	OK	 
REQUEST		Home	1672233211407	1672233212340	OK	 
REQUEST		Select	1672233212099	1672233212343	OK	 
USER	User One	START	1672233212349
REQUEST		Update	1672233212106	1672233212358	OK	 
REQUEST		Search	1672233212110	1672233212371	OK	 
REQUEST		Update Redirect 1	1672233212121	1672233212384	OK	 
REQUEST		Home	1672233211454	1672233212384	OK	 
USER	User One	END	1672233212385
REQUEST		Update	1672233212111	1672233212386	OK	 
REQUEST		Select	1672233212122	1672233212390	OK	 
USER	User One	START	1672233212395
REQUEST		Select	1672233212146	1672233212398	OK	 
REQUEST		Update Redirect 1	1672233212173	1672233212432	OK	 
REQUEST		Select	1672233212177	1672233212433	OK	 
USER	User One	END	1672233212434
REQUEST		Select	1672233212192	1672233212451	OK	 
REQUEST		Search	1672233212192	1672233212456	OK	 
REQUEST		Home	1672233211501	1672233212456	OK	 
USER	User One	START	1672233212458
REQUEST		Select	1672233212224	1672233212466	OK	 
REQUEST		Search	1672233212224	1672233212479	OK	 
REQUEST		Update	1672233212237	1672233212489	OK	 
REQUEST		Update Redirect 1	1672233212241	1672233212495	OK	 
USER	User One	END	1672233212496
USER	User One	START	1672233212496
REQUEST		Update	1672233212241	1672233212499	OK	 
REQUEST		Home	1672233211549	1672233212530	OK	 
REQUEST		Search	1672233212273	1672233212531	OK	 
USER	User One	START	1672233212554
REQUEST		Home	1672233211595	1672233212571	OK	 
REQUEST		Select	1672233212334	1672233212583	OK	 
REQUEST		Update	1672233212344	1672233212597	OK	 
REQUEST		Update Redirect 1	1672233212340	1672233212598	OK	 
USER	User One	END	1672233212600
USER	User One	START	1672233212601
REQUEST		Search	1672233212349	1672233212609	OK	 
REQUEST		Search	1672233212349	1672233212615	OK	 
REQUEST		Update Redirect 1	1672233212359	1672233212623	OK	 
USER	User One	END	1672233212625
REQUEST		Select	1672233212379	1672233212631	OK	 
REQUEST		Home	1672233211656	1672233212635	OK	 
REQUEST		Update Redirect 1	1672233212386	1672233212641	OK	 
USER	User One	END	1672233212643
REQUEST		Update	1672233212399	1672233212645	OK	 
REQUEST		Update	1672233212391	1672233212645	OK	 
USER	User One	START	1672233212649
REQUEST		Update	1672233212453	1672233212693	OK	 
REQUEST		Search	1672233212442	1672233212693	OK	 
REQUEST		Update	1672233212434	1672233212694	OK	 
REQUEST		Select	1672233212435	1672233212695	OK	 
REQUEST		Home	1672233211705	1672233212697	OK	 
USER	User One	START	1672233212696
REQUEST		Update	1672233212467	1672233212713	OK	 
REQUEST		Home	1672233211752	1672233212727	OK	 
REQUEST		Search	1672233212489	1672233212733	OK	 
REQUEST		Select	1672233212479	1672233212734	OK	 
REQUEST		Home	1672233211800	1672233212735	OK	 
REQUEST		Update Redirect 1	1672233212490	1672233212735	OK	 
USER	User One	END	1672233212737
REQUEST		Update Redirect 1	1672233212499	1672233212743	OK	 
USER	User One	END	1672233212745
USER	User One	START	1672233212746
REQUEST		Home	1672233211847	1672233212761	OK	 
REQUEST		Search	1672233212531	1672233212790	OK	 
REQUEST		Select	1672233212551	1672233212793	OK	 
USER	User One	START	1672233212805
REQUEST		Update	1672233212584	1672233212836	OK	 
REQUEST		Select	1672233212584	1672233212852	OK	 
REQUEST		Update Redirect 1	1672233212598	1672233212852	OK	 
REQUEST		Home	1672233211895	1672233212853	OK	 
USER	User One	START	1672233212853
USER	User One	END	1672233212853
REQUEST		Update	1672233212632	1672233212871	OK	 
REQUEST		Search	1672233212616	1672233212872	OK	 
REQUEST		Select	1672233212632	1672233212891	OK	 
REQUEST		Search	1672233212632	1672233212891	OK	 
REQUEST		Update Redirect 1	1672233212645	1672233212892	OK	 
USER	User One	END	1672233212893
REQUEST		Select	1672233212648	1672233212897	OK	 
REQUEST		Update Redirect 1	1672233212645	1672233212897	OK	 
USER	User One	END	1672233212898
USER	User One	START	1672233212898
REQUEST		Search	1672233212664	1672233212938	OK	 
REQUEST		Update Redirect 1	1672233212694	1672233212938	OK	 
USER	User One	END	1672233212938
USER	User One	START	1672233212946
REQUEST		Home	1672233211959	1672233212949	OK	 
REQUEST		Update Redirect 1	1672233212694	1672233212953	OK	 
USER	User One	END	1672233212953
REQUEST		Update Redirect 1	1672233212713	1672233212965	OK	 
REQUEST		Update	1672233212696	1672233212965	OK	 
USER	User One	END	1672233212966
REQUEST		Home	1672233212006	1672233212977	OK	 
REQUEST		Select	1672233212727	1672233212992	OK	 
REQUEST		Search	1672233212742	1672233212997	OK	 
USER	User One	START	1672233213009
REQUEST		Search	1672233212757	1672233213011	OK	 
REQUEST		Update	1672233212735	1672233213011	OK	 
REQUEST		Select	1672233212773	1672233213028	OK	 
REQUEST		Home	1672233212100	1672233213028	OK	 
REQUEST		Home	1672233212055	1672233213032	OK	 
REQUEST		Update	1672233212794	1672233213038	OK	 
REQUEST		Search	1672233212804	1672233213046	OK	 
USER	User One	START	1672233213046
REQUEST		Select	1672233212807	1672233213063	OK	 
REQUEST		Update Redirect 1	1672233212836	1672233213091	OK	 
USER	User One	END	1672233213092
REQUEST		Search	1672233212854	1672233213101	OK	 
USER	User One	START	1672233213102
REQUEST		Home	1672233212147	1672233213109	OK	 
REQUEST		Update	1672233212852	1672233213115	OK	 
REQUEST		Home	1672233212209	1672233213117	OK	 
REQUEST		Update Redirect 1	1672233212872	1672233213119	OK	 
USER	User One	END	1672233213120
REQUEST		Update	1672233212891	1672233213131	OK	 
USER	User One	START	1672233213150
REQUEST		Search	1672233212898	1672233213153	OK	 
REQUEST		Update	1672233212897	1672233213153	OK	 
REQUEST		Home	1672233212252	1672233213193	OK	 
USER	User One	START	1672233213197
REQUEST		Select	1672233212962	1672233213209	OK	 
REQUEST		Search	1672233212962	1672233213215	OK	 
REQUEST		Select	1672233212962	1672233213220	OK	 
REQUEST		Update Redirect 1	1672233212965	1672233213223	OK	 
USER	User One	END	1672233213224
USER	User One	START	1672233213245
REQUEST		Home	1672233212297	1672233213251	OK	 
REQUEST		Select	1672233212997	1672233213251	OK	 
REQUEST		Update	1672233212992	1672233213252	OK	 
REQUEST		Select	1672233213010	1672233213253	OK	 
REQUEST		Update Redirect 1	1672233213011	1672233213254	OK	 
USER	User One	END	1672233213255
REQUEST		Search	1672233213025	1672233213285	OK	 
REQUEST		Update	1672233213028	1672233213294	OK	 
REQUEST		Home	1672233212349	1672233213299	OK	 
REQUEST		Select	1672233213057	1672233213300	OK	 
REQUEST		Update Redirect 1	1672233213039	1672233213305	OK	 
USER	User One	END	1672233213306
USER	User One	START	1672233213306
REQUEST		Update	1672233213063	1672233213309	OK	 
REQUEST		Home	1672233212395	1672233213341	OK	 
REQUEST		Search	1672233213072	1672233213342	OK	 
USER	User One	START	1672233213354
REQUEST		Home	1672233212459	1672233213362	OK	 
REQUEST		Update Redirect 1	1672233213115	1672233213369	OK	 
USER	User One	END	1672233213370
REQUEST		Update Redirect 1	1672233213132	1672233213392	OK	 
USER	User One	END	1672233213393
REQUEST		Search	1672233213134	1672233213395	OK	 
USER	User One	START	1672233213401
REQUEST		Update Redirect 1	1672233213153	1672233213412	OK	 
REQUEST		Select	1672233213135	1672233213412	OK	 
USER	User One	END	1672233213413
REQUEST		Select	1672233213181	1672233213432	OK	 
USER	User One	START	1672233213448
REQUEST		Update	1672233213209	1672233213457	OK	 
REQUEST		Home	1672233212496	1672233213470	OK	 
REQUEST		Search	1672233213229	1672233213481	OK	 
REQUEST		Update	1672233213220	1672233213492	OK	 
REQUEST		Search	1672233213229	1672233213494	OK	 
REQUEST		Search	1672233213229	1672233213495	OK	 
USER	User One	START	1672233213495
REQUEST		Update	1672233213252	1672233213496	OK	 
REQUEST		Update Redirect 1	1672233213252	1672233213497	OK	 
REQUEST		Home	1672233212554	1672233213498	OK	 
REQUEST		Update	1672233213253	1672233213498	OK	 
USER	User One	END	1672233213499
REQUEST		Select	1672233213266	1672233213517	OK	 
REQUEST		Update	1672233213301	1672233213538	OK	 
REQUEST		Update Redirect 1	1672233213295	1672233213538	OK	 
USER	User One	END	1672233213538
REQUEST		Select	1672233213283	1672233213549	OK	 
REQUEST		Home	1672233212601	1672233213551	OK	 
REQUEST		Search	1672233213306	1672233213557	OK	 
USER	User One	START	1672233213557
REQUEST		Update Redirect 1	1672233213309	1672233213571	OK	 
USER	User One	END	1672233213572
REQUEST		Select	1672233213338	1672233213598	OK	 
REQUEST		Home	1672233212649	1672233213605	OK	 
USER	User One	START	1672233213606
REQUEST		Search	1672233213385	1672233213654	OK	 
REQUEST		Home	1672233212696	1672233213654	OK	 
USER	User One	START	1672233213654
REQUEST		Update	1672233213412	1672233213656	OK	 
REQUEST		Select	1672233213417	1672233213662	OK	 
REQUEST		Select	1672233213417	1672233213672	OK	 
REQUEST		Update	1672233213432	1672233213682	OK	 
REQUEST		Home	1672233212746	1672233213684	OK	 
REQUEST		Select	1672233213448	1672233213684	OK	 
REQUEST		Search	1672233213433	1672233213685	OK	 
USER	User One	START	1672233213701
REQUEST		Select	1672233213464	1672233213704	OK	 
REQUEST		Update Redirect 1	1672233213458	1672233213714	OK	 
USER	User One	END	1672233213715
REQUEST		Search	1672233213471	1672233213738	OK	 
REQUEST		Update Redirect 1	1672233213493	1672233213740	OK	 
USER	User One	END	1672233213741
USER	User One	START	1672233213748
REQUEST		Update Redirect 1	1672233213497	1672233213752	OK	 
USER	User One	END	1672233213753
REQUEST		Update Redirect 1	1672233213499	1672233213754	OK	 
USER	User One	END	1672233213755
REQUEST		Update	1672233213517	1672233213765	OK	 
REQUEST		Home	1672233212805	1672233213767	OK	 
REQUEST		Search	1672233213527	1672233213771	OK	 
REQUEST		Search	1672233213527	1672233213782	OK	 
REQUEST		Update Redirect 1	1672233213538	1672233213802	OK	 
USER	User One	END	1672233213804
USER	User One	START	1672233213811
REQUEST		Update	1672233213550	1672233213812	OK	 
REQUEST		Home	1672233212853	1672233213813	OK	 
REQUEST		Select	1672233213575	1672233213826	OK	 
REQUEST		Update	1672233213599	1672233213849	OK	 
USER	User One	START	1672233213858
REQUEST		Search	1672233213621	1672233213899	OK	 
REQUEST		Home	1672233212898	1672233213900	OK	 
REQUEST		Search	1672233213655	1672233213901	OK	 
REQUEST		Home	1672233212946	1672233213903	OK	 
USER	User One	START	1672233213902
REQUEST		Update	1672233213662	1672233213904	OK	 
REQUEST		Update	1672233213673	1672233213911	OK	 
REQUEST		Home	1672233213009	1672233213912	OK	 
REQUEST		Update Redirect 1	1672233213656	1672233213914	OK	 
USER	User One	END	1672233213915
REQUEST		Update Redirect 1	1672233213683	1672233213919	OK	 
USER	User One	END	1672233213919
REQUEST		Update	1672233213685	1672233213920	OK	 
USER	User One	START	1672233213951
REQUEST		Search	1672233213701	1672233213953	OK	 
REQUEST		Select	1672233213701	1672233213957	OK	 
USER	User One	START	1672233214001
REQUEST		Update	1672233213705	1672233214039	OK	 
USER	User One	START	1672233214049
REQUEST		Home	1672233213046	1672233214050	OK	 
REQUEST		Home	1672233213102	1672233214051	OK	 
REQUEST		Search	1672233213763	1672233214051	OK	 
REQUEST		Select	1672233213747	1672233214060	OK	 
REQUEST		Select	1672233213779	1672233214061	OK	 
REQUEST		Update Redirect 1	1672233213765	1672233214061	OK	 
USER	User One	END	1672233214062
REQUEST		Update Redirect 1	1672233213812	1672233214065	OK	 
USER	User One	END	1672233214066
REQUEST		Update	1672233213827	1672233214082	OK	 
REQUEST		Select	1672233213842	1672233214082	OK	 
REQUEST		Select	1672233213826	1672233214084	OK	 
USER	User One	START	1672233214096
REQUEST		Update Redirect 1	1672233213850	1672233214099	OK	 
USER	User One	END	1672233214100
REQUEST		Home	1672233213150	1672233214112	OK	 
REQUEST		Search	1672233213857	1672233214122	OK	 
REQUEST		Search	1672233213889	1672233214143	OK	 
REQUEST		Home	1672233213197	1672233214153	OK	 
REQUEST		Update Redirect 1	1672233213920	1672233214154	OK	 
REQUEST		Update Redirect 1	1672233213905	1672233214155	OK	 
USER	User One	END	1672233214156
USER	User One	END	1672233214156
USER	User One	START	1672233214158
REQUEST		Update Redirect 1	1672233213912	1672233214166	OK	 
USER	User One	END	1672233214167
REQUEST		Select	1672233213937	1672233214182	OK	 
REQUEST		Search	1672233213937	1672233214197	OK	 
USER	User One	START	1672233214206
REQUEST		Select	1672233213952	1672233214219	OK	 
REQUEST		Select	1672233213952	1672233214222	OK	 
REQUEST		Search	1672233213968	1672233214231	OK	 
REQUEST		Update	1672233213960	1672233214231	OK	 
USER	User One	START	1672233214254
REQUEST		Search	1672233214000	1672233214258	OK	 
REQUEST		Update Redirect 1	1672233214040	1672233214291	OK	 
USER	User One	END	1672233214293
USER	User One	START	1672233214299
REQUEST		Home	1672233213245	1672233214308	OK	 
REQUEST		Update	1672233214060	1672233214309	OK	 
REQUEST		Home	1672233213307	1672233214311	OK	 
REQUEST		Search	1672233214064	1672233214316	OK	 
REQUEST		Update	1672233214062	1672233214318	OK	 
REQUEST		Home	1672233213354	1672233214332	OK	 
REQUEST		Update Redirect 1	1672233214082	1672233214332	OK	 
REQUEST		Update	1672233214082	1672233214332	OK	 
USER	User One	END	1672233214333
REQUEST		Update	1672233214085	1672233214340	OK	 
USER	User One	START	1672233214346
REQUEST		Home	1672233213401	1672233214356	OK	 
REQUEST		Select	1672233214087	1672233214356	OK	 
REQUEST		Select	1672233214096	1672233214357	OK	 
REQUEST		Search	1672233214112	1672233214372	OK	 
REQUEST		Select	1672233214127	1672233214385	OK	 
REQUEST		Search	1672233214143	1672233214408	OK	 
REQUEST		Home	1672233213448	1672233214408	OK	 
USER	User One	START	1672233214409
REQUEST		Select	1672233214168	1672233214421	OK	 
REQUEST		Home	1672233213495	1672233214428	OK	 
REQUEST		Update	1672233214183	1672233214437	OK	 
USER	User One	START	1672233214457
REQUEST		Update	1672233214222	1672233214464	OK	 
REQUEST		Update	1672233214220	1672233214464	OK	 
REQUEST		Select	1672233214239	1672233214479	OK	 
REQUEST		Update Redirect 1	1672233214231	1672233214488	OK	 
USER	User One	END	1672233214489
REQUEST		Select	1672233214253	1672233214498	OK	 
USER	User One	START	1672233214507
REQUEST		Search	1672233214253	1672233214511	OK	 
REQUEST		Search	1672233214268	1672233214531	OK	 
REQUEST		Home	1672233213557	1672233214533	OK	 
REQUEST		Select	1672233214301	1672233214549	OK	 
USER	User One	START	1672233214549
REQUEST		Search	1672233214314	1672233214555	OK	 
REQUEST		Update Redirect 1	1672233214309	1672233214557	OK	 
USER	User One	END	1672233214558
REQUEST		Home	1672233213606	1672233214565	OK	 
REQUEST		Update Redirect 1	1672233214319	1672233214572	OK	 
USER	User One	END	1672233214573
REQUEST		Update Redirect 1	1672233214332	1672233214575	OK	 
USER	User One	END	1672233214579
USER	User One	START	1672233214597
REQUEST		Search	1672233214346	1672233214611	OK	 
REQUEST		Update Redirect 1	1672233214340	1672233214611	OK	 
USER	User One	END	1672233214611
REQUEST		Select	1672233214372	1672233214613	OK	 
REQUEST		Update	1672233214385	1672233214623	OK	 
REQUEST		Update	1672233214357	1672233214623	OK	 
REQUEST		Home	1672233213654	1672233214623	OK	 
REQUEST		Update	1672233214356	1672233214623	OK	 
REQUEST		Search	1672233214394	1672233214632	OK	 
USER	User One	START	1672233214659
REQUEST		Update	1672233214422	1672233214689	OK	 
REQUEST		Home	1672233213701	1672233214690	OK	 
REQUEST		Update Redirect 1	1672233214438	1672233214690	OK	 
USER	User One	END	1672233214690
USER	User One	START	1672233214705
REQUEST		Update Redirect 1	1672233214465	1672233214707	OK	 
USER	User One	END	1672233214708
REQUEST		Search	1672233214465	1672233214708	OK	 
REQUEST		Home	1672233213811	1672233214710	OK	 
REQUEST		Update Redirect 1	1672233214465	1672233214710	OK	 
USER	User One	END	1672233214710
REQUEST		Select	1672233214464	1672233214719	OK	 
REQUEST		Update	1672233214480	1672233214719	OK	 
REQUEST		Update	1672233214498	1672233214733	OK	 
REQUEST		Select	1672233214487	1672233214750	OK	 
USER	User One	START	1672233214753
REQUEST		Home	1672233213748	1672233214773	OK	 
REQUEST		Home	1672233213858	1672233214787	OK	 
REQUEST		Search	1672233214533	1672233214798	OK	 
REQUEST		Update	1672233214550	1672233214798	OK	 
REQUEST		Select	1672233214533	1672233214798	OK	 
USER	User One	START	1672233214799
USER	User One	START	1672233214846
REQUEST		Home	1672233213902	1672233214852	OK	 
REQUEST		Search	1672233214581	1672233214853	OK	 
REQUEST		Select	1672233214611	1672233214853	OK	 
REQUEST		Update	1672233214614	1672233214853	OK	 
REQUEST		Update Redirect 1	1672233214623	1672233214867	OK	 
USER	User One	END	1672233214868
REQUEST		Select	1672233214622	1672233214869	OK	 
REQUEST		Update Redirect 1	1672233214624	1672233214869	OK	 
USER	User One	END	1672233214870
REQUEST		Update Redirect 1	1672233214623	1672233214873	OK	 
USER	User One	END	1672233214874
REQUEST		Search	1672233214643	1672233214909	OK	 
USER	User One	START	1672233214909
REQUEST		Home	1672233213952	1672233214919	OK	 
REQUEST		Select	1672233214697	1672233214940	OK	 
REQUEST		Update Redirect 1	1672233214690	1672233214940	OK	 
USER	User One	END	1672233214941
REQUEST		Home	1672233214001	1672233214950	OK	 
USER	User One	START	1672233214957
REQUEST		Update Redirect 1	1672233214719	1672233214959	OK	 
USER	User One	END	1672233214961
REQUEST		Search	1672233214706	1672233214961	OK	 
REQUEST		Update Redirect 1	1672233214734	1672233214971	OK	 
USER	User One	END	1672233214972
REQUEST		Update	1672233214719	1672233214978	OK	 
REQUEST		Search	1672233214737	1672233214991	OK	 
REQUEST		Home	1672233214049	1672233214995	OK	 
REQUEST		Select	1672233214737	1672233214995	OK	 
USER	User One	START	1672233214999
REQUEST		Search	1672233214737	1672233215001	OK	 
REQUEST		Search	1672233214768	1672233215012	OK	 
REQUEST		Update	1672233214750	1672233215019	OK	 
REQUEST		Update Redirect 1	1672233214798	1672233215047	OK	 
REQUEST		Select	1672233214798	1672233215048	OK	 
USER	User One	END	1672233215048
USER	User One	START	1672233215050
REQUEST		Update	1672233214798	1672233215055	OK	 
REQUEST		Home	1672233214096	1672233215093	OK	 
USER	User One	START	1672233215098
REQUEST		Update	1672233214854	1672233215099	OK	 
REQUEST		Update Redirect 1	1672233214854	1672233215100	OK	 
USER	User One	END	1672233215101
REQUEST		Search	1672233214862	1672233215113	OK	 
REQUEST		Home	1672233214159	1672233215121	OK	 
REQUEST		Update	1672233214870	1672233215122	OK	 
REQUEST		Select	1672233214873	1672233215123	OK	 
REQUEST		Select	1672233214892	1672233215133	OK	 
USER	User One	START	1672233215161
REQUEST		Home	1672233214206	1672233215164	OK	 
REQUEST		Select	1672233214941	1672233215192	OK	 
REQUEST		Home	1672233214254	1672233215193	OK	 
REQUEST		Update	1672233214940	1672233215193	OK	 
REQUEST		Search	1672233214957	1672233215203	OK	 
USER	User One	START	1672233215208
REQUEST		Update	1672233214995	1672233215240	OK	 
REQUEST		Home	1672233214299	1672233215241	OK	 
REQUEST		Update Redirect 1	1672233214978	1672233215241	OK	 
USER	User One	END	1672233215242
REQUEST		Search	1672233214979	1672233215245	OK	 
USER	User One	START	1672233215254
REQUEST		Select	1672233215000	1672233215261	OK	 
REQUEST		Select	1672233215019	1672233215264	OK	 
REQUEST		Search	1672233215035	1672233215280	OK	 
REQUEST		Update Redirect 1	1672233215020	1672233215282	OK	 
USER	User One	END	1672233215283
REQUEST		Search	1672233215035	1672233215284	OK	 
REQUEST		Select	1672233215051	1672233215295	OK	 
USER	User One	START	1672233215301
REQUEST		Update	1672233215048	1672233215308	OK	 
REQUEST		Home	1672233214346	1672233215311	OK	 
REQUEST		Update Redirect 1	1672233215055	1672233215317	OK	 
USER	User One	END	1672233215318
USER	User One	START	1672233215348
REQUEST		Select	1672233215113	1672233215353	OK	 
REQUEST		Update Redirect 1	1672233215100	1672233215353	OK	 
USER	User One	END	1672233215355
REQUEST		Search	1672233215113	1672233215368	OK	 
REQUEST		Search	1672233215129	1672233215373	OK	 
REQUEST		Home	1672233214409	1672233215373	OK	 
REQUEST		Update	1672233215123	1672233215381	OK	 
REQUEST		Home	1672233214457	1672233215381	OK	 
REQUEST		Update Redirect 1	1672233215123	1672233215381	OK	 
USER	User One	END	1672233215382
REQUEST		Update	1672233215133	1672233215383	OK	 
USER	User One	START	1672233215395
REQUEST		Select	1672233215162	1672233215414	OK	 
REQUEST		Update	1672233215193	1672233215441	OK	 
REQUEST		Update Redirect 1	1672233215194	1672233215452	OK	 
USER	User One	START	1672233215454
REQUEST		Search	1672233215194	1672233215457	OK	 
REQUEST		Home	1672233214507	1672233215458	OK	 
USER	User One	END	1672233215453
REQUEST		Update Redirect 1	1672233215240	1672233215479	OK	 
USER	User One	END	1672233215480
REQUEST		Select	1672233215223	1672233215491	OK	 
REQUEST		Search	1672233215254	1672233215494	OK	 
USER	User One	START	1672233215495
REQUEST		Update	1672233215262	1672233215511	OK	 
REQUEST		Home	1672233214549	1672233215512	OK	 
REQUEST		Update	1672233215264	1672233215515	OK	 
REQUEST		Home	1672233214597	1672233215528	OK	 
REQUEST		Select	1672233215286	1672233215533	OK	 
REQUEST		Update	1672233215296	1672233215537	OK	 
USER	User One	START	1672233215548
REQUEST		Update Redirect 1	1672233215308	1672233215549	OK	 
USER	User One	END	1672233215551
REQUEST		Search	1672233215301	1672233215551	OK	 
REQUEST		Update	1672233215354	1672233215588	OK	 
REQUEST		Search	1672233215348	1672233215594	OK	 
USER	User One	START	1672233215595
REQUEST		Search	1672233215364	1672233215614	OK	 
REQUEST		Home	1672233214659	1672233215615	OK	 
REQUEST		Select	1672233215348	1672233215616	OK	 
USER	User One	START	1672233215645
REQUEST		Update	1672233215415	1672233215653	OK	 
REQUEST		Home	1672233214705	1672233215654	OK	 
REQUEST		Update Redirect 1	1672233215383	1672233215654	OK	 
USER	User One	END	1672233215655
REQUEST		Update Redirect 1	1672233215382	1672233215665	OK	 
USER	User One	END	1672233215665
REQUEST		Select	1672233215402	1672233215671	OK	 
REQUEST		Update Redirect 1	1672233215442	1672233215684	OK	 
USER	User One	END	1672233215685
USER	User One	START	1672233215708
REQUEST		Home	1672233214753	1672233215740	OK	 
REQUEST		Select	1672233215488	1672233215749	OK	 
REQUEST		Select	1672233215496	1672233215749	OK	 
REQUEST		Update	1672233215492	1672233215749	OK	 
REQUEST		Search	1672233215472	1672233215750	OK	 
REQUEST		Select	1672233215497	1672233215754	OK	 
REQUEST		Search	1672233215504	1672233215754	OK	 
REQUEST		Update Redirect 1	1672233215516	1672233215754	OK	 
USER	User One	START	1672233215755
USER	User One	END	1672233215755
REQUEST		Update Redirect 1	1672233215511	1672233215765	OK	 
USER	User One	END	1672233215766
REQUEST		Home	1672233214799	1672233215767	OK	 
REQUEST		Update Redirect 1	1672233215537	1672233215782	OK	 
REQUEST		Update	1672233215533	1672233215782	OK	 
REQUEST		Home	1672233214846	1672233215783	OK	 
USER	User One	END	1672233215783
USER	User One	START	1672233215803
REQUEST		Search	1672233215552	1672233215811	OK	 
REQUEST		Select	1672233215568	1672233215822	OK	 
REQUEST		Update Redirect 1	1672233215588	1672233215830	OK	 
USER	User One	END	1672233215830
USER	User One	START	1672233215851
REQUEST		Search	1672233215614	1672233215857	OK	 
REQUEST		Home	1672233214909	1672233215863	OK	 
REQUEST		Update	1672233215619	1672233215872	OK	 
REQUEST		Home	1672233214957	1672233215895	OK	 
USER	User One	START	1672233215898
REQUEST		Search	1672233215655	1672233215902	OK	 
REQUEST		Update Redirect 1	1672233215654	1672233215902	OK	 
USER	User One	END	1672233215904
REQUEST		Select	1672233215657	1672233215916	OK	 
REQUEST		Update	1672233215672	1672233215922	OK	 
USER	User One	START	1672233215945
REQUEST		Search	1672233215692	1672233215971	OK	 
REQUEST		Select	1672233215692	1672233215973	OK	 
REQUEST		Home	1672233214999	1672233215979	OK	 
REQUEST		Home	1672233215050	1672233216000	OK	 
REQUEST		Select	1672233215740	1672233216002	OK	 
REQUEST		Update	1672233215750	1672233216008	OK	 
USER	User One	START	1672233216009
REQUEST		Update Redirect 1	1672233215750	1672233216012	OK	 
REQUEST		Update	1672233215755	1672233216013	OK	 
REQUEST		Update	1672233215750	1672233216014	OK	 
USER	User One	END	1672233216013
REQUEST		Home	1672233215098	1672233216024	OK	 
REQUEST		Search	1672233215771	1672233216024	OK	 
REQUEST		Update Redirect 1	1672233215782	1672233216032	OK	 
USER	User One	END	1672233216033
REQUEST		Select	1672233215787	1672233216039	OK	 
REQUEST		Select	1672233215787	1672233216039	OK	 
USER	User One	START	1672233216055
REQUEST		Update	1672233215822	1672233216065	OK	 
REQUEST		Search	1672233215819	1672233216065	OK	 
USER	User One	START	1672233216102
REQUEST		Home	1672233215161	1672233216130	OK	 
REQUEST		Update Redirect 1	1672233215873	1672233216131	OK	 
USER	User One	END	1672233216132
USER	User One	START	1672233216148
REQUEST		Select	1672233215913	1672233216162	OK	 
REQUEST		Select	1672233215903	1672233216162	OK	 
REQUEST		Home	1672233215208	1672233216162	OK	 
REQUEST		Search	1672233215913	1672233216163	OK	 
REQUEST		Search	1672233215913	1672233216164	OK	 
REQUEST		Search	1672233215913	1672233216166	OK	 
REQUEST		Update	1672233215917	1672233216166	OK	 
REQUEST		Update Redirect 1	1672233215923	1672233216188	OK	 
USER	User One	END	1672233216189
USER	User One	START	1672233216196
REQUEST		Select	1672233215961	1672233216221	OK	 
REQUEST		Home	1672233215254	1672233216227	OK	 
REQUEST		Update	1672233215974	1672233216232	OK	 
USER	User One	START	1672233216259
REQUEST		Update	1672233216003	1672233216269	OK	 
REQUEST		Update Redirect 1	1672233216009	1672233216274	OK	 
USER	User One	END	1672233216275
REQUEST		Update Redirect 1	1672233216014	1672233216291	OK	 
REQUEST		Update Redirect 1	1672233216014	1672233216291	OK	 
REQUEST		Search	1672233216055	1672233216292	OK	 
REQUEST		Home	1672233215301	1672233216292	OK	 
REQUEST		Update	1672233216039	1672233216292	OK	 
USER	User One	END	1672233216291
USER	User One	END	1672233216291
REQUEST		Search	1672233216055	1672233216295	OK	 
REQUEST		Select	1672233216055	1672233216295	OK	 
USER	User One	START	1672233216295
REQUEST		Update	1672233216039	1672233216301	OK	 
REQUEST		Home	1672233215348	1672233216309	OK	 
REQUEST		Update Redirect 1	1672233216065	1672233216309	OK	 
USER	User One	END	1672233216310
USER	User One	START	1672233216353
REQUEST		Search	1672233216112	1672233216372	OK	 
REQUEST		Home	1672233215395	1672233216372	OK	 
REQUEST		Select	1672233216133	1672233216385	OK	 
REQUEST		Select	1672233216148	1672233216391	OK	 
USER	User One	START	1672233216400
REQUEST		Update	1672233216162	1672233216405	OK	 
REQUEST		Update	1672233216163	1672233216412	OK	 
REQUEST		Search	1672233216162	1672233216412	OK	 
REQUEST		Update Redirect 1	1672233216167	1672233216434	OK	 
USER	User One	END	1672233216435
USER	User One	START	1672233216446
REQUEST		Home	1672233215495	1672233216466	OK	 
REQUEST		Select	1672233216210	1672233216472	OK	 
REQUEST		Update	1672233216221	1672233216479	OK	 
REQUEST		Home	1672233215454	1672233216480	OK	 
REQUEST		Home	1672233215548	1672233216487	OK	 
REQUEST		Select	1672233216237	1672233216487	OK	 
REQUEST		Update Redirect 1	1672233216232	1672233216498	OK	 
USER	User One	END	1672233216499
USER	User One	START	1672233216508
REQUEST		Select	1672233216260	1672233216510	OK	 
REQUEST		Update Redirect 1	1672233216269	1672233216532	OK	 
USER	User One	END	1672233216533
REQUEST		Update Redirect 1	1672233216292	1672233216549	OK	 
REQUEST		Update	1672233216295	1672233216549	OK	 
USER	User One	END	1672233216550
USER	User One	START	1672233216556
REQUEST		Home	1672233215595	1672233216559	OK	 
REQUEST		Update Redirect 1	1672233216301	1672233216560	OK	 
USER	User One	END	1672233216561
REQUEST		Select	1672233216322	1672233216563	OK	 
REQUEST		Search	1672233216322	1672233216569	OK	 
REQUEST		Search	1672233216322	1672233216577	OK	 
REQUEST		Search	1672233216338	1672233216589	OK	 
USER	User One	START	1672233216602
REQUEST		Home	1672233215645	1672233216620	OK	 
REQUEST		Search	1672233216369	1672233216621	OK	 
REQUEST		Select	1672233216372	1672233216621	OK	 
REQUEST		Update	1672233216385	1672233216638	OK	 
USER	User One	START	1672233216649
REQUEST		Update Redirect 1	1672233216406	1672233216652	OK	 
USER	User One	END	1672233216653
REQUEST		Update	1672233216391	1672233216655	OK	 
REQUEST		Update Redirect 1	1672233216412	1672233216656	OK	 
USER	User One	END	1672233216657
REQUEST		Select	1672233216412	1672233216665	OK	 
REQUEST		Search	1672233216412	1672233216666	OK	 
REQUEST		Home	1672233215708	1672233216681	OK	 
REQUEST		Search	1672233216431	1672233216685	OK	 
USER	User One	START	1672233216695
REQUEST		Home	1672233215755	1672233216711	OK	 
REQUEST		Update	1672233216473	1672233216720	OK	 
REQUEST		Home	1672233215803	1672233216729	OK	 
REQUEST		Update Redirect 1	1672233216479	1672233216729	OK	 
USER	User One	END	1672233216731
REQUEST		Update	1672233216487	1672233216734	OK	 
USER	User One	START	1672233216759
REQUEST		Update	1672233216511	1672233216771	OK	 
REQUEST		Select	1672233216524	1672233216775	OK	 
REQUEST		Select	1672233216533	1672233216786	OK	 
REQUEST		Search	1672233216539	1672233216790	OK	 
REQUEST		Select	1672233216557	1672233216805	OK	 
REQUEST		Update Redirect 1	1672233216550	1672233216805	OK	 
USER	User One	END	1672233216806
USER	User One	START	1672233216807
REQUEST		Home	1672233215851	1672233216808	OK	 
REQUEST		Update	1672233216564	1672233216818	OK	 
REQUEST		Search	1672233216571	1672233216829	OK	 
USER	User One	START	1672233216851
USER	User One	START	1672233216899
REQUEST		Home	1672233215898	1672233216903	OK	 
REQUEST		Update	1672233216622	1672233216907	OK	 
REQUEST		Select	1672233216633	1672233216907	OK	 
REQUEST		Select	1672233216618	1672233216907	OK	 
REQUEST		Search	1672233216633	1672233216908	OK	 
REQUEST		Update Redirect 1	1672233216656	1672233216909	OK	 
REQUEST		Update Redirect 1	1672233216639	1672233216910	OK	 
USER	User One	END	1672233216910
USER	User One	END	1672233216911
REQUEST		Home	1672233215945	1672233216920	OK	 
REQUEST		Update	1672233216666	1672233216932	OK	 
REQUEST		Search	1672233216695	1672233216944	OK	 
USER	User One	START	1672233216946
REQUEST		Search	1672233216712	1672233216959	OK	 
REQUEST		Select	1672233216711	1672233216965	OK	 
REQUEST		Update Redirect 1	1672233216721	1672233216968	OK	 
USER	User One	END	1672233216969
REQUEST		Home	1672233216009	1672233216977	OK	 
REQUEST		Update Redirect 1	1672233216734	1672233216977	OK	 
USER	User One	END	1672233216977
USER	User One	START	1672233217009
REQUEST		Home	1672233216055	1672233217020	OK	 
REQUEST		Update Redirect 1	1672233216772	1672233217024	OK	 
REQUEST		Home	1672233216102	1672233217025	OK	 
REQUEST		Update	1672233216775	1672233217025	OK	 
REQUEST		Search	1672233216774	1672233217025	OK	 
USER	User One	END	1672233217025
REQUEST		Search	1672233216791	1672233217026	OK	 
REQUEST		Update	1672233216786	1672233217032	OK	 
USER	User One	START	1672233217054
REQUEST		Update	1672233216806	1672233217077	OK	 
REQUEST		Update Redirect 1	1672233216818	1672233217077	OK	 
USER	User One	END	1672233217078
USER	User One	START	1672233217102
REQUEST		Select	1672233216806	1672233217104	OK	 
REQUEST		Search	1672233216867	1672233217122	OK	 
REQUEST		Select	1672233216867	1672233217131	OK	 
REQUEST		Update	1672233216907	1672233217170	OK	 
REQUEST		Search	1672233216921	1672233217171	OK	 
REQUEST		Home	1672233216196	1672233217171	OK	 
REQUEST		Update Redirect 1	1672233216907	1672233217171	OK	 
REQUEST		Update	1672233216907	1672233217171	OK	 
USER	User One	END	1672233217172
REQUEST		Home	1672233216148	1672233217178	OK	 
REQUEST		Select	1672233216911	1672233217180	OK	 
REQUEST		Update Redirect 1	1672233216932	1672233217180	OK	 
USER	User One	END	1672233217180
REQUEST		Home	1672233216259	1672233217204	OK	 
REQUEST		Search	1672233216962	1672233217205	OK	 
REQUEST		Update	1672233216965	1672233217205	OK	 
REQUEST		Select	1672233216975	1672233217217	OK	 
REQUEST		Select	1672233217024	1672233217260	OK	 
REQUEST		Select	1672233216992	1672233217260	OK	 
REQUEST		Select	1672233217009	1672233217262	OK	 
REQUEST		Search	1672233217009	1672233217263	OK	 
REQUEST		Home	1672233216295	1672233217270	OK	 
REQUEST		Update Redirect 1	1672233217025	1672233217270	OK	 
USER	User One	END	1672233217277
REQUEST		Update Redirect 1	1672233217032	1672233217277	OK	 
USER	User One	END	1672233217278
REQUEST		Home	1672233216353	1672233217313	OK	 
REQUEST		Update Redirect 1	1672233217078	1672233217330	OK	 
USER	User One	END	1672233217330
REQUEST		Search	1672233217102	1672233217354	OK	 
REQUEST		Select	1672233217118	1672233217365	OK	 
REQUEST		Update	1672233217104	1672233217365	OK	 
REQUEST		Update	1672233217132	1672233217379	OK	 
REQUEST		Search	1672233217134	1672233217389	OK	 
REQUEST		Search	1672233217166	1672233217421	OK	 
REQUEST		Update Redirect 1	1672233217171	1672233217422	OK	 
REQUEST		Home	1672233216400	1672233217422	OK	 
USER	User One	END	1672233217423
REQUEST		Update Redirect 1	1672233217172	1672233217425	OK	 
USER	User One	END	1672233217426
REQUEST		Home	1672233216447	1672233217430	OK	 
REQUEST		Search	1672233217197	1672233217441	OK	 
REQUEST		Update	1672233217180	1672233217446	OK	 
REQUEST		Select	1672233217205	1672233217447	OK	 
REQUEST		Update Redirect 1	1672233217205	1672233217461	OK	 
REQUEST		Update	1672233217217	1672233217461	OK	 
USER	User One	END	1672233217462
REQUEST		Home	1672233216508	1672233217465	OK	 
REQUEST		Search	1672233217243	1672233217503	OK	 
REQUEST		Home	1672233216556	1672233217509	OK	 
REQUEST		Update	1672233217260	1672233217509	OK	 
REQUEST		Update	1672233217262	1672233217509	OK	 
REQUEST		Select	1672233217259	1672233217521	OK	 
REQUEST		Update	1672233217260	1672233217520	OK	 
REQUEST		Select	1672233217288	1672233217539	OK	 
REQUEST		Select	1672233217290	1672233217542	OK	 
REQUEST		Search	1672233217313	1672233217571	OK	 
REQUEST		Home	1672233216602	1672233217572	OK	 
REQUEST		Home	1672233216649	1672233217605	OK	 
REQUEST		Select	1672233217384	1672233217618	OK	 
REQUEST		Update	1672233217365	1672233217618	OK	 
REQUEST		Update Redirect 1	1672233217365	1672233217621	OK	 
USER	User One	END	1672233217622
REQUEST		Select	1672233217379	1672233217629	OK	 
REQUEST		Search	1672233217379	1672233217629	OK	 
REQUEST		Update Redirect 1	1672233217379	1672233217630	OK	 
USER	User One	END	1672233217632
REQUEST		Search	1672233217384	1672233217635	OK	 
REQUEST		Home	1672233216696	1672233217660	OK	 
REQUEST		Home	1672233216759	1672233217703	OK	 
REQUEST		Update	1672233217448	1672233217704	OK	 
REQUEST		Update Redirect 1	1672233217462	1672233217709	OK	 
USER	User One	END	1672233217710
REQUEST		Update Redirect 1	1672233217447	1672233217711	OK	 
USER	User One	END	1672233217724
REQUEST		Select	1672233217462	1672233217732	OK	 
REQUEST		Search	1672233217462	1672233217734	OK	 
REQUEST		Select	1672233217503	1672233217740	OK	 
REQUEST		Update Redirect 1	1672233217509	1672233217749	OK	 
REQUEST		Update Redirect 1	1672233217509	1672233217753	OK	 
USER	User One	END	1672233217754
USER	User One	END	1672233217761
REQUEST		Search	1672233217521	1672233217771	OK	 
REQUEST		Update Redirect 1	1672233217521	1672233217772	OK	 
USER	User One	END	1672233217773
REQUEST		Update	1672233217521	1672233217780	OK	 
REQUEST		Home	1672233216852	1672233217780	OK	 
REQUEST		Update	1672233217539	1672233217782	OK	 
REQUEST		Search	1672233217541	1672233217810	OK	 
REQUEST		Update	1672233217542	1672233217810	OK	 
REQUEST		Select	1672233217557	1672233217810	OK	 
REQUEST		Home	1672233216807	1672233217822	OK	 
REQUEST		Home	1672233216899	1672233217837	OK	 
REQUEST		Select	1672233217603	1672233217862	OK	 
REQUEST		Search	1672233217618	1672233217870	OK	 
REQUEST		Update	1672233217619	1672233217878	OK	 
REQUEST		Update Redirect 1	1672233217619	1672233217880	OK	 
USER	User One	END	1672233217882
REQUEST		Select	1672233217619	1672233217891	OK	 
REQUEST		Update	1672233217629	1672233217891	OK	 
REQUEST		Search	1672233217661	1672233217918	OK	 
REQUEST		Home	1672233216946	1672233217918	OK	 
REQUEST		Update Redirect 1	1672233217705	1672233217959	OK	 
USER	User One	END	1672233217959
REQUEST		Update	1672233217741	1672233217980	OK	 
REQUEST		Update	1672233217733	1672233217984	OK	 
REQUEST		Home	1672233217009	1672233217989	OK	 
REQUEST		Search	1672233217744	1672233217989	OK	 
REQUEST		Select	1672233217760	1672233218019	OK	 
REQUEST		Search	1672233217776	1672233218019	OK	 
REQUEST		Select	1672233217760	1672233218019	OK	 
REQUEST		Home	1672233217054	1672233218038	OK	 
REQUEST		Update Redirect 1	1672233217810	1672233218050	OK	 
REQUEST		Update	1672233217811	1672233218050	OK	 
USER	User One	END	1672233218052
REQUEST		Update Redirect 1	1672233217782	1672233218052	OK	 
USER	User One	END	1672233218053
REQUEST		Search	1672233217792	1672233218062	OK	 
REQUEST		Home	1672233217102	1672233218063	OK	 
REQUEST		Update Redirect 1	1672233217780	1672233218063	OK	 
USER	User One	END	1672233218064
REQUEST		Select	1672233217823	1672233218076	OK	 
REQUEST		Update	1672233217863	1672233218122	OK	 
REQUEST		Update Redirect 1	1672233217878	1672233218134	OK	 
REQUEST		Select	1672233217869	1672233218137	OK	 
REQUEST		Update	1672233217892	1672233218137	OK	 
REQUEST		Search	1672233217871	1672233218138	OK	 
REQUEST		Update Redirect 1	1672233217892	1672233218138	OK	 
USER	User One	END	1672233218136
USER	User One	END	1672233218141
REQUEST		Search	1672233217902	1672233218142	OK	 
REQUEST		Select	1672233217908	1672233218159	OK	 
REQUEST		Update Redirect 1	1672233217980	1672233218222	OK	 
USER	User One	END	1672233218223
REQUEST		Search	1672233217981	1672233218234	OK	 
REQUEST		Select	1672233217981	1672233218236	OK	 
REQUEST		Update Redirect 1	1672233217984	1672233218244	OK	 
USER	User One	END	1672233218245
REQUEST		Search	1672233218011	1672233218248	OK	 
REQUEST		Search	1672233218026	1672233218291	OK	 
REQUEST		Update	1672233218019	1672233218293	OK	 
REQUEST		Update	1672233218019	1672233218298	OK	 
REQUEST		Update Redirect 1	1672233218051	1672233218298	OK	 
USER	User One	END	1672233218299
REQUEST		Select	1672233218026	1672233218301	OK	 
REQUEST		Select	1672233218074	1672233218339	OK	 
REQUEST		Update	1672233218077	1672233218339	OK	 
REQUEST		Update Redirect 1	1672233218123	1672233218372	OK	 
USER	User One	END	1672233218372
REQUEST		Update	1672233218137	1672233218382	OK	 
REQUEST		Update Redirect 1	1672233218137	1672233218382	OK	 
USER	User One	END	1672233218382
REQUEST		Search	1672233218138	1672233218386	OK	 
REQUEST		Update	1672233218160	1672233218404	OK	 
REQUEST		Select	1672233218168	1672233218417	OK	 
REQUEST		Select	1672233218167	1672233218421	OK	 
REQUEST		Search	1672233218168	1672233218429	OK	 
REQUEST		Select	1672233218168	1672233218432	OK	 
REQUEST		Search	1672233218230	1672233218479	OK	 
REQUEST		Update	1672233218236	1672233218495	OK	 
REQUEST		Select	1672233218295	1672233218540	OK	 
REQUEST		Update Redirect 1	1672233218293	1672233218543	OK	 
USER	User One	END	1672233218545
REQUEST		Select	1672233218310	1672233218549	OK	 
REQUEST		Update Redirect 1	1672233218298	1672233218550	OK	 
REQUEST		Update	1672233218302	1672233218551	OK	 
USER	User One	END	1672233218552
REQUEST		Search	1672233218293	1672233218553	OK	 
REQUEST		Search	1672233218310	1672233218555	OK	 
REQUEST		Select	1672233218373	1672233218620	OK	 
REQUEST		Update	1672233218339	1672233218620	OK	 
REQUEST		Update Redirect 1	1672233218339	1672233218620	OK	 
USER	User One	END	1672233218622
REQUEST		Update Redirect 1	1672233218382	1672233218632	OK	 
USER	User One	END	1672233218634
REQUEST		Search	1672233218389	1672233218640	OK	 
REQUEST		Update Redirect 1	1672233218404	1672233218651	OK	 
USER	User One	END	1672233218653
REQUEST		Update	1672233218417	1672233218665	OK	 
REQUEST		Select	1672233218420	1672233218666	OK	 
REQUEST		Update	1672233218421	1672233218671	OK	 
REQUEST		Update	1672233218432	1672233218702	OK	 
REQUEST		Search	1672233218468	1672233218725	OK	 
REQUEST		Search	1672233218483	1672233218734	OK	 
REQUEST		Update Redirect 1	1672233218495	1672233218740	OK	 
USER	User One	END	1672233218742
REQUEST		Search	1672233218496	1672233218772	OK	 
REQUEST		Update	1672233218541	1672233218788	OK	 
REQUEST		Update	1672233218550	1672233218793	OK	 
REQUEST		Update Redirect 1	1672233218552	1672233218803	OK	 
USER	User One	END	1672233218805
REQUEST		Search	1672233218561	1672233218815	OK	 
REQUEST		Select	1672233218577	1672233218840	OK	 
REQUEST		Select	1672233218593	1672233218851	OK	 
REQUEST		Select	1672233218593	1672233218853	OK	 
REQUEST		Update	1672233218621	1672233218880	OK	 
REQUEST		Select	1672233218622	1672233218881	OK	 
REQUEST		Update Redirect 1	1672233218620	1672233218881	OK	 
USER	User One	END	1672233218883
REQUEST		Search	1672233218621	1672233218898	OK	 
REQUEST		Update	1672233218666	1672233218929	OK	 
REQUEST		Search	1672233218688	1672233218929	OK	 
REQUEST		Update Redirect 1	1672233218666	1672233218930	OK	 
USER	User One	END	1672233218932
REQUEST		Update Redirect 1	1672233218672	1672233218933	OK	 
REQUEST		Select	1672233218671	1672233218933	OK	 
REQUEST		Select	1672233218688	1672233218934	OK	 
USER	User One	END	1672233218934
REQUEST		Update Redirect 1	1672233218702	1672233218965	OK	 
USER	User One	END	1672233218966
REQUEST		Search	1672233218718	1672233218969	OK	 
REQUEST		Search	1672233218734	1672233218979	OK	 
REQUEST		Update Redirect 1	1672233218789	1672233219040	OK	 
USER	User One	END	1672233219041
REQUEST		Update Redirect 1	1672233218793	1672233219047	OK	 
USER	User One	END	1672233219049
REQUEST		Select	1672233218796	1672233219052	OK	 
REQUEST		Search	1672233218812	1672233219068	OK	 
REQUEST		Update	1672233218841	1672233219105	OK	 
REQUEST		Update	1672233218852	1672233219105	OK	 
REQUEST		Select	1672233218843	1672233219110	OK	 
REQUEST		Update	1672233218853	1672233219113	OK	 
REQUEST		Update	1672233218882	1672233219132	OK	 
REQUEST		Update Redirect 1	1672233218881	1672233219132	OK	 
USER	User One	END	1672233219133
REQUEST		Search	1672233218905	1672233219171	OK	 
REQUEST		Select	1672233218921	1672233219174	OK	 
REQUEST		Update Redirect 1	1672233218929	1672233219183	OK	 
REQUEST		Update	1672233218934	1672233219183	OK	 
USER	User One	END	1672233219185
REQUEST		Update	1672233218935	1672233219188	OK	 
REQUEST		Search	1672233218936	1672233219189	OK	 
REQUEST		Select	1672233218952	1672233219192	OK	 
REQUEST		Select	1672233218968	1672233219221	OK	 
REQUEST		Search	1672233218983	1672233219251	OK	 
REQUEST		Select	1672233219030	1672233219282	OK	 
REQUEST		Search	1672233219030	1672233219282	OK	 
REQUEST		Search	1672233219030	1672233219286	OK	 
REQUEST		Select	1672233219030	1672233219291	OK	 
REQUEST		Update	1672233219053	1672233219314	OK	 
REQUEST		Select	1672233219125	1672233219353	OK	 
REQUEST		Update Redirect 1	1672233219105	1672233219364	OK	 
USER	User One	END	1672233219365
REQUEST		Update Redirect 1	1672233219105	1672233219370	OK	 
USER	User One	END	1672233219372
REQUEST		Update	1672233219110	1672233219372	OK	 
REQUEST		Update Redirect 1	1672233219113	1672233219373	OK	 
USER	User One	END	1672233219374
REQUEST		Update Redirect 1	1672233219132	1672233219381	OK	 
USER	User One	END	1672233219383
REQUEST		Search	1672233219187	1672233219429	OK	 
REQUEST		Update	1672233219175	1672233219429	OK	 
REQUEST		Select	1672233219187	1672233219429	OK	 
REQUEST		Update Redirect 1	1672233219183	1672233219430	OK	 
USER	User One	END	1672233219432
REQUEST		Search	1672233219187	1672233219433	OK	 
REQUEST		Update Redirect 1	1672233219189	1672233219434	OK	 
USER	User One	END	1672233219436
REQUEST		Update	1672233219193	1672233219440	OK	 
REQUEST		Update	1672233219222	1672233219491	OK	 
REQUEST		Select	1672233219218	1672233219491	OK	 
REQUEST		Search	1672233219218	1672233219500	OK	 
REQUEST		Select	1672233219266	1672233219500	OK	 
REQUEST		Update	1672233219283	1672233219534	OK	 
REQUEST		Update	1672233219291	1672233219544	OK	 
REQUEST		Search	1672233219281	1672233219545	OK	 
REQUEST		Search	1672233219316	1672233219575	OK	 
REQUEST		Update Redirect 1	1672233219315	1672233219583	OK	 
USER	User One	END	1672233219585
REQUEST		Update	1672233219353	1672233219591	OK	 
REQUEST		Select	1672233219360	1672233219623	OK	 
REQUEST		Update Redirect 1	1672233219373	1672233219623	OK	 
USER	User One	END	1672233219625
REQUEST		Select	1672233219391	1672233219666	OK	 
REQUEST		Select	1672233219423	1672233219666	OK	 
REQUEST		Update	1672233219430	1672233219668	OK	 
REQUEST		Update Redirect 1	1672233219429	1672233219673	OK	 
USER	User One	END	1672233219679
REQUEST		Search	1672233219439	1672233219679	OK	 
REQUEST		Search	1672233219439	1672233219685	OK	 
REQUEST		Update Redirect 1	1672233219440	1672233219685	OK	 
USER	User One	END	1672233219687
REQUEST		Select	1672233219455	1672233219700	OK	 
REQUEST		Update Redirect 1	1672233219491	1672233219742	OK	 
REQUEST		Update	1672233219492	1672233219741	OK	 
REQUEST		Search	1672233219471	1672233219742	OK	 
USER	User One	END	1672233219743
REQUEST		Update	1672233219501	1672233219745	OK	 
REQUEST		Search	1672233219518	1672233219777	OK	 
REQUEST		Select	1672233219518	1672233219777	OK	 
REQUEST		Update Redirect 1	1672233219534	1672233219778	OK	 
USER	User One	END	1672233219779
REQUEST		Update Redirect 1	1672233219544	1672233219801	OK	 
USER	User One	END	1672233219802
REQUEST		Update Redirect 1	1672233219592	1672233219823	OK	 
USER	User One	END	1672233219824
REQUEST		Select	1672233219573	1672233219832	OK	 
REQUEST		Search	1672233219581	1672233219833	OK	 
REQUEST		Search	1672233219613	1672233219892	OK	 
REQUEST		Update	1672233219624	1672233219893	OK	 
REQUEST		Select	1672233219643	1672233219905	OK	 
REQUEST		Update	1672233219667	1672233219905	OK	 
REQUEST		Update Redirect 1	1672233219669	1672233219907	OK	 
REQUEST		Select	1672233219643	1672233219907	OK	 
USER	User One	END	1672233219908
REQUEST		Update	1672233219667	1672233219922	OK	 
REQUEST		Search	1672233219678	1672233219932	OK	 
REQUEST		Update	1672233219700	1672233219952	OK	 
REQUEST		Search	1672233219706	1672233219972	OK	 
REQUEST		Select	1672233219737	1672233219985	OK	 
REQUEST		Update Redirect 1	1672233219742	1672233219997	OK	 
REQUEST		Update Redirect 1	1672233219746	1672233219998	OK	 
USER	User One	END	1672233219998
USER	User One	END	1672233219999
REQUEST		Update	1672233219778	1672233220033	OK	 
REQUEST		Select	1672233219777	1672233220050	OK	 
REQUEST		Search	1672233219784	1672233220049	OK	 
REQUEST		Select	1672233219816	1672233220061	OK	 
REQUEST		Search	1672233219831	1672233220088	OK	 
REQUEST		Update	1672233219833	1672233220088	OK	 
REQUEST		Search	1672233219847	1672233220090	OK	 
REQUEST		Select	1672233219878	1672233220142	OK	 
REQUEST		Update Redirect 1	1672233219893	1672233220143	OK	 
USER	User One	END	1672233220145
REQUEST		Update	1672233219906	1672233220164	OK	 
REQUEST		Update Redirect 1	1672233219906	1672233220169	OK	 
REQUEST		Update	1672233219908	1672233220170	OK	 
REQUEST		Update Redirect 1	1672233219923	1672233220173	OK	 
REQUEST		Select	1672233219925	1672233220173	OK	 
USER	User One	END	1672233220171
USER	User One	END	1672233220175
REQUEST		Search	1672233219923	1672233220195	OK	 
REQUEST		Update Redirect 1	1672233219953	1672233220212	OK	 
USER	User One	END	1672233220213
REQUEST		Update	1672233219986	1672233220257	OK	 
REQUEST		Search	1672233220003	1672233220258	OK	 
REQUEST		Select	1672233220003	1672233220260	OK	 
REQUEST		Update Redirect 1	1672233220033	1672233220339	OK	 
REQUEST		Search	1672233220051	1672233220340	OK	 
REQUEST		Select	1672233220035	1672233220340	OK	 
REQUEST		Update	1672233220061	1672233220339	OK	 
USER	User One	END	1672233220341
REQUEST		Update	1672233220050	1672233220341	OK	 
REQUEST		Search	1672233220067	1672233220342	OK	 
REQUEST		Select	1672233220067	1672233220343	OK	 
REQUEST		Update Redirect 1	1672233220088	1672233220344	OK	 
USER	User One	END	1672233220345
REQUEST		Select	1672233220142	1672233220402	OK	 
REQUEST		Select	1672233220145	1672233220402	OK	 
REQUEST		Update	1672233220142	1672233220402	OK	 
REQUEST		Update Redirect 1	1672233220164	1672233220403	OK	 
USER	User One	END	1672233220404
REQUEST		Update Redirect 1	1672233220171	1672233220421	OK	 
USER	User One	END	1672233220422
REQUEST		Update	1672233220174	1672233220432	OK	 
REQUEST		Select	1672233220240	1672233220499	OK	 
REQUEST		Select	1672233220256	1672233220519	OK	 
REQUEST		Update	1672233220261	1672233220594	OK	 
REQUEST		Update Redirect 1	1672233220258	1672233220595	OK	 
REQUEST		Select	1672233220302	1672233220596	OK	 
USER	User One	END	1672233220596
REQUEST		Update Redirect 1	1672233220340	1672233220598	OK	 
USER	User One	END	1672233220599
REQUEST		Update	1672233220341	1672233220610	OK	 
REQUEST		Update Redirect 1	1672233220341	1672233220612	OK	 
REQUEST		Update	1672233220344	1672233220611	OK	 
USER	User One	END	1672233220612
REQUEST		Select	1672233220395	1672233220635	OK	 
REQUEST		Update	1672233220402	1672233220649	OK	 
REQUEST		Update	1672233220402	1672233220658	OK	 
REQUEST		Update Redirect 1	1672233220402	1672233220668	OK	 
USER	User One	END	1672233220669
REQUEST		Select	1672233220442	1672233220703	OK	 
REQUEST		Update Redirect 1	1672233220432	1672233220703	OK	 
USER	User One	END	1672233220704
REQUEST		Select	1672233220488	1672233220740	OK	 
REQUEST		Update	1672233220500	1672233220745	OK	 
REQUEST		Update	1672233220520	1672233220772	OK	 
REQUEST		Select	1672233220568	1672233220825	OK	 
REQUEST		Select	1672233220568	1672233220835	OK	 
REQUEST		Update Redirect 1	1672233220595	1672233220859	OK	 
USER	User One	END	1672233220861
REQUEST		Update	1672233220596	1672233220867	OK	 
REQUEST		Update Redirect 1	1672233220612	1672233220871	OK	 
USER	User One	END	1672233220873
REQUEST		Update Redirect 1	1672233220611	1672233220878	OK	 
USER	User One	END	1672233220879
REQUEST		Update	1672233220636	1672233220883	OK	 
REQUEST		Update Redirect 1	1672233220650	1672233220895	OK	 
USER	User One	END	1672233220897
REQUEST		Select	1672233220645	1672233220897	OK	 
REQUEST		Update Redirect 1	1672233220658	1672233220898	OK	 
USER	User One	END	1672233220900
REQUEST		Update	1672233220704	1672233220963	OK	 
REQUEST		Select	1672233220740	1672233221010	OK	 
REQUEST		Update Redirect 1	1672233220745	1672233221012	OK	 
REQUEST		Update	1672233220741	1672233221013	OK	 
REQUEST		Select	1672233220740	1672233221014	OK	 
USER	User One	END	1672233221014
REQUEST		Update Redirect 1	1672233220773	1672233221016	OK	 
USER	User One	END	1672233221017
REQUEST		Select	1672233220787	1672233221049	OK	 
REQUEST		Select	1672233220818	1672233221069	OK	 
REQUEST		Update	1672233220826	1672233221092	OK	 
REQUEST		Update	1672233220836	1672233221102	OK	 
REQUEST		Update Redirect 1	1672233220867	1672233221119	OK	 
USER	User One	END	1672233221120
REQUEST		Update Redirect 1	1672233220884	1672233221139	OK	 
USER	User One	END	1672233221139
REQUEST		Update	1672233220898	1672233221143	OK	 
REQUEST		Select	1672233220912	1672233221183	OK	 
REQUEST		Select	1672233220944	1672233221202	OK	 
REQUEST		Update Redirect 1	1672233220963	1672233221218	OK	 
USER	User One	END	1672233221219
REQUEST		Select	1672233220976	1672233221222	OK	 
REQUEST		Select	1672233220991	1672233221259	OK	 
REQUEST		Update Redirect 1	1672233221013	1672233221259	OK	 
USER	User One	END	1672233221260
REQUEST		Update	1672233221011	1672233221265	OK	 
REQUEST		Update	1672233221014	1672233221270	OK	 
REQUEST		Update	1672233221050	1672233221322	OK	 
REQUEST		Select	1672233221084	1672233221335	OK	 
REQUEST		Update	1672233221069	1672233221339	OK	 
REQUEST		Update Redirect 1	1672233221092	1672233221340	OK	 
USER	User One	END	1672233221341
REQUEST		Update Redirect 1	1672233221102	1672233221344	OK	 
USER	User One	END	1672233221346
REQUEST		Update Redirect 1	1672233221143	1672233221413	OK	 
USER	User One	END	1672233221414
REQUEST		Update	1672233221183	1672233221437	OK	 
REQUEST		Select	1672233221180	1672233221446	OK	 
REQUEST		Update	1672233221203	1672233221452	OK	 
REQUEST		Select	1672233221196	1672233221457	OK	 
REQUEST		Update	1672233221223	1672233221489	OK	 
REQUEST		Select	1672233221258	1672233221505	OK	 
REQUEST		Update	1672233221260	1672233221507	OK	 
REQUEST		Update Redirect 1	1672233221265	1672233221507	OK	 
USER	User One	END	1672233221510
REQUEST		Update Redirect 1	1672233221270	1672233221514	OK	 
USER	User One	END	1672233221515
REQUEST		Select	1672233221290	1672233221554	OK	 
REQUEST		Select	1672233221290	1672233221571	OK	 
REQUEST		Update Redirect 1	1672233221323	1672233221575	OK	 
USER	User One	END	1672233221577
REQUEST		Update	1672233221336	1672233221592	OK	 
REQUEST		Update Redirect 1	1672233221340	1672233221607	OK	 
USER	User One	END	1672233221609
REQUEST		Update Redirect 1	1672233221437	1672233221690	OK	 
REQUEST		Select	1672233221445	1672233221690	OK	 
USER	User One	END	1672233221691
REQUEST		Update Redirect 1	1672233221453	1672233221705	OK	 
USER	User One	END	1672233221706
REQUEST		Select	1672233221445	1672233221716	OK	 
REQUEST		Update	1672233221447	1672233221721	OK	 
REQUEST		Update	1672233221457	1672233221731	OK	 
REQUEST		Update Redirect 1	1672233221489	1672233221739	OK	 
USER	User One	END	1672233221741
REQUEST		Select	1672233221507	1672233221754	OK	 
REQUEST		Update Redirect 1	1672233221508	1672233221755	OK	 
REQUEST		Update	1672233221506	1672233221755	OK	 
USER	User One	END	1672233221756
REQUEST		Update	1672233221555	1672233221815	OK	 
REQUEST		Select	1672233221577	1672233221815	OK	 
REQUEST		Select	1672233221554	1672233221816	OK	 
REQUEST		Update	1672233221571	1672233221817	OK	 
REQUEST		Update Redirect 1	1672233221593	1672233221846	OK	 
USER	User One	END	1672233221847
REQUEST		Select	1672233221682	1672233221931	OK	 
REQUEST		Update	1672233221690	1672233221942	OK	 
REQUEST		Select	1672233221686	1672233221943	OK	 
REQUEST		Update	1672233221717	1672233221962	OK	 
REQUEST		Update Redirect 1	1672233221721	1672233221982	OK	 
USER	User One	END	1672233221982
REQUEST		Update Redirect 1	1672233221732	1672233221991	OK	 
USER	User One	END	1672233221992
REQUEST		Select	1672233221745	1672233221995	OK	 
REQUEST		Update	1672233221755	1672233222006	OK	 
REQUEST		Update Redirect 1	1672233221755	1672233222010	OK	 
USER	User One	END	1672233222011
REQUEST		Select	1672233221792	1672233222064	OK	 
REQUEST		Update	1672233221816	1672233222070	OK	 
REQUEST		Update Redirect 1	1672233221815	1672233222076	OK	 
REQUEST		Update Redirect 1	1672233221817	1672233222076	OK	 
USER	User One	END	1672233222077
USER	User One	END	1672233222077
REQUEST		Update	1672233221817	1672233222078	OK	 
REQUEST		Select	1672233221840	1672233222094	OK	 
REQUEST		Select	1672233221903	1672233222158	OK	 
REQUEST		Update	1672233221931	1672233222178	OK	 
REQUEST		Select	1672233221935	1672233222185	OK	 
REQUEST		Update Redirect 1	1672233221942	1672233222199	OK	 
USER	User One	END	1672233222200
REQUEST		Update Redirect 1	1672233221962	1672233222211	OK	 
USER	User One	END	1672233222212
REQUEST		Update	1672233221943	1672233222213	OK	 
REQUEST		Select	1672233221983	1672233222245	OK	 
REQUEST		Update Redirect 1	1672233222006	1672233222250	OK	 
USER	User One	END	1672233222251
REQUEST		Update	1672233221996	1672233222251	OK	 
REQUEST		Update Redirect 1	1672233222070	1672233222306	OK	 
USER	User One	END	1672233222307
REQUEST		Update	1672233222064	1672233222308	OK	 
REQUEST		Select	1672233222059	1672233222308	OK	 
REQUEST		Update Redirect 1	1672233222078	1672233222318	OK	 
USER	User One	END	1672233222319
REQUEST		Update	1672233222094	1672233222371	OK	 
REQUEST		Select	1672233222090	1672233222372	OK	 
REQUEST		Select	1672233222106	1672233222372	OK	 
REQUEST		Update	1672233222159	1672233222437	OK	 
REQUEST		Update Redirect 1	1672233222178	1672233222438	OK	 
USER	User One	END	1672233222439
REQUEST		Update	1672233222186	1672233222445	OK	 
REQUEST		Select	1672233222200	1672233222452	OK	 
REQUEST		Update Redirect 1	1672233222213	1672233222470	OK	 
USER	User One	END	1672233222472
REQUEST		Update	1672233222245	1672233222499	OK	 
REQUEST		Update Redirect 1	1672233222252	1672233222505	OK	 
USER	User One	END	1672233222506
REQUEST		Select	1672233222265	1672233222520	OK	 
REQUEST		Update Redirect 1	1672233222308	1672233222565	OK	 
USER	User One	END	1672233222567
REQUEST		Update	1672233222309	1672233222580	OK	 
REQUEST		Select	1672233222359	1672233222624	OK	 
REQUEST		Update Redirect 1	1672233222372	1672233222624	OK	 
REQUEST		Update	1672233222373	1672233222624	OK	 
REQUEST		Select	1672233222343	1672233222625	OK	 
USER	User One	END	1672233222625
REQUEST		Update	1672233222372	1672233222631	OK	 
REQUEST		Update Redirect 1	1672233222437	1672233222692	OK	 
USER	User One	END	1672233222692
REQUEST		Update	1672233222453	1672233222698	OK	 
REQUEST		Update Redirect 1	1672233222445	1672233222698	OK	 
USER	User One	END	1672233222699
REQUEST		Update Redirect 1	1672233222499	1672233222760	OK	 
USER	User One	END	1672233222762
REQUEST		Update	1672233222521	1672233222772	OK	 
REQUEST		Update Redirect 1	1672233222580	1672233222846	OK	 
USER	User One	END	1672233222847
REQUEST		Update Redirect 1	1672233222624	1672233222888	OK	 
USER	User One	END	1672233222889
REQUEST		Update	1672233222624	1672233222890	OK	 
REQUEST		Update	1672233222625	1672233222890	OK	 
REQUEST		Update Redirect 1	1672233222632	1672233222893	OK	 
USER	User One	END	1672233222895
REQUEST		Update Redirect 1	1672233222698	1672233222949	OK	 
USER	User One	END	1672233222950
REQUEST		Update Redirect 1	1672233222773	1672233223045	OK	 
USER	User One	END	1672233223046
REQUEST		Update Redirect 1	1672233222890	1672233223171	OK	 
USER	User One	END	1672233223172
REQUEST		Update Redirect 1	1672233222890	1672233223178	OK	 
USER	User One	END	1672233223179
