RUN	com.gatling.tests.orange3	orange3	1672233558102	 	3.6.1
USER	orange2	START	1672233559650
USER	orange2	START	1672233559650
USER	orange2	START	1672233559650
USER	orange2	START	1672233559652
USER	orange2	START	1672233559650
USER	orange2	START	1672233559650
USER	orange2	START	1672233559650
USER	orange2	START	1672233559650
USER	orange2	START	1672233559679
USER	orange2	START	1672233559681
REQUEST		request_0	1672233559674	1672233560721	OK	 
REQUEST		request_0	1672233559681	1672233560714	OK	 
REQUEST		request_0	1672233559674	1672233560701	OK	 
REQUEST		request_0	1672233559680	1672233560701	OK	 
REQUEST		request_0	1672233559674	1672233560737	OK	 
REQUEST		request_0	1672233559674	1672233560701	OK	 
REQUEST		request_0	1672233559674	1672233560845	OK	 
REQUEST		request_0	1672233559676	1672233560847	OK	 
REQUEST		request_0	1672233559674	1672233560867	OK	 
REQUEST		request_0	1672233559679	1672233560960	OK	 
REQUEST		favicon.ico?1666596668857	1672233560843	1672233561063	OK	 
REQUEST		favicon.ico?1666596668857	1672233560843	1672233561063	OK	 
REQUEST		favicon.ico?1666596668857	1672233560847	1672233561086	OK	 
REQUEST		favicon.ico?1666596668857	1672233560848	1672233561089	OK	 
REQUEST		favicon.ico?1666596668857	1672233560850	1672233561089	OK	 
REQUEST		favicon.ico?1666596668857	1672233560850	1672233561090	OK	 
REQUEST		favicon.ico?1666596668857	1672233560844	1672233561092	OK	 
REQUEST		favicon.ico?1666596668857	1672233560850	1672233561096	OK	 
REQUEST		favicon.ico?1666596668857	1672233560871	1672233561107	OK	 
REQUEST		request_9	1672233560847	1672233561187	OK	 
REQUEST		request_9	1672233560852	1672233561187	OK	 
REQUEST		request_9	1672233560852	1672233561208	OK	 
REQUEST		request_9	1672233560852	1672233561209	OK	 
REQUEST		favicon.ico?1666596668857	1672233560963	1672233561216	OK	 
REQUEST		request_9	1672233560853	1672233561406	OK	 
REQUEST		request_9	1672233560850	1672233561416	OK	 
REQUEST		request_9	1672233560848	1672233561420	OK	 
REQUEST		request_9	1672233560877	1672233561442	OK	 
REQUEST		request_9	1672233560850	1672233561442	OK	 
REQUEST		request_9	1672233560965	1672233561644	OK	 
REQUEST		request_2	1672233561072	1672233575208	OK	 
REQUEST		request_2	1672233561087	1672233576393	OK	 
REQUEST		request_2	1672233561072	1672233576431	OK	 
REQUEST		request_2	1672233561089	1672233576625	OK	 
REQUEST		request_2	1672233561217	1672233576715	OK	 
REQUEST		request_2	1672233561090	1672233577691	OK	 
REQUEST		request_2	1672233561092	1672233577737	OK	 
REQUEST		request_2	1672233561108	1672233578056	OK	 
REQUEST		request_2	1672233561097	1672233578409	OK	 
REQUEST		request_2	1672233561091	1672233578611	OK	 
REQUEST		request_1	1672233560850	1672233579704	OK	 
REQUEST		request_1	1672233560852	1672233582136	OK	 
REQUEST		request_1	1672233560852	1672233583020	OK	 
REQUEST		request_1	1672233560850	1672233583047	OK	 
REQUEST		app.css?1666596668857	1672233560851	1672233583675	OK	 
REQUEST		request_1	1672233560852	1672233583688	OK	 
REQUEST		request_1	1672233560852	1672233583729	OK	 
REQUEST		chunk-vendors.css?1666596668857	1672233560844	1672233583779	OK	 
REQUEST		app.css?1666596668857	1672233560848	1672233583846	OK	 
REQUEST		app.css?1666596668857	1672233560849	1672233583900	OK	 
REQUEST		chunk-vendors.css?1666596668857	1672233560844	1672233584210	OK	 
REQUEST		chunk-vendors.css?1666596668857	1672233560871	1672233584256	OK	 
REQUEST		request_1	1672233560847	1672233584336	OK	 
REQUEST		app.css?1666596668857	1672233560849	1672233584461	OK	 
REQUEST		chunk-vendors.css?1666596668857	1672233560851	1672233584500	OK	 
REQUEST		chunk-vendors.css?1666596668857	1672233560851	1672233584703	OK	 
REQUEST		chunk-vendors.css?1666596668857	1672233560849	1672233584776	OK	 
REQUEST		chunk-vendors.css?1666596668857	1672233560851	1672233584805	OK	 
REQUEST		chunk-vendors.css?1666596668857	1672233560849	1672233584818	OK	 
REQUEST		app.css?1666596668857	1672233560846	1672233584981	OK	 
REQUEST		chunk-vendors.css?1666596668857	1672233560848	1672233585527	OK	 
REQUEST		request_1	1672233560876	1672233585871	OK	 
REQUEST		request_1	1672233560846	1672233585951	OK	 
REQUEST		app.css?1666596668857	1672233560851	1672233585980	OK	 
REQUEST		app.css?1666596668857	1672233560851	1672233586031	OK	 
REQUEST		request_7	1672233584820	1672233586485	OK	 
REQUEST		request_7	1672233584777	1672233586833	OK	 
REQUEST		request_1	1672233560965	1672233586876	OK	 
REQUEST		request_7	1672233584807	1672233586877	OK	 
REQUEST		request_7	1672233585531	1672233586991	OK	 
REQUEST		request_7	1672233584984	1672233587065	OK	 
REQUEST		request_8	1672233586486	1672233587310	OK	 
REQUEST		request_8	1672233586836	1672233587630	OK	 
REQUEST		app.css?1666596668857	1672233560872	1672233587662	OK	 
REQUEST		request_8	1672233586878	1672233587686	OK	 
REQUEST		request_8	1672233586992	1672233587744	OK	 
REQUEST		request_8	1672233587065	1672233587766	OK	 
REQUEST		request_7	1672233585983	1672233587836	OK	 
REQUEST		request_7	1672233586033	1672233587901	OK	 
REQUEST		request_5	1672233583850	1672233587948	OK	 
REQUEST		app.css?1666596668857	1672233560845	1672233588174	OK	 
REQUEST		request_5	1672233584337	1672233588336	OK	 
REQUEST		request_5	1672233583912	1672233588354	OK	 
REQUEST		request_8	1672233587837	1672233588482	OK	 
REQUEST		request_8	1672233587902	1672233588562	OK	 
REQUEST		request_5	1672233583731	1672233588686	OK	 
REQUEST		request_5	1672233584463	1672233588803	OK	 
REQUEST		request_5	1672233584502	1672233588829	OK	 
REQUEST		request_5	1672233585872	1672233589035	OK	 
REQUEST		request_5	1672233584705	1672233589099	OK	 
REQUEST		request_7	1672233587667	1672233589425	OK	 
REQUEST		request_8	1672233589035	1672233589741	OK	 
REQUEST		request_7	1672233588180	1672233590010	OK	 
REQUEST		request_5	1672233585952	1672233590091	OK	 
REQUEST		request_8	1672233590010	1672233591210	OK	 
REQUEST		chunk-vendors.css?1666596668857	1672233560964	1672233592709	OK	 
REQUEST		app.css?1666596668857	1672233560964	1672233594228	OK	 
REQUEST		request_7	1672233594231	1672233595682	OK	 
REQUEST		request_8	1672233595683	1672233596365	OK	 
REQUEST		request_5	1672233592710	1672233596987	OK	 
REQUEST		chunk-vendors.js?1666596668857	1672233560847	1672233613255	OK	 
REQUEST		chunk-vendors.js?1666596668857	1672233560851	1672233614051	OK	 
REQUEST		chunk-vendors.js?1666596668857	1672233560850	1672233615275	OK	 
REQUEST		chunk-vendors.js?1666596668857	1672233560849	1672233615312	OK	 
REQUEST		app.js?1666596668857	1672233560847	1672233615381	OK	 
REQUEST		chunk-vendors.js?1666596668857	1672233560848	1672233616484	OK	 
REQUEST		chunk-vendors.js?1666596668857	1672233560872	1672233617063	OK	 
REQUEST		request_3	1672233576434	1672233617706	OK	 
REQUEST		app.js?1666596668857	1672233560873	1672233618122	OK	 
REQUEST		app.js?1666596668857	1672233560852	1672233620639	OK	 
REQUEST		app.js?1666596668857	1672233560850	1672233620853	KO	i.g.h.c.i.RequestTimeoutException: Request timeout to opensource-demo.orangehrmlive.com/78.136.60.48:443 after 60000 ms
REQUEST		chunk-vendors.js?1666596668857	1672233560845	1672233620860	KO	i.g.h.c.i.RequestTimeoutException: Request timeout to opensource-demo.orangehrmlive.com/78.136.60.48:443 after 60000 ms
REQUEST		app.js?1666596668857	1672233560849	1672233620861	KO	i.g.h.c.i.RequestTimeoutException: Request timeout to opensource-demo.orangehrmlive.com/78.136.60.48:443 after 60000 ms
REQUEST		app.js?1666596668857	1672233560850	1672233620861	KO	i.g.h.c.i.RequestTimeoutException: Request timeout to opensource-demo.orangehrmlive.com/78.136.60.48:443 after 60000 ms
REQUEST		chunk-vendors.js?1666596668857	1672233560851	1672233620862	KO	i.g.h.c.i.RequestTimeoutException: Request timeout to opensource-demo.orangehrmlive.com/78.136.60.48:443 after 60000 ms
REQUEST		app.js?1666596668857	1672233560852	1672233620863	KO	i.g.h.c.i.RequestTimeoutException: Request timeout to opensource-demo.orangehrmlive.com/78.136.60.48:443 after 60000 ms
REQUEST		chunk-vendors.js?1666596668857	1672233560851	1672233620863	KO	i.g.h.c.i.RequestTimeoutException: Request timeout to opensource-demo.orangehrmlive.com/78.136.60.48:443 after 60000 ms
REQUEST		app.js?1666596668857	1672233560852	1672233620865	KO	i.g.h.c.i.RequestTimeoutException: Request timeout to opensource-demo.orangehrmlive.com/78.136.60.48:443 after 60000 ms
REQUEST		app.js?1666596668857	1672233560846	1672233620865	KO	i.g.h.c.i.RequestTimeoutException: Request timeout to opensource-demo.orangehrmlive.com/78.136.60.48:443 after 60000 ms
REQUEST		chunk-vendors.js?1666596668857	1672233560965	1672233620969	KO	i.g.h.c.i.RequestTimeoutException: Request timeout to opensource-demo.orangehrmlive.com/78.136.60.48:443 after 60000 ms
REQUEST		app.js?1666596668857	1672233560965	1672233620971	KO	i.g.h.c.i.RequestTimeoutException: Request timeout to opensource-demo.orangehrmlive.com/78.136.60.48:443 after 60000 ms
REQUEST		request_3	1672233576629	1672233624738	OK	 
REQUEST		request_3	1672233575267	1672233625404	OK	 
REQUEST		request_3	1672233576718	1672233625416	OK	 
REQUEST		request_3	1672233577698	1672233625776	OK	 
REQUEST		request_3	1672233578412	1672233626013	OK	 
REQUEST		request_3	1672233578613	1672233626060	OK	 
REQUEST		request_3	1672233577743	1672233626534	OK	 
REQUEST		request_3	1672233578058	1672233626944	OK	 
REQUEST		request_4	1672233583680	1672233626986	OK	 
REQUEST		request_4	1672233582139	1672233627154	OK	 
REQUEST		request_4	1672233583690	1672233627353	OK	 
REQUEST		request_4	1672233579714	1672233627387	OK	 
REQUEST		request_4	1672233584258	1672233627488	OK	 
REQUEST		request_4	1672233584213	1672233627501	OK	 
REQUEST		request_4	1672233586878	1672233627827	OK	 
REQUEST		request_4	1672233583022	1672233627924	OK	 
REQUEST		request_4	1672233583049	1672233627931	OK	 
REQUEST		request_3	1672233576400	1672233627984	OK	 
REQUEST		request_4	1672233583781	1672233627990	OK	 
REQUEST		request_10	1672233644010	1672233644379	OK	 
REQUEST		request_10	1672233644170	1672233644530	OK	 
REQUEST		request_10	1672233644391	1672233644763	OK	 
REQUEST		request_10	1672233644502	1672233644859	OK	 
REQUEST		request_10	1672233644517	1672233644880	OK	 
REQUEST		request_10 Redirect 1	1672233644531	1672233644893	OK	 
REQUEST		chunk-vendors.js?1666596668857	1672233644901	1672233645105	OK	 
REQUEST		request_10	1672233644832	1672233645195	OK	 
REQUEST		request_10 Redirect 1	1672233644881	1672233645245	OK	 
REQUEST		request_11	1672233644903	1672233645260	OK	 
REQUEST		request_10 Redirect 1	1672233644859	1672233645260	OK	 
REQUEST		request_10	1672233644928	1672233645328	OK	 
REQUEST		request_10	1672233644943	1672233645333	OK	 
REQUEST		request_10	1672233644991	1672233645370	OK	 
REQUEST		request_10	1672233644991	1672233645388	OK	 
REQUEST		request_10 Redirect 1	1672233644387	1672233645427	OK	 
REQUEST		request_13	1672233645106	1672233645468	OK	 
REQUEST		app.js?1666596668857	1672233645266	1672233645533	OK	 
REQUEST		chunk-vendors.js?1666596668857	1672233645265	1672233645535	OK	 
REQUEST		request_10 Redirect 1	1672233645195	1672233645557	OK	 
REQUEST		request_13	1672233645266	1672233645629	OK	 
REQUEST		chunk-vendors.js?1666596668857	1672233645436	1672233645725	OK	 
REQUEST		request_11	1672233645266	1672233645746	OK	 
REQUEST		request_11	1672233645251	1672233645746	OK	 
REQUEST		app.js?1666596668857	1672233645436	1672233645757	OK	 
REQUEST		request_14	1672233645468	1672233645762	OK	 
REQUEST		request_10 Redirect 1	1672233644764	1672233645802	OK	 
REQUEST		request_14	1672233645533	1672233645816	OK	 
REQUEST		chunk-vendors.js?1666596668857	1672233645561	1672233645866	OK	 
REQUEST		favicon.ico?1666596668857	1672233644900	1672233645872	OK	 
REQUEST		app.js?1666596668857	1672233644902	1672233645895	OK	 
REQUEST		request_15	1672233645535	1672233646054	OK	 
REQUEST		request_11	1672233645437	1672233646106	OK	 
REQUEST		request_14	1672233645758	1672233646513	OK	 
REQUEST		request_16	1672233645630	1672233646557	KO	status.find.in(200,201,202,203,204,205,206,207,208,209,304), found 401
REQUEST		chunk-vendors.js?1666596668857	1672233645807	1672233646585	OK	 
REQUEST		app.js?1666596668857	1672233645807	1672233646589	OK	 
REQUEST		request_15	1672233645763	1672233646726	OK	 
REQUEST		request_11	1672233645563	1672233646742	OK	 
REQUEST		request_17	1672233645816	1672233646779	KO	status.find.in(200,201,202,203,204,205,206,207,208,209,304), found 401
REQUEST		request_13	1672233645725	1672233646785	OK	 
REQUEST		app.js?1666596668857	1672233645250	1672233646793	OK	 
REQUEST		chunk-vendors.css?1666596668857	1672233645265	1672233646799	OK	 
REQUEST		favicon.ico?1666596668857	1672233645248	1672233646815	OK	 
REQUEST		request_16	1672233645872	1672233646818	KO	status.find.in(200,201,202,203,204,205,206,207,208,209,304), found 401
REQUEST		favicon.ico?1666596668857	1672233645264	1672233646818	OK	 
REQUEST		request_13	1672233645866	1672233646818	OK	 
REQUEST		request_17	1672233645896	1672233646819	KO	status.find.in(200,201,202,203,204,205,206,207,208,209,304), found 401
REQUEST		request_15	1672233646054	1672233646895	OK	 
REQUEST		app.css?1666596668857	1672233645265	1672233646945	OK	 
REQUEST		request_11	1672233645808	1672233647055	OK	 
REQUEST		request_14	1672233646589	1672233647126	OK	 
REQUEST		request_15	1672233646513	1672233647176	OK	 
REQUEST		request_10 Redirect 1	1672233645329	1672233647177	OK	 
REQUEST		request_18	1672233646560	1672233647193	KO	status.find.in(200,201,202,203,204,205,206,207,208,209,304), found 401
REQUEST		request_10 Redirect 1	1672233645333	1672233647194	OK	 
REQUEST		request_10 Redirect 1	1672233645370	1672233647195	OK	 
REQUEST		favicon.ico?1666596668857	1672233645433	1672233647285	OK	 
REQUEST		request_14	1672233646816	1672233647349	OK	 
REQUEST		request_12	1672233644902	1672233647380	OK	 
REQUEST		request_14	1672233646819	1672233647381	OK	 
REQUEST		app.js?1666596668857	1672233645562	1672233647382	OK	 
REQUEST		request_10 Redirect 1	1672233645388	1672233647423	OK	 
REQUEST		favicon.ico?1666596668857	1672233645560	1672233647432	OK	 
REQUEST		request_15	1672233646727	1672233647442	OK	 
REQUEST		request_16	1672233646785	1672233647495	KO	status.find.in(200,201,202,203,204,205,206,207,208,209,304), found 401
REQUEST		request_20	1672233646800	1672233647510	KO	status.find.in(200,201,202,203,204,205,206,207,208,209,304), found 401
REQUEST		request_13	1672233646586	1672233647510	OK	 
REQUEST		chunk-vendors.css?1666596668857	1672233644900	1672233647515	OK	 
REQUEST		request_18	1672233646818	1672233647520	KO	status.find.in(200,201,202,203,204,205,206,207,208,209,304), found 401
REQUEST		request_21	1672233646818	1672233647529	KO	status.find.in(200,201,202,203,204,205,206,207,208,209,304), found 401
REQUEST		request_19	1672233646819	1672233647577	KO	status.find.in(200,201,202,203,204,205,206,207,208,209,304), found 401
REQUEST		request_19	1672233646779	1672233647588	KO	status.find.in(200,201,202,203,204,205,206,207,208,209,304), found 401
USER	orange2	END	1672233647595
REQUEST		chunk-vendors.js?1666596668857	1672233647186	1672233647694	OK	 
REQUEST		chunk-vendors.js?1666596668857	1672233647201	1672233647702	OK	 
REQUEST		app.js?1666596668857	1672233647186	1672233647702	OK	 
REQUEST		chunk-vendors.js?1666596668857	1672233647201	1672233647702	OK	 
REQUEST		app.js?1666596668857	1672233647201	1672233647705	OK	 
REQUEST		app.js?1666596668857	1672233647201	1672233647705	OK	 
REQUEST		request_15	1672233647126	1672233647714	OK	 
REQUEST		favicon.ico?1666596668857	1672233645805	1672233647735	OK	 
REQUEST		request_15	1672233647177	1672233647830	OK	 
REQUEST		request_17	1672233647285	1672233647928	KO	status.find.in(200,201,202,203,204,205,206,207,208,209,304), found 401
REQUEST		app.js?1666596668857	1672233647427	1672233647944	OK	 
REQUEST		request_15	1672233647349	1672233647999	OK	 
REQUEST		request_13	1672233646794	1672233648001	OK	 
REQUEST		request_16	1672233647383	1672233648056	KO	status.find.in(200,201,202,203,204,205,206,207,208,209,304), found 401
REQUEST		request_20	1672233647380	1672233648064	KO	status.find.in(200,201,202,203,204,205,206,207,208,209,304), found 401
REQUEST		request_21	1672233647442	1672233648134	KO	status.find.in(200,201,202,203,204,205,206,207,208,209,304), found 401
REQUEST		request_18	1672233647496	1672233648134	KO	status.find.in(200,201,202,203,204,205,206,207,208,209,304), found 401
REQUEST		request_15	1672233647382	1672233648134	OK	 
REQUEST		request_16	1672233647510	1672233648155	KO	status.find.in(200,201,202,203,204,205,206,207,208,209,304), found 401
REQUEST		request_11	1672233647188	1672233648177	OK	 
REQUEST		request_17	1672233647432	1672233648184	KO	status.find.in(200,201,202,203,204,205,206,207,208,209,304), found 401
REQUEST		request_11	1672233647202	1672233648206	OK	 
REQUEST		request_11	1672233647202	1672233648218	OK	 
REQUEST		request_14	1672233647702	1672233648223	OK	 
REQUEST		request_14	1672233647706	1672233648251	OK	 
REQUEST		request_14	1672233647706	1672233648254	OK	 
REQUEST		request_13	1672233647427	1672233648328	OK	 
REQUEST		request_17	1672233647735	1672233648397	KO	status.find.in(200,201,202,203,204,205,206,207,208,209,304), found 401
REQUEST		request_11	1672233647427	1672233648407	OK	 
REQUEST		request_12	1672233645251	1672233648432	OK	 
REQUEST		app.css?1666596668857	1672233644901	1672233648434	OK	 
USER	orange2	END	1672233648437
REQUEST		request_15	1672233647715	1672233648478	OK	 
REQUEST		request_14	1672233647945	1672233648479	OK	 
REQUEST		request_19	1672233647830	1672233648502	KO	status.find.in(200,201,202,203,204,205,206,207,208,209,304), found 401
REQUEST		chunk-vendors.css?1666596668857	1672233645249	1672233648565	OK	 
REQUEST		request_13	1672233647694	1672233648575	OK	 
REQUEST		request_13	1672233647702	1672233648576	OK	 
REQUEST		request_13	1672233647702	1672233648588	OK	 
REQUEST		request_20	1672233647929	1672233648592	KO	status.find.in(200,201,202,203,204,205,206,207,208,209,304), found 401
REQUEST		request_15	1672233647999	1672233648761	OK	 
REQUEST		request_18	1672233648056	1672233648805	KO	status.find.in(200,201,202,203,204,205,206,207,208,209,304), found 401
REQUEST		request_16	1672233648002	1672233648806	KO	status.find.in(200,201,202,203,204,205,206,207,208,209,304), found 401
REQUEST		request_21	1672233648135	1672233648821	KO	status.find.in(200,201,202,203,204,205,206,207,208,209,304), found 401
REQUEST		request_18	1672233648156	1672233648821	KO	status.find.in(200,201,202,203,204,205,206,207,208,209,304), found 401
REQUEST		request_15	1672233648135	1672233648874	OK	 
REQUEST		favicon.ico?1666596668857	1672233647199	1672233648874	OK	 
REQUEST		request_15	1672233648223	1672233648895	OK	 
REQUEST		request_19	1672233648184	1672233648935	KO	status.find.in(200,201,202,203,204,205,206,207,208,209,304), found 401
REQUEST		request_15	1672233648252	1672233648953	OK	 
REQUEST		favicon.ico?1666596668857	1672233647199	1672233648954	OK	 
REQUEST		request_15	1672233648254	1672233648966	OK	 
REQUEST		favicon.ico?1666596668857	1672233647184	1672233648980	OK	 
REQUEST		request_15	1672233648328	1672233649082	OK	 
REQUEST		request_19	1672233648397	1672233649139	KO	status.find.in(200,201,202,203,204,205,206,207,208,209,304), found 401
REQUEST		request_12	1672233645562	1672233649196	OK	 
REQUEST		request_17	1672233648432	1672233649216	KO	status.find.in(200,201,202,203,204,205,206,207,208,209,304), found 401
REQUEST		request_12	1672233645437	1672233649289	OK	 
REQUEST		request_20	1672233648478	1672233649305	KO	status.find.in(200,201,202,203,204,205,206,207,208,209,304), found 401
REQUEST		favicon.ico?1666596668857	1672233647426	1672233649305	OK	 
REQUEST		request_16	1672233648479	1672233649362	KO	status.find.in(200,201,202,203,204,205,206,207,208,209,304), found 401
REQUEST		request_18	1672233648567	1672233649425	KO	status.find.in(200,201,202,203,204,205,206,207,208,209,304), found 401
REQUEST		chunk-vendors.js?1666596668857	1672233647427	1672233649426	OK	 
REQUEST		request_16	1672233648575	1672233649445	KO	status.find.in(200,201,202,203,204,205,206,207,208,209,304), found 401
REQUEST		app.css?1666596668857	1672233647426	1672233649448	OK	 
REQUEST		request_16	1672233648576	1672233649456	KO	status.find.in(200,201,202,203,204,205,206,207,208,209,304), found 401
REQUEST		chunk-vendors.css?1666596668857	1672233647426	1672233649471	OK	 
REQUEST		chunk-vendors.css?1666596668857	1672233645561	1672233649501	OK	 
REQUEST		request_16	1672233648588	1672233649502	KO	status.find.in(200,201,202,203,204,205,206,207,208,209,304), found 401
REQUEST		request_19	1672233648762	1672233649587	KO	status.find.in(200,201,202,203,204,205,206,207,208,209,304), found 401
REQUEST		request_20	1672233648806	1672233649604	KO	status.find.in(200,201,202,203,204,205,206,207,208,209,304), found 401
REQUEST		request_21	1672233648822	1672233649609	KO	status.find.in(200,201,202,203,204,205,206,207,208,209,304), found 401
REQUEST		request_17	1672233648874	1672233649609	KO	status.find.in(200,201,202,203,204,205,206,207,208,209,304), found 401
REQUEST		request_20	1672233648807	1672233649618	KO	status.find.in(200,201,202,203,204,205,206,207,208,209,304), found 401
REQUEST		request_21	1672233648874	1672233649618	KO	status.find.in(200,201,202,203,204,205,206,207,208,209,304), found 401
REQUEST		app.css?1666596668857	1672233645435	1672233649632	OK	 
REQUEST		request_15	1672233648896	1672233649645	OK	 
REQUEST		request_17	1672233648980	1672233649662	KO	status.find.in(200,201,202,203,204,205,206,207,208,209,304), found 401
REQUEST		request_15	1672233648953	1672233649669	OK	 
REQUEST		request_15	1672233648966	1672233649671	OK	 
REQUEST		request_17	1672233648954	1672233649671	KO	status.find.in(200,201,202,203,204,205,206,207,208,209,304), found 401
REQUEST		app.css?1666596668857	1672233645249	1672233649695	OK	 
REQUEST		request_15	1672233649083	1672233649748	OK	 
REQUEST		request_21	1672233649217	1672233649780	KO	status.find.in(200,201,202,203,204,205,206,207,208,209,304), found 401
REQUEST		request_17	1672233649305	1672233649865	KO	status.find.in(200,201,202,203,204,205,206,207,208,209,304), found 401
REQUEST		request_18	1672233649363	1672233649903	KO	status.find.in(200,201,202,203,204,205,206,207,208,209,304), found 401
REQUEST		request_19	1672233649427	1672233649949	KO	status.find.in(200,201,202,203,204,205,206,207,208,209,304), found 401
REQUEST		request_18	1672233649456	1672233650070	KO	status.find.in(200,201,202,203,204,205,206,207,208,209,304), found 401
REQUEST		request_18	1672233649445	1672233650092	KO	status.find.in(200,201,202,203,204,205,206,207,208,209,304), found 401
REQUEST		request_18	1672233649503	1672233650092	KO	status.find.in(200,201,202,203,204,205,206,207,208,209,304), found 401
REQUEST		request_20	1672233649449	1672233650092	KO	status.find.in(200,201,202,203,204,205,206,207,208,209,304), found 401
REQUEST		request_21	1672233649471	1672233650125	KO	status.find.in(200,201,202,203,204,205,206,207,208,209,304), found 401
USER	orange2	END	1672233650128
REQUEST		request_12	1672233645807	1672233650167	OK	 
REQUEST		request_19	1672233649610	1672233650186	KO	status.find.in(200,201,202,203,204,205,206,207,208,209,304), found 401
REQUEST		request_19	1672233649646	1672233650226	KO	status.find.in(200,201,202,203,204,205,206,207,208,209,304), found 401
REQUEST		request_20	1672233649671	1672233650252	KO	status.find.in(200,201,202,203,204,205,206,207,208,209,304), found 401
REQUEST		request_20	1672233649671	1672233650252	KO	status.find.in(200,201,202,203,204,205,206,207,208,209,304), found 401
REQUEST		request_20	1672233649663	1672233650254	KO	status.find.in(200,201,202,203,204,205,206,207,208,209,304), found 401
REQUEST		request_19	1672233649669	1672233650256	KO	status.find.in(200,201,202,203,204,205,206,207,208,209,304), found 401
REQUEST		request_21	1672233650070	1672233650579	KO	status.find.in(200,201,202,203,204,205,206,207,208,209,304), found 401
REQUEST		request_21	1672233650092	1672233650609	KO	status.find.in(200,201,202,203,204,205,206,207,208,209,304), found 401
REQUEST		request_12	1672233647202	1672233650619	OK	 
REQUEST		request_21	1672233650092	1672233650621	KO	status.find.in(200,201,202,203,204,205,206,207,208,209,304), found 401
REQUEST		request_12	1672233647202	1672233650621	OK	 
REQUEST		app.css?1666596668857	1672233645561	1672233650626	OK	 
REQUEST		request_12	1672233647187	1672233650629	OK	 
USER	orange2	END	1672233650636
REQUEST		chunk-vendors.css?1666596668857	1672233645434	1672233652032	OK	 
USER	orange2	END	1672233652037
REQUEST		chunk-vendors.css?1666596668857	1672233645806	1672233652459	OK	 
REQUEST		app.css?1666596668857	1672233645806	1672233652474	OK	 
USER	orange2	END	1672233652477
REQUEST		chunk-vendors.css?1666596668857	1672233647200	1672233652919	OK	 
REQUEST		chunk-vendors.css?1666596668857	1672233647200	1672233652938	OK	 
REQUEST		app.css?1666596668857	1672233647185	1672233652970	OK	 
REQUEST		app.css?1666596668857	1672233647200	1672233653124	OK	 
USER	orange2	END	1672233653129
REQUEST		chunk-vendors.css?1666596668857	1672233647184	1672233653202	OK	 
USER	orange2	END	1672233653206
REQUEST		app.css?1666596668857	1672233647200	1672233653266	OK	 
USER	orange2	END	1672233653272
REQUEST		chunk-vendors.js?1666596668857	1672233645250	1672233653403	OK	 
USER	orange2	END	1672233653406
