RUN	com.gatling.tests.ComeSearchandEdit5	comesearchandedit5	1672233513286	 	3.6.1
USER	User One	START	1672233515194
USER	User One	START	1672233515101
USER	User One	START	1672233515147
USER	User One	START	1672233515054
USER	User One	START	1672233515006
USER	User One	START	1672233515257
USER	User One	START	1672233515304
USER	User One	START	1672233515352
USER	User One	START	1672233515399
USER	User One	START	1672233515447
USER	User One	START	1672233515495
USER	User One	START	1672233515558
USER	User One	START	1672233515606
USER	User One	START	1672233515654
USER	User One	START	1672233515702
USER	User One	START	1672233515750
USER	User One	START	1672233515798
USER	User One	START	1672233515845
USER	User One	START	1672233515907
USER	User One	START	1672233515954
USER	User One	START	1672233516002
USER	User One	START	1672233516047
USER	User One	START	1672233516095
USER	User One	START	1672233516159
USER	User One	START	1672233516205
REQUEST		Home	1672233515054	1672233516264	OK	 
REQUEST		Home	1672233515195	1672233516254	OK	 
REQUEST		Home	1672233515037	1672233516255	OK	 
REQUEST		Home	1672233515102	1672233516249	OK	 
REQUEST		Home	1672233515258	1672233516304	OK	 
REQUEST		Home	1672233515148	1672233516310	OK	 
REQUEST		Home	1672233515352	1672233516331	OK	 
REQUEST		Home	1672233515304	1672233516343	OK	 
USER	User One	START	1672233516430
REQUEST		Home	1672233515399	1672233516434	OK	 
USER	User One	START	1672233516435
USER	User One	START	1672233516439
REQUEST		Home	1672233515447	1672233516441	OK	 
USER	User One	START	1672233516443
USER	User One	START	1672233516449
REQUEST		Home	1672233515495	1672233516451	OK	 
USER	User One	START	1672233516502
USER	User One	START	1672233516550
USER	User One	START	1672233516598
USER	User One	START	1672233516646
REQUEST		Home	1672233515751	1672233516685	OK	 
REQUEST		Home	1672233515703	1672233516689	OK	 
REQUEST		Home	1672233515558	1672233516690	OK	 
REQUEST		Home	1672233515606	1672233516692	OK	 
USER	User One	START	1672233516695
REQUEST		Home	1672233515654	1672233516697	OK	 
USER	User One	START	1672233516756
USER	User One	START	1672233516803
USER	User One	START	1672233516851
USER	User One	START	1672233516898
REQUEST		Home	1672233515846	1672233516935	OK	 
USER	User One	START	1672233516946
REQUEST		Home	1672233515955	1672233516951	OK	 
REQUEST		Home	1672233516002	1672233516960	OK	 
REQUEST		Home	1672233515907	1672233516968	OK	 
REQUEST		Home	1672233515799	1672233516969	OK	 
USER	User One	START	1672233517010
REQUEST		Home	1672233516047	1672233517013	OK	 
USER	User One	START	1672233517040
REQUEST		Home	1672233516095	1672233517080	OK	 
REQUEST		Home	1672233516160	1672233517088	OK	 
USER	User One	START	1672233517103
USER	User One	START	1672233517150
USER	User One	START	1672233517196
USER	User One	START	1672233517244
REQUEST		Home	1672233516206	1672233517254	OK	 
USER	User One	START	1672233517291
USER	User One	START	1672233517354
REQUEST		Home	1672233516430	1672233517379	OK	 
USER	User One	START	1672233517403
REQUEST		Home	1672233516436	1672233517413	OK	 
REQUEST		Home	1672233516444	1672233517419	OK	 
USER	User One	START	1672233517450
REQUEST		Home	1672233516439	1672233517451	OK	 
REQUEST		Home	1672233516450	1672233517453	OK	 
USER	User One	START	1672233517496
REQUEST		Home	1672233516503	1672233517507	OK	 
REQUEST		Home	1672233516551	1672233517533	OK	 
USER	User One	START	1672233517544
REQUEST		Home	1672233516598	1672233517567	OK	 
USER	User One	START	1672233517591
REQUEST		Home	1672233516646	1672233517601	OK	 
USER	User One	START	1672233517653
REQUEST		Home	1672233516695	1672233517687	OK	 
USER	User One	START	1672233517700
REQUEST		Home	1672233516757	1672233517736	OK	 
REQUEST		Home	1672233516804	1672233517738	OK	 
USER	User One	START	1672233517748
USER	User One	START	1672233517796
REQUEST		Home	1672233516852	1672233517805	OK	 
USER	User One	START	1672233517843
REQUEST		Home	1672233516899	1672233517851	OK	 
USER	User One	START	1672233517892
REQUEST		Home	1672233516947	1672233517894	OK	 
USER	User One	START	1672233517953
REQUEST		Home	1672233517010	1672233517956	OK	 
USER	User One	START	1672233518002
REQUEST		Home	1672233517041	1672233518016	OK	 
USER	User One	START	1672233518048
REQUEST		Home	1672233517103	1672233518093	OK	 
USER	User One	START	1672233518095
USER	User One	START	1672233518143
REQUEST		Home	1672233517151	1672233518151	OK	 
USER	User One	START	1672233518190
REQUEST		Home	1672233517196	1672233518231	OK	 
REQUEST		Home	1672233517244	1672233518250	OK	 
USER	User One	START	1672233518253
REQUEST		Home	1672233517292	1672233518289	OK	 
USER	User One	START	1672233518301
REQUEST		Home	1672233517355	1672233518320	OK	 
USER	User One	START	1672233518349
USER	User One	START	1672233518396
USER	User One	START	1672233518444
REQUEST		Home	1672233517403	1672233518465	OK	 
USER	User One	START	1672233518491
REQUEST		Home	1672233517450	1672233518497	OK	 
REQUEST		Home	1672233517496	1672233518512	OK	 
REQUEST		Home	1672233517544	1672233518543	OK	 
REQUEST		Home	1672233517591	1672233518546	OK	 
USER	User One	START	1672233518554
USER	User One	START	1672233518600
USER	User One	START	1672233518648
REQUEST		Home	1672233517653	1672233518693	OK	 
REQUEST		Search	1672233518444	1672233518694	OK	 
REQUEST		Search	1672233518445	1672233518695	OK	 
REQUEST		Search	1672233518444	1672233518696	OK	 
USER	User One	START	1672233518696
REQUEST		Search	1672233518444	1672233518698	OK	 
REQUEST		Search	1672233518437	1672233518699	OK	 
REQUEST		Search	1672233518445	1672233518702	OK	 
REQUEST		Search	1672233518446	1672233518704	OK	 
REQUEST		Search	1672233518445	1672233518704	OK	 
REQUEST		Search	1672233518459	1672233518708	OK	 
REQUEST		Search	1672233518460	1672233518712	OK	 
REQUEST		Search	1672233518446	1672233518712	OK	 
USER	User One	START	1672233518743
REQUEST		Home	1672233517701	1672233518770	OK	 
REQUEST		Home	1672233517749	1672233518771	OK	 
REQUEST		Home	1672233517797	1672233518785	OK	 
USER	User One	START	1672233518790
REQUEST		Home	1672233517844	1672233518849	OK	 
USER	User One	START	1672233518853
USER	User One	START	1672233518902
REQUEST		Home	1672233517892	1672233518940	OK	 
USER	User One	START	1672233518943
REQUEST		Search	1672233518695	1672233518945	OK	 
REQUEST		Search	1672233518699	1672233518945	OK	 
REQUEST		Search	1672233518695	1672233518950	OK	 
REQUEST		Search	1672233518698	1672233518950	OK	 
REQUEST		Search	1672233518700	1672233518951	OK	 
USER	User One	START	1672233519012
REQUEST		Home	1672233517953	1672233519028	OK	 
REQUEST		Home	1672233518002	1672233519035	OK	 
REQUEST		Home	1672233518048	1672233519044	OK	 
USER	User One	START	1672233519043
REQUEST		Home	1672233518096	1672233519080	OK	 
USER	User One	START	1672233519091
REQUEST		Home	1672233518144	1672233519109	OK	 
USER	User One	START	1672233519153
REQUEST		Home	1672233518190	1672233519170	OK	 
REQUEST		Search	1672233518948	1672233519198	OK	 
USER	User One	START	1672233519202
REQUEST		Search	1672233518965	1672233519218	OK	 
REQUEST		Home	1672233518253	1672233519234	OK	 
REQUEST		Search	1672233518965	1672233519237	OK	 
REQUEST		Search	1672233518980	1672233519245	OK	 
USER	User One	START	1672233519247
REQUEST		Search	1672233518980	1672233519250	OK	 
REQUEST		Search	1672233519029	1672233519280	OK	 
REQUEST		Home	1672233518301	1672233519290	OK	 
USER	User One	START	1672233519296
REQUEST		Home	1672233518349	1672233519329	OK	 
REQUEST		Search	1672233519091	1672233519340	OK	 
USER	User One	START	1672233519341
REQUEST		Search	1672233519091	1672233519366	OK	 
REQUEST		Home	1672233518396	1672233519373	OK	 
USER	User One	START	1672233519389
REQUEST		Home	1672233518444	1672233519421	OK	 
REQUEST		Home	1672233518491	1672233519434	OK	 
USER	User One	START	1672233519453
REQUEST		Home	1672233518554	1672233519485	OK	 
USER	User One	START	1672233519501
REQUEST		Search	1672233519263	1672233519520	OK	 
USER	User One	START	1672233519548
REQUEST		Home	1672233518601	1672233519579	OK	 
USER	User One	START	1672233519595
REQUEST		Home	1672233518648	1672233519629	OK	 
USER	User One	START	1672233519644
REQUEST		Search	1672233519389	1672233519650	OK	 
REQUEST		Search	1672233519421	1672233519681	OK	 
REQUEST		Search	1672233519421	1672233519681	OK	 
USER	User One	START	1672233519692
REQUEST		Home	1672233518697	1672233519697	OK	 
REQUEST		Search	1672233519453	1672233519726	OK	 
REQUEST		Search	1672233519469	1672233519726	OK	 
USER	User One	START	1672233519739
REQUEST		Home	1672233518743	1672233519770	OK	 
REQUEST		Search	1672233519516	1672233519779	OK	 
REQUEST		Home	1672233518791	1672233519779	OK	 
USER	User One	START	1672233519803
REQUEST		Search	1672233519548	1672233519813	OK	 
REQUEST		Search	1672233519580	1672233519834	OK	 
REQUEST		Home	1672233518902	1672233519839	OK	 
USER	User One	START	1672233519851
REQUEST		Home	1672233518854	1672233519862	OK	 
REQUEST		Search	1672233519612	1672233519870	OK	 
USER	User One	START	1672233519899
REQUEST		Home	1672233518943	1672233519901	OK	 
REQUEST		Search	1672233519688	1672233519939	OK	 
USER	User One	START	1672233519947
REQUEST		Home	1672233519012	1672233519954	OK	 
REQUEST		Search	1672233519739	1672233519985	OK	 
USER	User One	START	1672233519995
REQUEST		Home	1672233519044	1672233519999	OK	 
REQUEST		Search	1672233519740	1672233519999	OK	 
USER	User One	START	1672233520043
REQUEST		Search	1672233519819	1672233520066	OK	 
REQUEST		Home	1672233519092	1672233520075	OK	 
USER	User One	START	1672233520091
REQUEST		Search	1672233519867	1672233520128	OK	 
REQUEST		Home	1672233519154	1672233520130	OK	 
REQUEST		Search	1672233519899	1672233520147	OK	 
USER	User One	START	1672233520148
REQUEST		Home	1672233519202	1672233520155	OK	 
USER	User One	START	1672233520201
REQUEST		Home	1672233519248	1672233520208	OK	 
REQUEST		Search	1672233519963	1672233520235	OK	 
USER	User One	START	1672233520249
REQUEST		Search	1672233520027	1672233520290	OK	 
REQUEST		Home	1672233519296	1672233520290	OK	 
REQUEST		Home	1672233519341	1672233520294	OK	 
USER	User One	START	1672233520296
USER	User One	START	1672233520343
REQUEST		Home	1672233519389	1672233520369	OK	 
REQUEST		Search	1672233520107	1672233520378	OK	 
REQUEST		Search	1672233520153	1672233520404	OK	 
USER	User One	START	1672233520407
REQUEST		Home	1672233519453	1672233520448	OK	 
USER	User One	START	1672233520455
REQUEST		Search	1672233520233	1672233520485	OK	 
REQUEST		Home	1672233519501	1672233520485	OK	 
USER	User One	START	1672233520501
REQUEST		Search	1672233520265	1672233520537	OK	 
USER	User One	START	1672233520548
REQUEST		Search	1672233520292	1672233520559	OK	 
REQUEST		Home	1672233519596	1672233520564	OK	 
REQUEST		Home	1672233519548	1672233520564	OK	 
REQUEST		Search	1672233520327	1672233520583	OK	 
USER	User One	START	1672233520595
REQUEST		Home	1672233519692	1672233520629	OK	 
REQUEST		Home	1672233519644	1672233520630	OK	 
USER	User One	START	1672233520642
REQUEST		Home	1672233519740	1672233520705	OK	 
USER	User One	START	1672233520706
REQUEST		Search	1672233520470	1672233520709	OK	 
REQUEST		Home	1672233519804	1672233520729	OK	 
REQUEST		Search	1672233520501	1672233520751	OK	 
USER	User One	START	1672233520753
REQUEST		Search	1672233520516	1672233520767	OK	 
REQUEST		Home	1672233519851	1672233520794	OK	 
REQUEST		Search	1672233520548	1672233520799	OK	 
USER	User One	START	1672233520801
REQUEST		Search	1672233520563	1672233520824	OK	 
USER	User One	START	1672233520848
REQUEST		Home	1672233519899	1672233520864	OK	 
USER	User One	START	1672233520895
USER	User One	START	1672233520942
REQUEST		Select	1672233520697	1672233520945	OK	 
REQUEST		Select	1672233520708	1672233520955	OK	 
REQUEST		Select	1672233520699	1672233520965	OK	 
REQUEST		Search	1672233520706	1672233520964	OK	 
REQUEST		Select	1672233520708	1672233520965	OK	 
REQUEST		Select	1672233520705	1672233520966	OK	 
REQUEST		Select	1672233520708	1672233520968	OK	 
REQUEST		Select	1672233520707	1672233520968	OK	 
REQUEST		Home	1672233519947	1672233520970	OK	 
REQUEST		Home	1672233519995	1672233520970	OK	 
REQUEST		Select	1672233520722	1672233520970	OK	 
REQUEST		Select	1672233520708	1672233520971	OK	 
REQUEST		Select	1672233520721	1672233520972	OK	 
REQUEST		Select	1672233520721	1672233520974	OK	 
USER	User One	START	1672233521005
REQUEST		Home	1672233520043	1672233521025	OK	 
REQUEST		Home	1672233520091	1672233521026	OK	 
REQUEST		Search	1672233520779	1672233521027	OK	 
REQUEST		Search	1672233520785	1672233521044	OK	 
USER	User One	START	1672233521052
REQUEST		Search	1672233520801	1672233521061	OK	 
REQUEST		Home	1672233520148	1672233521089	OK	 
USER	User One	START	1672233521100
REQUEST		Search	1672233520864	1672233521121	OK	 
USER	User One	START	1672233521148
REQUEST		Home	1672233520201	1672233521194	OK	 
REQUEST		Search	1672233520942	1672233521194	OK	 
USER	User One	START	1672233521195
REQUEST		Update	1672233520952	1672233521195	OK	 
REQUEST		Home	1672233520249	1672233521208	OK	 
REQUEST		Update	1672233520957	1672233521224	OK	 
REQUEST		Select	1672233520959	1672233521226	OK	 
REQUEST		Select	1672233520959	1672233521226	OK	 
REQUEST		Select	1672233520958	1672233521227	OK	 
REQUEST		Select	1672233520960	1672233521235	OK	 
USER	User One	START	1672233521244
REQUEST		Update	1672233520968	1672233521248	OK	 
REQUEST		Update	1672233520966	1672233521248	OK	 
REQUEST		Update	1672233520969	1672233521248	OK	 
REQUEST		Select	1672233520960	1672233521248	OK	 
REQUEST		Update	1672233520971	1672233521248	OK	 
REQUEST		Update	1672233520969	1672233521249	OK	 
REQUEST		Update	1672233520972	1672233521249	OK	 
REQUEST		Update	1672233520965	1672233521256	OK	 
REQUEST		Update	1672233520972	1672233521256	OK	 
REQUEST		Update	1672233520978	1672233521258	OK	 
REQUEST		Home	1672233520296	1672233521284	OK	 
REQUEST		Home	1672233520343	1672233521284	OK	 
REQUEST		Search	1672233521036	1672233521286	OK	 
REQUEST		Search	1672233521036	1672233521292	OK	 
USER	User One	START	1672233521292
REQUEST		Search	1672233521052	1672233521295	OK	 
REQUEST		Search	1672233521084	1672233521352	OK	 
USER	User One	START	1672233521354
REQUEST		Search	1672233521116	1672233521361	OK	 
REQUEST		Home	1672233520407	1672233521365	OK	 
USER	User One	START	1672233521402
REQUEST		Home	1672233520455	1672233521410	OK	 
REQUEST		Home	1672233520501	1672233521432	OK	 
REQUEST		Search	1672233521179	1672233521433	OK	 
USER	User One	START	1672233521443
REQUEST		Update Redirect 1	1672233521206	1672233521445	OK	 
USER	User One	END	1672233521448
REQUEST		Select	1672233521207	1672233521449	OK	 
REQUEST		Update	1672233521227	1672233521484	OK	 
REQUEST		Update Redirect 1	1672233521225	1672233521484	OK	 
REQUEST		Update	1672233521227	1672233521484	OK	 
USER	User One	END	1672233521485
REQUEST		Update	1672233521236	1672233521489	OK	 
REQUEST		Update	1672233521228	1672233521489	OK	 
USER	User One	START	1672233521497
REQUEST		Select	1672233521228	1672233521499	OK	 
REQUEST		Search	1672233521244	1672233521499	OK	 
REQUEST		Update Redirect 1	1672233521248	1672233521504	OK	 
REQUEST		Update	1672233521249	1672233521504	OK	 
REQUEST		Update Redirect 1	1672233521248	1672233521504	OK	 
REQUEST		Update Redirect 1	1672233521250	1672233521505	OK	 
REQUEST		Home	1672233520548	1672233521505	OK	 
REQUEST		Update Redirect 1	1672233521248	1672233521506	OK	 
REQUEST		Select	1672233521249	1672233521508	OK	 
REQUEST		Update Redirect 1	1672233521249	1672233521508	OK	 
REQUEST		Select	1672233521243	1672233521510	OK	 
REQUEST		Select	1672233521258	1672233521510	OK	 
REQUEST		Update Redirect 1	1672233521249	1672233521512	OK	 
REQUEST		Update Redirect 1	1672233521258	1672233521512	OK	 
REQUEST		Update Redirect 1	1672233521257	1672233521513	OK	 
USER	User One	END	1672233521505
USER	User One	END	1672233521505
USER	User One	END	1672233521506
USER	User One	END	1672233521506
USER	User One	END	1672233521509
USER	User One	END	1672233521513
USER	User One	END	1672233521513
USER	User One	END	1672233521514
REQUEST		Update Redirect 1	1672233521257	1672233521514	OK	 
REQUEST		Home	1672233520596	1672233521516	OK	 
USER	User One	END	1672233521515
REQUEST		Select	1672233521286	1672233521539	OK	 
USER	User One	START	1672233521543
REQUEST		Search	1672233521291	1672233521545	OK	 
REQUEST		Select	1672233521355	1672233521589	OK	 
USER	User One	START	1672233521592
REQUEST		Search	1672233521339	1672233521599	OK	 
REQUEST		Home	1672233520643	1672233521631	OK	 
REQUEST		Select	1672233521370	1672233521631	OK	 
REQUEST		Search	1672233521386	1672233521653	OK	 
USER	User One	START	1672233521653
REQUEST		Home	1672233520706	1672233521663	OK	 
REQUEST		Search	1672233521434	1672233521677	OK	 
REQUEST		Update	1672233521450	1672233521696	OK	 
REQUEST		Search	1672233521449	1672233521697	OK	 
USER	User One	START	1672233521698
REQUEST		Home	1672233520753	1672233521728	OK	 
REQUEST		Update Redirect 1	1672233521485	1672233521734	OK	 
USER	User One	END	1672233521735
REQUEST		Search	1672233521497	1672233521743	OK	 
REQUEST		Update Redirect 1	1672233521485	1672233521743	OK	 
USER	User One	START	1672233521744
REQUEST		Update Redirect 1	1672233521489	1672233521745	OK	 
USER	User One	END	1672233521744
USER	User One	END	1672233521747
REQUEST		Home	1672233520801	1672233521749	OK	 
REQUEST		Update Redirect 1	1672233521490	1672233521749	OK	 
REQUEST		Update	1672233521500	1672233521750	OK	 
USER	User One	END	1672233521750
REQUEST		Update Redirect 1	1672233521504	1672233521751	OK	 
USER	User One	END	1672233521753
REQUEST		Update	1672233521509	1672233521759	OK	 
REQUEST		Update	1672233521511	1672233521759	OK	 
REQUEST		Update	1672233521511	1672233521760	OK	 
REQUEST		Select	1672233521528	1672233521771	OK	 
USER	User One	START	1672233521795
REQUEST		Home	1672233520895	1672233521809	OK	 
REQUEST		Update	1672233521539	1672233521808	OK	 
REQUEST		Home	1672233520848	1672233521811	OK	 
REQUEST		Update	1672233521590	1672233521828	OK	 
REQUEST		Search	1672233521591	1672233521840	OK	 
USER	User One	START	1672233521844
REQUEST		Search	1672233521631	1672233521889	OK	 
REQUEST		Home	1672233520943	1672233521889	OK	 
REQUEST		Update	1672233521631	1672233521889	OK	 
REQUEST		Select	1672233521653	1672233521896	OK	 
USER	User One	START	1672233521905
REQUEST		Home	1672233521005	1672233521936	OK	 
REQUEST		Select	1672233521685	1672233521939	OK	 
REQUEST		Select	1672233521685	1672233521943	OK	 
USER	User One	START	1672233521953
REQUEST		Update Redirect 1	1672233521697	1672233521956	OK	 
USER	User One	END	1672233521957
REQUEST		Search	1672233521701	1672233521968	OK	 
REQUEST		Home	1672233521052	1672233521985	OK	 
REQUEST		Select	1672233521732	1672233521994	OK	 
REQUEST		Select	1672233521732	1672233521994	OK	 
USER	User One	START	1672233521995
REQUEST		Update Redirect 1	1672233521750	1672233521998	OK	 
USER	User One	END	1672233522000
REQUEST		Update	1672233521772	1672233522020	OK	 
REQUEST		Update Redirect 1	1672233521760	1672233522020	OK	 
REQUEST		Update Redirect 1	1672233521761	1672233522021	OK	 
REQUEST		Update Redirect 1	1672233521760	1672233522021	OK	 
USER	User One	END	1672233522021
USER	User One	END	1672233522021
USER	User One	END	1672233522021
USER	User One	START	1672233522045
USER	User One	START	1672233522091
REQUEST		Select	1672233521795	1672233522116	OK	 
REQUEST		Search	1672233521795	1672233522116	OK	 
REQUEST		Search	1672233521779	1672233522117	OK	 
REQUEST		Update Redirect 1	1672233521810	1672233522120	OK	 
USER	User One	END	1672233522121
REQUEST		Update Redirect 1	1672233521828	1672233522121	OK	 
REQUEST		Home	1672233521100	1672233522122	OK	 
REQUEST		Select	1672233521829	1672233522123	OK	 
REQUEST		Select	1672233521840	1672233522123	OK	 
REQUEST		Search	1672233521843	1672233522126	OK	 
USER	User One	END	1672233522122
REQUEST		Select	1672233521877	1672233522134	OK	 
REQUEST		Search	1672233521876	1672233522135	OK	 
REQUEST		Update Redirect 1	1672233521890	1672233522138	OK	 
USER	User One	END	1672233522139
USER	User One	START	1672233522154
REQUEST		Update	1672233521898	1672233522155	OK	 
REQUEST		Search	1672233521905	1672233522188	OK	 
REQUEST		Home	1672233521195	1672233522191	OK	 
REQUEST		Home	1672233521148	1672233522192	OK	 
USER	User One	START	1672233522202
REQUEST		Update	1672233521939	1672233522209	OK	 
REQUEST		Update	1672233521944	1672233522210	OK	 
REQUEST		Select	1672233521946	1672233522213	OK	 
REQUEST		Search	1672233521969	1672233522214	OK	 
REQUEST		Home	1672233521244	1672233522220	OK	 
REQUEST		Update	1672233521994	1672233522249	OK	 
USER	User One	START	1672233522250
REQUEST		Update	1672233521994	1672233522254	OK	 
REQUEST		Select	1672233521999	1672233522255	OK	 
REQUEST		Select	1672233522000	1672233522256	OK	 
REQUEST		Search	1672233522014	1672233522256	OK	 
REQUEST		Update Redirect 1	1672233522020	1672233522262	OK	 
REQUEST		Home	1672233521292	1672233522262	OK	 
USER	User One	END	1672233522263
USER	User One	START	1672233522298
REQUEST		Select	1672233522076	1672233522343	OK	 
USER	User One	START	1672233522345
REQUEST		Search	1672233522091	1672233522350	OK	 
REQUEST		Home	1672233521354	1672233522381	OK	 
REQUEST		Update	1672233522117	1672233522382	OK	 
REQUEST		Update	1672233522124	1672233522382	OK	 
REQUEST		Select	1672233522135	1672233522386	OK	 
REQUEST		Home	1672233521443	1672233522386	OK	 
REQUEST		Update	1672233522135	1672233522386	OK	 
USER	User One	START	1672233522394
REQUEST		Search	1672233522138	1672233522400	OK	 
REQUEST		Update Redirect 1	1672233522155	1672233522405	OK	 
REQUEST		Update	1672233522124	1672233522406	OK	 
REQUEST		Select	1672233522155	1672233522407	OK	 
REQUEST		Home	1672233521402	1672233522409	OK	 
USER	User One	END	1672233522406
REQUEST		Search	1672233522170	1672233522427	OK	 
USER	User One	START	1672233522456
USER	User One	START	1672233522502
REQUEST		Home	1672233521498	1672233522510	OK	 
REQUEST		Search	1672233522218	1672233522513	OK	 
REQUEST		Update Redirect 1	1672233522210	1672233522515	OK	 
REQUEST		Update Redirect 1	1672233522210	1672233522515	OK	 
REQUEST		Select	1672233522247	1672233522516	OK	 
REQUEST		Update	1672233522213	1672233522516	OK	 
USER	User One	END	1672233522516
USER	User One	END	1672233522516
REQUEST		Update Redirect 1	1672233522255	1672233522521	OK	 
REQUEST		Update Redirect 1	1672233522249	1672233522521	OK	 
REQUEST		Update	1672233522255	1672233522521	OK	 
REQUEST		Update	1672233522256	1672233522522	OK	 
USER	User One	END	1672233522522
USER	User One	END	1672233522522
REQUEST		Home	1672233521544	1672233522528	OK	 
USER	User One	START	1672233522548
REQUEST		Select	1672233522293	1672233522550	OK	 
REQUEST		Search	1672233522298	1672233522551	OK	 
REQUEST		Search	1672233522298	1672233522556	OK	 
USER	User One	START	1672233522595
REQUEST		Update	1672233522344	1672233522606	OK	 
REQUEST		Search	1672233522377	1672233522612	OK	 
REQUEST		Update	1672233522386	1672233522624	OK	 
REQUEST		Update Redirect 1	1672233522383	1672233522625	OK	 
REQUEST		Home	1672233521592	1672233522626	OK	 
USER	User One	END	1672233522626
REQUEST		Update Redirect 1	1672233522383	1672233522632	OK	 
USER	User One	END	1672233522633
REQUEST		Home	1672233521653	1672233522639	OK	 
USER	User One	START	1672233522639
REQUEST		Update Redirect 1	1672233522387	1672233522641	OK	 
USER	User One	END	1672233522643
REQUEST		Select	1672233522394	1672233522650	OK	 
REQUEST		Update	1672233522408	1672233522665	OK	 
REQUEST		Update Redirect 1	1672233522406	1672233522668	OK	 
USER	User One	END	1672233522669
REQUEST		Select	1672233522408	1672233522673	OK	 
USER	User One	START	1672233522704
REQUEST		Search	1672233522458	1672233522711	OK	 
USER	User One	START	1672233522751
REQUEST		Select	1672233522501	1672233522777	OK	 
REQUEST		Search	1672233522501	1672233522784	OK	 
REQUEST		Home	1672233521745	1672233522784	OK	 
REQUEST		Home	1672233521698	1672233522785	OK	 
REQUEST		Update Redirect 1	1672233522522	1672233522785	OK	 
REQUEST		Update Redirect 1	1672233522516	1672233522785	OK	 
REQUEST		Update Redirect 1	1672233522522	1672233522786	OK	 
REQUEST		Home	1672233521796	1672233522786	OK	 
USER	User One	END	1672233522786
USER	User One	END	1672233522786
USER	User One	END	1672233522787
REQUEST		Update	1672233522517	1672233522787	OK	 
USER	User One	START	1672233522797
REQUEST		Update	1672233522551	1672233522809	OK	 
REQUEST		Home	1672233521844	1672233522811	OK	 
REQUEST		Select	1672233522564	1672233522822	OK	 
REQUEST		Select	1672233522548	1672233522822	OK	 
REQUEST		Search	1672233522579	1672233522835	OK	 
USER	User One	START	1672233522845
REQUEST		Search	1672233522579	1672233522848	OK	 
REQUEST		Select	1672233522595	1672233522850	OK	 
REQUEST		Update Redirect 1	1672233522607	1672233522851	OK	 
USER	User One	END	1672233522851
REQUEST		Home	1672233521905	1672233522872	OK	 
REQUEST		Update Redirect 1	1672233522625	1672233522874	OK	 
REQUEST		Search	1672233522634	1672233522877	OK	 
USER	User One	END	1672233522876
REQUEST		Search	1672233522640	1672233522891	OK	 
USER	User One	START	1672233522891
REQUEST		Update Redirect 1	1672233522665	1672233522919	OK	 
USER	User One	END	1672233522919
REQUEST		Update	1672233522651	1672233522927	OK	 
REQUEST		Update	1672233522674	1672233522930	OK	 
REQUEST		Home	1672233521953	1672233522934	OK	 
USER	User One	START	1672233522954
USER	User One	START	1672233523001
REQUEST		Select	1672233522719	1672233523005	OK	 
REQUEST		Search	1672233522719	1672233523020	OK	 
REQUEST		Select	1672233522771	1672233523020	OK	 
REQUEST		Select	1672233522766	1672233523022	OK	 
REQUEST		Search	1672233522735	1672233523022	OK	 
REQUEST		Search	1672233522797	1672233523037	OK	 
USER	User One	START	1672233523048
REQUEST		Home	1672233522045	1672233523062	OK	 
REQUEST		Home	1672233521995	1672233523066	OK	 
REQUEST		Home	1672233522092	1672233523067	OK	 
REQUEST		Update Redirect 1	1672233522788	1672233523068	OK	 
REQUEST		Update	1672233522778	1672233523068	OK	 
REQUEST		Update Redirect 1	1672233522810	1672233523068	OK	 
REQUEST		Select	1672233522804	1672233523068	OK	 
USER	User One	END	1672233523068
USER	User One	END	1672233523069
REQUEST		Select	1672233522828	1672233523088	OK	 
REQUEST		Update	1672233522822	1672233523089	OK	 
REQUEST		Home	1672233522154	1672233523089	OK	 
REQUEST		Update	1672233522822	1672233523091	OK	 
REQUEST		Update	1672233522850	1672233523093	OK	 
USER	User One	START	1672233523094
REQUEST		Home	1672233522202	1672233523126	OK	 
REQUEST		Search	1672233522873	1672233523126	OK	 
USER	User One	START	1672233523154
REQUEST		Home	1672233522250	1672233523194	OK	 
REQUEST		Update Redirect 1	1672233522928	1672233523194	OK	 
REQUEST		Update Redirect 1	1672233522931	1672233523198	OK	 
USER	User One	START	1672233523200
USER	User One	END	1672233523196
USER	User One	END	1672233523199
USER	User One	START	1672233523245
REQUEST		Select	1672233522970	1672233523249	OK	 
REQUEST		Update	1672233523020	1672233523266	OK	 
REQUEST		Update	1672233523006	1672233523266	OK	 
REQUEST		Search	1672233522985	1672233523266	OK	 
REQUEST		Search	1672233523032	1672233523267	OK	 
REQUEST		Search	1672233522985	1672233523268	OK	 
REQUEST		Update	1672233523023	1672233523268	OK	 
REQUEST		Home	1672233522298	1672233523268	OK	 
REQUEST		Select	1672233523032	1672233523269	OK	 
REQUEST		Search	1672233523032	1672233523269	OK	 
USER	User One	START	1672233523292
REQUEST		Select	1672233523048	1672233523297	OK	 
REQUEST		Update	1672233523069	1672233523325	OK	 
REQUEST		Select	1672233523063	1672233523332	OK	 
REQUEST		Home	1672233522346	1672233523332	OK	 
REQUEST		Update	1672233523089	1672233523332	OK	 
REQUEST		Update Redirect 1	1672233523068	1672233523334	OK	 
USER	User One	END	1672233523335
REQUEST		Search	1672233523092	1672233523339	OK	 
REQUEST		Update Redirect 1	1672233523089	1672233523339	OK	 
USER	User One	START	1672233523340
USER	User One	END	1672233523340
REQUEST		Update Redirect 1	1672233523093	1672233523348	OK	 
REQUEST		Update Redirect 1	1672233523093	1672233523348	OK	 
USER	User One	END	1672233523349
USER	User One	END	1672233523349
REQUEST		Select	1672233523124	1672233523372	OK	 
REQUEST		Home	1672233522394	1672233523376	OK	 
USER	User One	START	1672233523402
REQUEST		Home	1672233522457	1672233523428	OK	 
USER	User One	START	1672233523448
REQUEST		Search	1672233523214	1672233523474	OK	 
REQUEST		Select	1672233523196	1672233523488	OK	 
REQUEST		Search	1672233523200	1672233523489	OK	 
REQUEST		Home	1672233522502	1672233523493	OK	 
USER	User One	START	1672233523496
REQUEST		Update	1672233523250	1672233523505	OK	 
REQUEST		Home	1672233522548	1672233523521	OK	 
REQUEST		Update Redirect 1	1672233523266	1672233523533	OK	 
REQUEST		Update Redirect 1	1672233523268	1672233523534	OK	 
REQUEST		Update	1672233523269	1672233523535	OK	 
USER	User One	END	1672233523535
USER	User One	END	1672233523535
REQUEST		Update Redirect 1	1672233523266	1672233523537	OK	 
REQUEST		Home	1672233522595	1672233523538	OK	 
REQUEST		Search	1672233523293	1672233523539	OK	 
USER	User One	END	1672233523538
USER	User One	START	1672233523543
REQUEST		Search	1672233523292	1672233523546	OK	 
REQUEST		Update	1672233523298	1672233523569	OK	 
REQUEST		Home	1672233522639	1672233523569	OK	 
REQUEST		Select	1672233523293	1672233523578	OK	 
REQUEST		Select	1672233523307	1672233523578	OK	 
REQUEST		Select	1672233523307	1672233523580	OK	 
REQUEST		Update Redirect 1	1672233523326	1672233523580	OK	 
REQUEST		Update Redirect 1	1672233523333	1672233523582	OK	 
USER	User One	END	1672233523581
USER	User One	END	1672233523583
REQUEST		Update	1672233523333	1672233523583	OK	 
USER	User One	START	1672233523591
REQUEST		Select	1672233523354	1672233523604	OK	 
REQUEST		Select	1672233523370	1672233523627	OK	 
REQUEST		Update	1672233523373	1672233523634	OK	 
REQUEST		Home	1672233522704	1672233523634	OK	 
REQUEST		Search	1672233523370	1672233523649	OK	 
USER	User One	START	1672233523653
REQUEST		Search	1672233523418	1672233523675	OK	 
USER	User One	START	1672233523701
REQUEST		Search	1672233523448	1672233523706	OK	 
REQUEST		Select	1672233523436	1672233523707	OK	 
USER	User One	START	1672233523748
REQUEST		Select	1672233523500	1672233523753	OK	 
REQUEST		Update	1672233523489	1672233523754	OK	 
REQUEST		Home	1672233522752	1672233523755	OK	 
REQUEST		Search	1672233523512	1672233523759	OK	 
REQUEST		Update Redirect 1	1672233523505	1672233523759	OK	 
REQUEST		Search	1672233523521	1672233523760	OK	 
USER	User One	END	1672233523760
REQUEST		Home	1672233522797	1672233523784	OK	 
USER	User One	START	1672233523795
REQUEST		Update Redirect 1	1672233523536	1672233523809	OK	 
REQUEST		Update Redirect 1	1672233523569	1672233523814	OK	 
REQUEST		Home	1672233522845	1672233523814	OK	 
USER	User One	END	1672233523811
USER	User One	END	1672233523815
REQUEST		Select	1672233523547	1672233523815	OK	 
REQUEST		Update	1672233523579	1672233523816	OK	 
REQUEST		Update	1672233523579	1672233523816	OK	 
REQUEST		Update	1672233523581	1672233523831	OK	 
REQUEST		Update Redirect 1	1672233523584	1672233523832	OK	 
USER	User One	END	1672233523832
USER	User One	START	1672233523843
REQUEST		Update	1672233523604	1672233523853	OK	 
REQUEST		Update	1672233523628	1672233523888	OK	 
REQUEST		Select	1672233523604	1672233523889	OK	 
REQUEST		Update Redirect 1	1672233523635	1672233523889	OK	 
REQUEST		Home	1672233522892	1672233523890	OK	 
USER	User One	END	1672233523890
REQUEST		Search	1672233523635	1672233523892	OK	 
USER	User One	START	1672233523905
REQUEST		Search	1672233523669	1672233523914	OK	 
REQUEST		Select	1672233523669	1672233523917	OK	 
REQUEST		Select	1672233523684	1672233523936	OK	 
REQUEST		Home	1672233522954	1672233523937	OK	 
USER	User One	START	1672233523952
REQUEST		Update	1672233523708	1672233523968	OK	 
REQUEST		Select	1672233523702	1672233523969	OK	 
REQUEST		Home	1672233523001	1672233523979	OK	 
REQUEST		Select	1672233523749	1672233523991	OK	 
REQUEST		Home	1672233523048	1672233523992	OK	 
REQUEST		Search	1672233523734	1672233523997	OK	 
REQUEST		Update	1672233523754	1672233523997	OK	 
USER	User One	START	1672233523999
REQUEST		Search	1672233523763	1672233524012	OK	 
REQUEST		Update Redirect 1	1672233523755	1672233524029	OK	 
USER	User One	END	1672233524030
USER	User One	START	1672233524046
REQUEST		Search	1672233523812	1672233524059	OK	 
REQUEST		Home	1672233523094	1672233524060	OK	 
REQUEST		Search	1672233523815	1672233524064	OK	 
REQUEST		Update Redirect 1	1672233523817	1672233524067	OK	 
USER	User One	END	1672233524068
REQUEST		Update Redirect 1	1672233523817	1672233524069	OK	 
USER	User One	END	1672233524069
REQUEST		Update	1672233523816	1672233524071	OK	 
REQUEST		Update Redirect 1	1672233523832	1672233524074	OK	 
USER	User One	END	1672233524075
REQUEST		Select	1672233523843	1672233524089	OK	 
USER	User One	START	1672233524093
REQUEST		Update Redirect 1	1672233523853	1672233524106	OK	 
USER	User One	END	1672233524108
REQUEST		Home	1672233523154	1672233524125	OK	 
REQUEST		Update Redirect 1	1672233523889	1672233524135	OK	 
USER	User One	END	1672233524135
REQUEST		Update	1672233523890	1672233524151	OK	 
USER	User One	START	1672233524152
REQUEST		Search	1672233523890	1672233524153	OK	 
REQUEST		Select	1672233523890	1672233524171	OK	 
REQUEST		Home	1672233523200	1672233524172	OK	 
REQUEST		Update	1672233523918	1672233524173	OK	 
REQUEST		Update	1672233523937	1672233524189	OK	 
USER	User One	START	1672233524200
REQUEST		Search	1672233523952	1672233524207	OK	 
REQUEST		Update	1672233523969	1672233524215	OK	 
REQUEST		Home	1672233523245	1672233524215	OK	 
REQUEST		Update Redirect 1	1672233523969	1672233524216	OK	 
USER	User One	END	1672233524217
REQUEST		Select	1672233523984	1672233524225	OK	 
REQUEST		Update	1672233523992	1672233524237	OK	 
REQUEST		Search	1672233523991	1672233524237	OK	 
USER	User One	START	1672233524243
REQUEST		Update Redirect 1	1672233523998	1672233524245	OK	 
USER	User One	END	1672233524246
USER	User One	START	1672233524295
REQUEST		Home	1672233523340	1672233524299	OK	 
REQUEST		Home	1672233523293	1672233524299	OK	 
REQUEST		Update Redirect 1	1672233524071	1672233524320	OK	 
USER	User One	END	1672233524321
USER	User One	START	1672233524342
REQUEST		Home	1672233523402	1672233524365	OK	 
REQUEST		Update	1672233524089	1672233524366	OK	 
USER	User One	START	1672233524390
REQUEST		Select	1672233524138	1672233524393	OK	 
REQUEST		Select	1672233524122	1672233524393	OK	 
REQUEST		Select	1672233524122	1672233524393	OK	 
REQUEST		Search	1672233524138	1672233524395	OK	 
REQUEST		Home	1672233523448	1672233524398	OK	 
REQUEST		Select	1672233524139	1672233524399	OK	 
REQUEST		Update Redirect 1	1672233524152	1672233524405	OK	 
USER	User One	END	1672233524406
REQUEST		Update	1672233524172	1672233524447	OK	 
REQUEST		Update Redirect 1	1672233524173	1672233524448	OK	 
USER	User One	START	1672233524449
REQUEST		Update Redirect 1	1672233524190	1672233524450	OK	 
REQUEST		Select	1672233524191	1672233524450	OK	 
USER	User One	END	1672233524449
USER	User One	END	1672233524450
REQUEST		Home	1672233523497	1672233524460	OK	 
REQUEST		Search	1672233524200	1672233524468	OK	 
REQUEST		Select	1672233524215	1672233524468	OK	 
REQUEST		Update Redirect 1	1672233524215	1672233524468	OK	 
USER	User One	END	1672233524468
REQUEST		Search	1672233524200	1672233524469	OK	 
REQUEST		Update Redirect 1	1672233524237	1672233524487	OK	 
USER	User One	END	1672233524488
REQUEST		Update	1672233524226	1672233524490	OK	 
REQUEST		Search	1672233524231	1672233524497	OK	 
USER	User One	START	1672233524497
REQUEST		Select	1672233524262	1672233524505	OK	 
REQUEST		Home	1672233523543	1672233524527	OK	 
REQUEST		Search	1672233524278	1672233524529	OK	 
USER	User One	START	1672233524544
REQUEST		Home	1672233523591	1672233524555	OK	 
USER	User One	START	1672233524592
REQUEST		Select	1672233524358	1672233524613	OK	 
REQUEST		Home	1672233523653	1672233524613	OK	 
REQUEST		Update Redirect 1	1672233524366	1672233524620	OK	 
USER	User One	END	1672233524620
REQUEST		Search	1672233524389	1672233524628	OK	 
REQUEST		Search	1672233524390	1672233524640	OK	 
REQUEST		Update	1672233524394	1672233524650	OK	 
USER	User One	START	1672233524654
REQUEST		Update	1672233524394	1672233524655	OK	 
REQUEST		Update	1672233524394	1672233524655	OK	 
REQUEST		Select	1672233524406	1672233524659	OK	 
REQUEST		Update	1672233524399	1672233524659	OK	 
REQUEST		Search	1672233524420	1672233524670	OK	 
REQUEST		Select	1672233524435	1672233524685	OK	 
REQUEST		Home	1672233523748	1672233524699	OK	 
USER	User One	START	1672233524701
REQUEST		Update Redirect 1	1672233524448	1672233524704	OK	 
USER	User One	END	1672233524704
REQUEST		Update	1672233524468	1672233524718	OK	 
REQUEST		Update	1672233524450	1672233524719	OK	 
REQUEST		Home	1672233523701	1672233524731	OK	 
REQUEST		Home	1672233523795	1672233524747	OK	 
USER	User One	START	1672233524747
REQUEST		Update	1672233524505	1672233524765	OK	 
REQUEST		Update Redirect 1	1672233524490	1672233524767	OK	 
USER	User One	END	1672233524768
USER	User One	START	1672233524796
REQUEST		Search	1672233524513	1672233524810	OK	 
REQUEST		Select	1672233524529	1672233524811	OK	 
REQUEST		Search	1672233524544	1672233524811	OK	 
REQUEST		Select	1672233524559	1672233524813	OK	 
REQUEST		Select	1672233524559	1672233524813	OK	 
REQUEST		Home	1672233523843	1672233524814	OK	 
USER	User One	START	1672233524842
REQUEST		Update	1672233524614	1672233524878	OK	 
REQUEST		Select	1672233524621	1672233524879	OK	 
REQUEST		Home	1672233523905	1672233524879	OK	 
REQUEST		Search	1672233524639	1672233524884	OK	 
USER	User One	START	1672233524889
REQUEST		Update Redirect 1	1672233524651	1672233524905	OK	 
USER	User One	END	1672233524906
REQUEST		Search	1672233524654	1672233524936	OK	 
REQUEST		Update Redirect 1	1672233524655	1672233524937	OK	 
REQUEST		Update	1672233524660	1672233524937	OK	 
USER	User One	END	1672233524938
REQUEST		Update	1672233524685	1672233524939	OK	 
REQUEST		Home	1672233523952	1672233524951	OK	 
REQUEST		Update Redirect 1	1672233524659	1672233524951	OK	 
REQUEST		Update Redirect 1	1672233524655	1672233524952	OK	 
USER	User One	END	1672233524951
USER	User One	START	1672233524952
USER	User One	END	1672233524953
REQUEST		Update Redirect 1	1672233524719	1672233524974	OK	 
REQUEST		Home	1672233524046	1672233524975	OK	 
REQUEST		Select	1672233524716	1672233524976	OK	 
USER	User One	END	1672233524975
REQUEST		Home	1672233523999	1672233524976	OK	 
REQUEST		Update Redirect 1	1672233524719	1672233524982	OK	 
USER	User One	END	1672233524983
USER	User One	START	1672233524999
REQUEST		Update Redirect 1	1672233524766	1672233525006	OK	 
USER	User One	END	1672233525007
REQUEST		Search	1672233524795	1672233525042	OK	 
USER	User One	START	1672233525047
REQUEST		Home	1672233524093	1672233525058	OK	 
REQUEST		Search	1672233524795	1672233525059	OK	 
REQUEST		Select	1672233524795	1672233525059	OK	 
REQUEST		Search	1672233524795	1672233525059	OK	 
REQUEST		Update	1672233524811	1672233525059	OK	 
REQUEST		Update	1672233524814	1672233525060	OK	 
REQUEST		Update	1672233524814	1672233525074	OK	 
REQUEST		Search	1672233524815	1672233525085	OK	 
REQUEST		Select	1672233524841	1672233525089	OK	 
USER	User One	START	1672233525093
REQUEST		Home	1672233524152	1672233525097	OK	 
REQUEST		Update Redirect 1	1672233524879	1672233525121	OK	 
USER	User One	END	1672233525122
REQUEST		Select	1672233524858	1672233525125	OK	 
REQUEST		Update	1672233524880	1672233525131	OK	 
REQUEST		Search	1672233524879	1672233525131	OK	 
USER	User One	START	1672233525139
REQUEST		Select	1672233524888	1672233525141	OK	 
REQUEST		Select	1672233524904	1672233525186	OK	 
REQUEST		Home	1672233524200	1672233525188	OK	 
REQUEST		Update Redirect 1	1672233524937	1672233525189	OK	 
USER	User One	START	1672233525190
REQUEST		Search	1672233524936	1672233525192	OK	 
REQUEST		Update Redirect 1	1672233524939	1672233525192	OK	 
USER	User One	END	1672233525190
USER	User One	END	1672233525193
REQUEST		Home	1672233524243	1672233525195	OK	 
REQUEST		Update	1672233524976	1672233525239	OK	 
USER	User One	START	1672233525250
REQUEST		Home	1672233524295	1672233525252	OK	 
REQUEST		Select	1672233525030	1672233525291	OK	 
REQUEST		Select	1672233525030	1672233525297	OK	 
REQUEST		Select	1672233525046	1672233525297	OK	 
USER	User One	START	1672233525298
REQUEST		Update	1672233525060	1672233525328	OK	 
REQUEST		Update Redirect 1	1672233525060	1672233525329	OK	 
REQUEST		Update Redirect 1	1672233525060	1672233525329	OK	 
REQUEST		Update Redirect 1	1672233525074	1672233525330	OK	 
REQUEST		Search	1672233525078	1672233525331	OK	 
USER	User One	END	1672233525330
USER	User One	END	1672233525331
USER	User One	END	1672233525332
REQUEST		Search	1672233525078	1672233525334	OK	 
REQUEST		Search	1672233525078	1672233525343	OK	 
USER	User One	START	1672233525345
REQUEST		Home	1672233524343	1672233525346	OK	 
REQUEST		Home	1672233524390	1672233525346	OK	 
REQUEST		Search	1672233525093	1672233525346	OK	 
REQUEST		Update	1672233525090	1672233525346	OK	 
REQUEST		Update Redirect 1	1672233525131	1672233525383	OK	 
USER	User One	END	1672233525384
REQUEST		Search	1672233525132	1672233525384	OK	 
REQUEST		Select	1672233525132	1672233525392	OK	 
USER	User One	START	1672233525392
REQUEST		Update	1672233525125	1672233525397	OK	 
REQUEST		Update	1672233525142	1672233525401	OK	 
USER	User One	START	1672233525443
REQUEST		Search	1672233525195	1672233525444	OK	 
REQUEST		Home	1672233524498	1672233525447	OK	 
REQUEST		Home	1672233524449	1672233525448	OK	 
REQUEST		Update	1672233525187	1672233525451	OK	 
REQUEST		Home	1672233524544	1672233525489	OK	 
REQUEST		Update Redirect 1	1672233525239	1672233525493	OK	 
USER	User One	END	1672233525495
USER	User One	START	1672233525499
REQUEST		Select	1672233525282	1672233525536	OK	 
REQUEST		Update	1672233525298	1672233525536	OK	 
REQUEST		Select	1672233525282	1672233525546	OK	 
REQUEST		Search	1672233525282	1672233525546	OK	 
USER	User One	START	1672233525547
REQUEST		Update	1672233525291	1672233525553	OK	 
REQUEST		Select	1672233525282	1672233525554	OK	 
REQUEST		Select	1672233525282	1672233525554	OK	 
REQUEST		Update	1672233525298	1672233525554	OK	 
REQUEST		Update Redirect 1	1672233525329	1672233525573	OK	 
USER	User One	END	1672233525574
REQUEST		Home	1672233524592	1672233525581	OK	 
USER	User One	START	1672233525595
REQUEST		Select	1672233525345	1672233525624	OK	 
REQUEST		Search	1672233525346	1672233525625	OK	 
REQUEST		Update Redirect 1	1672233525347	1672233525625	OK	 
USER	User One	END	1672233525626
USER	User One	START	1672233525644
REQUEST		Update	1672233525393	1672233525644	OK	 
REQUEST		Update Redirect 1	1672233525401	1672233525647	OK	 
USER	User One	END	1672233525648
REQUEST		Search	1672233525392	1672233525648	OK	 
REQUEST		Update Redirect 1	1672233525398	1672233525655	OK	 
USER	User One	END	1672233525656
REQUEST		Home	1672233524701	1672233525673	OK	 
REQUEST		Home	1672233524654	1672233525676	OK	 
REQUEST		Search	1672233525437	1672233525688	OK	 
USER	User One	START	1672233525690
REQUEST		Update Redirect 1	1672233525451	1672233525703	OK	 
USER	User One	END	1672233525704
REQUEST		Select	1672233525483	1672233525730	OK	 
REQUEST		Home	1672233524747	1672233525745	OK	 
USER	User One	START	1672233525751
REQUEST		Home	1672233524796	1672233525755	OK	 
REQUEST		Search	1672233525499	1672233525755	OK	 
REQUEST		Select	1672233525499	1672233525755	OK	 
REQUEST		Search	1672233525531	1672233525775	OK	 
REQUEST		Update Redirect 1	1672233525536	1672233525775	OK	 
USER	User One	END	1672233525776
REQUEST		Update	1672233525536	1672233525788	OK	 
USER	User One	START	1672233525797
REQUEST		Search	1672233525547	1672233525808	OK	 
REQUEST		Update	1672233525547	1672233525809	OK	 
REQUEST		Select	1672233525547	1672233525809	OK	 
REQUEST		Update Redirect 1	1672233525554	1672233525814	OK	 
USER	User One	END	1672233525815
REQUEST		Home	1672233524889	1672233525828	OK	 
REQUEST		Home	1672233524842	1672233525829	OK	 
REQUEST		Select	1672233525547	1672233525839	OK	 
REQUEST		Update Redirect 1	1672233525555	1672233525839	OK	 
REQUEST		Update	1672233525555	1672233525839	OK	 
USER	User One	START	1672233525839
REQUEST		Update	1672233525555	1672233525840	OK	 
USER	User One	END	1672233525840
REQUEST		Search	1672233525579	1672233525841	OK	 
REQUEST		Update	1672233525625	1672233525889	OK	 
REQUEST		Search	1672233525643	1672233525889	OK	 
USER	User One	START	1672233525890
REQUEST		Home	1672233524952	1672233525893	OK	 
REQUEST		Update Redirect 1	1672233525645	1672233525903	OK	 
USER	User One	END	1672233525904
REQUEST		Select	1672233525650	1672233525908	OK	 
REQUEST		Home	1672233524999	1672233525932	OK	 
REQUEST		Select	1672233525685	1672233525939	OK	 
USER	User One	START	1672233525940
REQUEST		Select	1672233525720	1672233525973	OK	 
REQUEST		Update	1672233525730	1672233525981	OK	 
REQUEST		Home	1672233525047	1672233525997	OK	 
REQUEST		Select	1672233525766	1672233526004	OK	 
USER	User One	START	1672233526005
REQUEST		Update	1672233525756	1672233526008	OK	 
REQUEST		Search	1672233525766	1672233526014	OK	 
REQUEST		Select	1672233525766	1672233526014	OK	 
REQUEST		Update Redirect 1	1672233525789	1672233526035	OK	 
USER	User One	END	1672233526036
USER	User One	START	1672233526052
REQUEST		Search	1672233525797	1672233526066	OK	 
REQUEST		Home	1672233525093	1672233526067	OK	 
REQUEST		Update Redirect 1	1672233525809	1672233526067	OK	 
USER	User One	END	1672233526067
REQUEST		Update	1672233525810	1672233526067	OK	 
REQUEST		Update	1672233525839	1672233526089	OK	 
REQUEST		Search	1672233525828	1672233526089	OK	 
USER	User One	START	1672233526098
REQUEST		Update Redirect 1	1672233525839	1672233526101	OK	 
USER	User One	END	1672233526102
REQUEST		Update Redirect 1	1672233525841	1672233526102	OK	 
USER	User One	END	1672233526103
REQUEST		Update Redirect 1	1672233525889	1672233526133	OK	 
USER	User One	END	1672233526134
USER	User One	START	1672233526145
REQUEST		Search	1672233525892	1672233526148	OK	 
REQUEST		Select	1672233525907	1672233526156	OK	 
REQUEST		Home	1672233525139	1672233526167	OK	 
REQUEST		Update	1672233525908	1672233526169	OK	 
REQUEST		Select	1672233525923	1672233526172	OK	 
REQUEST		Home	1672233525190	1672233526189	OK	 
USER	User One	START	1672233526194
REQUEST		Search	1672233525940	1672233526204	OK	 
REQUEST		Update	1672233525939	1672233526204	OK	 
REQUEST		Home	1672233525251	1672233526225	OK	 
REQUEST		Update	1672233525973	1672233526226	OK	 
REQUEST		Update Redirect 1	1672233525981	1672233526226	OK	 
USER	User One	END	1672233526227
USER	User One	START	1672233526239
REQUEST		Search	1672233525994	1672233526240	OK	 
REQUEST		Search	1672233525987	1672233526251	OK	 
REQUEST		Update	1672233526014	1672233526271	OK	 
REQUEST		Select	1672233526019	1672233526272	OK	 
REQUEST		Update	1672233526004	1672233526271	OK	 
REQUEST		Home	1672233525299	1672233526275	OK	 
REQUEST		Select	1672233526003	1672233526278	OK	 
REQUEST		Update Redirect 1	1672233526008	1672233526285	OK	 
USER	User One	END	1672233526285
USER	User One	START	1672233526303
REQUEST		Home	1672233525345	1672233526314	OK	 
REQUEST		Select	1672233526067	1672233526317	OK	 
REQUEST		Home	1672233525392	1672233526317	OK	 
REQUEST		Select	1672233526067	1672233526321	OK	 
REQUEST		Update Redirect 1	1672233526090	1672233526334	OK	 
USER	User One	END	1672233526335
REQUEST		Search	1672233526067	1672233526342	OK	 
USER	User One	START	1672233526350
REQUEST		Update Redirect 1	1672233526067	1672233526352	OK	 
USER	User One	END	1672233526353
REQUEST		Search	1672233526130	1672233526382	OK	 
REQUEST		Home	1672233525443	1672233526388	OK	 
REQUEST		Select	1672233526161	1672233526395	OK	 
USER	User One	START	1672233526398
REQUEST		Update	1672233526156	1672233526401	OK	 
REQUEST		Update	1672233526173	1672233526435	OK	 
REQUEST		Search	1672233526177	1672233526439	OK	 
USER	User One	START	1672233526444
REQUEST		Select	1672233526209	1672233526445	OK	 
REQUEST		Update Redirect 1	1672233526170	1672233526445	OK	 
USER	User One	END	1672233526446
REQUEST		Update Redirect 1	1672233526204	1672233526448	OK	 
USER	User One	END	1672233526448
REQUEST		Update Redirect 1	1672233526226	1672233526477	OK	 
USER	User One	END	1672233526478
REQUEST		Search	1672233526225	1672233526481	OK	 
REQUEST		Home	1672233525499	1672233526482	OK	 
REQUEST		Select	1672233526239	1672233526484	OK	 
USER	User One	START	1672233526491
REQUEST		Update Redirect 1	1672233526272	1672233526514	OK	 
USER	User One	END	1672233526515
REQUEST		Update Redirect 1	1672233526272	1672233526527	OK	 
REQUEST		Update	1672233526272	1672233526527	OK	 
REQUEST		Update	1672233526278	1672233526527	OK	 
USER	User One	END	1672233526527
REQUEST		Home	1672233525547	1672233526528	OK	 
REQUEST		Search	1672233526303	1672233526547	OK	 
REQUEST		Search	1672233526303	1672233526547	OK	 
REQUEST		Update	1672233526317	1672233526548	OK	 
USER	User One	START	1672233526548
REQUEST		Update	1672233526321	1672233526577	OK	 
REQUEST		Home	1672233525595	1672233526577	OK	 
USER	User One	START	1672233526598
REQUEST		Search	1672233526366	1672233526625	OK	 
REQUEST		Home	1672233525644	1672233526631	OK	 
USER	User One	START	1672233526645
REQUEST		Update	1672233526395	1672233526648	OK	 
REQUEST		Select	1672233526398	1672233526654	OK	 
REQUEST		Search	1672233526402	1672233526674	OK	 
USER	User One	START	1672233526693
REQUEST		Update Redirect 1	1672233526402	1672233526752	OK	 
REQUEST		Home	1672233525690	1672233526753	OK	 
REQUEST		Update Redirect 1	1672233526435	1672233526753	OK	 
REQUEST		Update	1672233526445	1672233526753	OK	 
REQUEST		Select	1672233526472	1672233526753	OK	 
REQUEST		Search	1672233526475	1672233526754	OK	 
REQUEST		Home	1672233525797	1672233526754	OK	 
REQUEST		Select	1672233526475	1672233526756	OK	 
REQUEST		Home	1672233525751	1672233526756	OK	 
REQUEST		Update	1672233526484	1672233526757	OK	 
REQUEST		Select	1672233526506	1672233526758	OK	 
USER	User One	START	1672233526757
USER	User One	END	1672233526753
USER	User One	END	1672233526754
REQUEST		Update Redirect 1	1672233526527	1672233526774	OK	 
USER	User One	END	1672233526775
REQUEST		Update Redirect 1	1672233526527	1672233526780	OK	 
USER	User One	END	1672233526781
REQUEST		Search	1672233526528	1672233526781	OK	 
REQUEST		Update Redirect 1	1672233526548	1672233526783	OK	 
USER	User One	END	1672233526784
REQUEST		Select	1672233526530	1672233526792	OK	 
REQUEST		Home	1672233525839	1672233526799	OK	 
USER	User One	START	1672233526803
REQUEST		Search	1672233526566	1672233526819	OK	 
REQUEST		Update Redirect 1	1672233526577	1672233526833	OK	 
USER	User One	END	1672233526834
USER	User One	START	1672233526851
REQUEST		Home	1672233525890	1672233526868	OK	 
REQUEST		Select	1672233526629	1672233526870	OK	 
REQUEST		Search	1672233526629	1672233526879	OK	 
REQUEST		Select	1672233526645	1672233526885	OK	 
REQUEST		Update Redirect 1	1672233526649	1672233526894	OK	 
USER	User One	END	1672233526896
USER	User One	START	1672233526898
REQUEST		Update	1672233526655	1672233526913	OK	 
REQUEST		Home	1672233525940	1672233526919	OK	 
REQUEST		Select	1672233526677	1672233526924	OK	 
USER	User One	START	1672233526946
REQUEST		Search	1672233526709	1672233526955	OK	 
USER	User One	START	1672233526993
REQUEST		Search	1672233526740	1672233527000	OK	 
REQUEST		Update Redirect 1	1672233526753	1672233527008	OK	 
REQUEST		Home	1672233526052	1672233527009	OK	 
USER	User One	END	1672233527009
REQUEST		Home	1672233526006	1672233527015	OK	 
REQUEST		Search	1672233526753	1672233527015	OK	 
REQUEST		Update Redirect 1	1672233526757	1672233527015	OK	 
USER	User One	END	1672233527016
REQUEST		Update	1672233526758	1672233527020	OK	 
REQUEST		Home	1672233526099	1672233527020	OK	 
REQUEST		Update	1672233526754	1672233527020	OK	 
REQUEST		Update	1672233526756	1672233527024	OK	 
USER	User One	START	1672233527041
REQUEST		Update	1672233526793	1672233527042	OK	 
REQUEST		Select	1672233526819	1672233527073	OK	 
REQUEST		Search	1672233526819	1672233527087	OK	 
REQUEST		Select	1672233526819	1672233527089	OK	 
REQUEST		Home	1672233526145	1672233527090	OK	 
USER	User One	START	1672233527103
REQUEST		Update	1672233526871	1672233527124	OK	 
REQUEST		Update	1672233526886	1672233527133	OK	 
REQUEST		Search	1672233526882	1672233527141	OK	 
USER	User One	START	1672233527151
REQUEST		Home	1672233526194	1672233527167	OK	 
REQUEST		Select	1672233526897	1672233527171	OK	 
REQUEST		Update Redirect 1	1672233526913	1672233527171	OK	 
USER	User One	END	1672233527172
REQUEST		Update	1672233526925	1672233527172	OK	 
USER	User One	START	1672233527198
REQUEST		Select	1672233526946	1672233527209	OK	 
REQUEST		Search	1672233526962	1672233527214	OK	 
USER	User One	START	1672233527245
REQUEST		Search	1672233526977	1672233527247	OK	 
REQUEST		Search	1672233526977	1672233527247	OK	 
REQUEST		Home	1672233526239	1672233527255	OK	 
REQUEST		Home	1672233526303	1672233527258	OK	 
REQUEST		Update Redirect 1	1672233527020	1672233527264	OK	 
USER	User One	END	1672233527265
REQUEST		Update Redirect 1	1672233527020	1672233527289	OK	 
USER	User One	END	1672233527290
REQUEST		Update Redirect 1	1672233527025	1672233527290	OK	 
REQUEST		Update Redirect 1	1672233527043	1672233527291	OK	 
USER	User One	END	1672233527291
USER	User One	END	1672233527295
USER	User One	START	1672233527296
REQUEST		Select	1672233527057	1672233527315	OK	 
REQUEST		Search	1672233527072	1672233527316	OK	 
REQUEST		Select	1672233527072	1672233527327	OK	 
REQUEST		Select	1672233527072	1672233527327	OK	 
REQUEST		Update	1672233527073	1672233527327	OK	 
REQUEST		Select	1672233527087	1672233527333	OK	 
REQUEST		Update	1672233527089	1672233527333	OK	 
REQUEST		Home	1672233526350	1672233527338	OK	 
USER	User One	START	1672233527343
REQUEST		Search	1672233527103	1672233527348	OK	 
REQUEST		Home	1672233526444	1672233527379	OK	 
REQUEST		Update Redirect 1	1672233527125	1672233527379	OK	 
USER	User One	END	1672233527385
REQUEST		Select	1672233527135	1672233527389	OK	 
REQUEST		Update Redirect 1	1672233527134	1672233527389	OK	 
USER	User One	START	1672233527389
USER	User One	END	1672233527390
REQUEST		Home	1672233526398	1672233527404	OK	 
REQUEST		Update Redirect 1	1672233527173	1672233527419	OK	 
USER	User One	END	1672233527420
REQUEST		Update	1672233527172	1672233527425	OK	 
USER	User One	START	1672233527449
REQUEST		Search	1672233527198	1672233527461	OK	 
REQUEST		Search	1672233527198	1672233527461	OK	 
REQUEST		Update	1672233527210	1672233527461	OK	 
REQUEST		Select	1672233527198	1672233527463	OK	 
REQUEST		Home	1672233526491	1672233527464	OK	 
USER	User One	START	1672233527496
REQUEST		Home	1672233526548	1672233527498	OK	 
REQUEST		Search	1672233527255	1672233527512	OK	 
REQUEST		Home	1672233526599	1672233527538	OK	 
USER	User One	START	1672233527544
REQUEST		Update	1672233527315	1672233527559	OK	 
REQUEST		Update	1672233527328	1672233527584	OK	 
REQUEST		Update Redirect 1	1672233527328	1672233527587	OK	 
USER	User One	END	1672233527588
REQUEST		Select	1672233527340	1672233527593	OK	 
USER	User One	START	1672233527592
REQUEST		Select	1672233527340	1672233527598	OK	 
REQUEST		Select	1672233527349	1672233527598	OK	 
REQUEST		Update	1672233527328	1672233527598	OK	 
REQUEST		Update Redirect 1	1672233527333	1672233527599	OK	 
REQUEST		Update	1672233527333	1672233527599	OK	 
USER	User One	END	1672233527599
REQUEST		Home	1672233526645	1672233527604	OK	 
REQUEST		Select	1672233527356	1672233527604	OK	 
REQUEST		Search	1672233527356	1672233527605	OK	 
REQUEST		Search	1672233527356	1672233527611	OK	 
USER	User One	START	1672233527640
REQUEST		Select	1672233527388	1672233527647	OK	 
REQUEST		Update	1672233527389	1672233527653	OK	 
REQUEST		Home	1672233526693	1672233527688	OK	 
REQUEST		Update Redirect 1	1672233527426	1672233527689	OK	 
USER	User One	END	1672233527690
REQUEST		Select	1672233527449	1672233527694	OK	 
USER	User One	START	1672233527703
REQUEST		Update Redirect 1	1672233527462	1672233527718	OK	 
USER	User One	END	1672233527719
REQUEST		Search	1672233527462	1672233527724	OK	 
REQUEST		Search	1672233527463	1672233527734	OK	 
REQUEST		Update	1672233527464	1672233527734	OK	 
REQUEST		Home	1672233526758	1672233527735	OK	 
REQUEST		Search	1672233527495	1672233527740	OK	 
USER	User One	START	1672233527741
REQUEST		Home	1672233526803	1672233527748	OK	 
USER	User One	START	1672233527797
REQUEST		Home	1672233526851	1672233527804	OK	 
REQUEST		Update Redirect 1	1672233527560	1672233527808	OK	 
USER	User One	END	1672233527808
REQUEST		Select	1672233527558	1672233527819	OK	 
REQUEST		Home	1672233526898	1672233527822	OK	 
REQUEST		Update Redirect 1	1672233527585	1672233527839	OK	 
USER	User One	END	1672233527840
REQUEST		Update	1672233527599	1672233527843	OK	 
REQUEST		Search	1672233527591	1672233527843	OK	 
REQUEST		Update	1672233527599	1672233527844	OK	 
REQUEST		Update	1672233527594	1672233527844	OK	 
USER	User One	START	1672233527844
REQUEST		Update	1672233527604	1672233527857	OK	 
REQUEST		Update Redirect 1	1672233527599	1672233527857	OK	 
REQUEST		Update Redirect 1	1672233527598	1672233527858	OK	 
USER	User One	END	1672233527858
USER	User One	END	1672233527859
REQUEST		Update	1672233527648	1672233527888	OK	 
REQUEST		Select	1672233527639	1672233527889	OK	 
USER	User One	START	1672233527892
REQUEST		Update Redirect 1	1672233527653	1672233527902	OK	 
USER	User One	END	1672233527903
REQUEST		Home	1672233526946	1672233527904	OK	 
REQUEST		Select	1672233527650	1672233527907	OK	 
REQUEST		Update	1672233527694	1672233527932	OK	 
USER	User One	START	1672233527939
REQUEST		Select	1672233527689	1672233527943	OK	 
REQUEST		Home	1672233526993	1672233527945	OK	 
REQUEST		Search	1672233527679	1672233527946	OK	 
REQUEST		Search	1672233527687	1672233527949	OK	 
REQUEST		Update Redirect 1	1672233527735	1672233527994	OK	 
USER	User One	END	1672233527994
REQUEST		Search	1672233527750	1672233527999	OK	 
USER	User One	START	1672233528001
REQUEST		Select	1672233527761	1672233528011	OK	 
REQUEST		Search	1672233527765	1672233528015	OK	 
REQUEST		Home	1672233527041	1672233528015	OK	 
REQUEST		Select	1672233527779	1672233528045	OK	 
USER	User One	START	1672233528048
REQUEST		Select	1672233527813	1672233528060	OK	 
REQUEST		Home	1672233527103	1672233528063	OK	 
REQUEST		Update	1672233527820	1672233528078	OK	 
REQUEST		Search	1672233527840	1672233528094	OK	 
REQUEST		Select	1672233527845	1672233528094	OK	 
REQUEST		Search	1672233527844	1672233528094	OK	 
USER	User One	START	1672233528095
REQUEST		Update Redirect 1	1672233527844	1672233528095	OK	 
REQUEST		Update Redirect 1	1672233527845	1672233528096	OK	 
USER	User One	END	1672233528096
USER	User One	END	1672233528096
REQUEST		Home	1672233527151	1672233528099	OK	 
REQUEST		Update Redirect 1	1672233527845	1672233528099	OK	 
USER	User One	END	1672233528100
REQUEST		Update Redirect 1	1672233527857	1672233528102	OK	 
USER	User One	END	1672233528102
REQUEST		Search	1672233527903	1672233528134	OK	 
REQUEST		Select	1672233527892	1672233528134	OK	 
REQUEST		Update Redirect 1	1672233527889	1672233528135	OK	 
USER	User One	END	1672233528135
REQUEST		Update	1672233527889	1672233528136	OK	 
USER	User One	START	1672233528142
REQUEST		Update	1672233527907	1672233528163	OK	 
REQUEST		Home	1672233527245	1672233528167	OK	 
REQUEST		Update Redirect 1	1672233527932	1672233528176	OK	 
REQUEST		Search	1672233527939	1672233528177	OK	 
USER	User One	END	1672233528177
REQUEST		Update	1672233527944	1672233528187	OK	 
USER	User One	START	1672233528189
REQUEST		Home	1672233527198	1672233528194	OK	 
REQUEST		Home	1672233527296	1672233528234	OK	 
REQUEST		Search	1672233528000	1672233528235	OK	 
USER	User One	START	1672233528250
REQUEST		Update	1672233528012	1672233528274	OK	 
REQUEST		Select	1672233528015	1672233528274	OK	 
REQUEST		Home	1672233527343	1672233528274	OK	 
REQUEST		Update	1672233528045	1672233528288	OK	 
USER	User One	START	1672233528297
REQUEST		Update	1672233528061	1672233528307	OK	 
REQUEST		Search	1672233528079	1672233528318	OK	 
REQUEST		Select	1672233528079	1672233528329	OK	 
REQUEST		Update Redirect 1	1672233528078	1672233528329	OK	 
USER	User One	END	1672233528330
USER	User One	START	1672233528345
REQUEST		Update	1672233528134	1672233528364	OK	 
REQUEST		Update	1672233528094	1672233528364	OK	 
REQUEST		Home	1672233527389	1672233528365	OK	 
REQUEST		Home	1672233527449	1672233528378	OK	 
REQUEST		Select	1672233528094	1672233528379	OK	 
REQUEST		Update Redirect 1	1672233528136	1672233528384	OK	 
USER	User One	END	1672233528385
USER	User One	START	1672233528393
REQUEST		Select	1672233528157	1672233528423	OK	 
REQUEST		Update Redirect 1	1672233528163	1672233528423	OK	 
USER	User One	END	1672233528424
REQUEST		Search	1672233528172	1672233528427	OK	 
USER	User One	START	1672233528440
REQUEST		Home	1672233527496	1672233528448	OK	 
REQUEST		Search	1672233528195	1672233528448	OK	 
REQUEST		Update Redirect 1	1672233528187	1672233528448	OK	 
USER	User One	END	1672233528449
REQUEST		Select	1672233528219	1672233528477	OK	 
REQUEST		Search	1672233528234	1672233528486	OK	 
USER	User One	START	1672233528503
REQUEST		Select	1672233528251	1672233528515	OK	 
REQUEST		Update	1672233528274	1672233528536	OK	 
REQUEST		Update Redirect 1	1672233528288	1672233528538	OK	 
REQUEST		Update Redirect 1	1672233528274	1672233528538	OK	 
REQUEST		Search	1672233528281	1672233528540	OK	 
USER	User One	START	1672233528539
REQUEST		Select	1672233528266	1672233528542	OK	 
USER	User One	END	1672233528539
USER	User One	END	1672233528539
REQUEST		Home	1672233527544	1672233528547	OK	 
REQUEST		Update Redirect 1	1672233528308	1672233528554	OK	 
USER	User One	END	1672233528555
REQUEST		Search	1672233528329	1672233528561	OK	 
REQUEST		Home	1672233527593	1672233528563	OK	 
REQUEST		Search	1672233528329	1672233528579	OK	 
REQUEST		Update	1672233528330	1672233528585	OK	 
USER	User One	START	1672233528597
REQUEST		Select	1672233528345	1672233528605	OK	 
REQUEST		Update Redirect 1	1672233528365	1672233528606	OK	 
USER	User One	END	1672233528608
REQUEST		Update Redirect 1	1672233528365	1672233528611	OK	 
USER	User One	END	1672233528612
REQUEST		Select	1672233528386	1672233528625	OK	 
REQUEST		Home	1672233527640	1672233528626	OK	 
REQUEST		Search	1672233528392	1672233528627	OK	 
REQUEST		Update	1672233528380	1672233528627	OK	 
REQUEST		Home	1672233527704	1672233528640	OK	 
USER	User One	START	1672233528645
REQUEST		Update	1672233528423	1672233528689	OK	 
REQUEST		Home	1672233527741	1672233528689	OK	 
USER	User One	START	1672233528692
REQUEST		Select	1672233528440	1672233528694	OK	 
REQUEST		Home	1672233527797	1672233528717	OK	 
REQUEST		Update	1672233528477	1672233528730	OK	 
REQUEST		Select	1672233528485	1672233528732	OK	 
REQUEST		Search	1672233528487	1672233528736	OK	 
USER	User One	START	1672233528739
REQUEST		Update	1672233528516	1672233528772	OK	 
REQUEST		Search	1672233528533	1672233528788	OK	 
REQUEST		Update Redirect 1	1672233528537	1672233528796	OK	 
USER	User One	END	1672233528797
REQUEST		Update	1672233528543	1672233528801	OK	 
REQUEST		Select	1672233528549	1672233528802	OK	 
USER	User One	START	1672233528803
REQUEST		Home	1672233527844	1672233528809	OK	 
REQUEST		Select	1672233528549	1672233528809	OK	 
USER	User One	START	1672233528851
REQUEST		Update Redirect 1	1672233528585	1672233528853	OK	 
REQUEST		Update	1672233528605	1672233528853	OK	 
USER	User One	END	1672233528855
REQUEST		Home	1672233527892	1672233528859	OK	 
REQUEST		Search	1672233528581	1672233528864	OK	 
REQUEST		Update	1672233528625	1672233528872	OK	 
REQUEST		Home	1672233527939	1672233528880	OK	 
REQUEST		Update Redirect 1	1672233528627	1672233528880	OK	 
USER	User One	END	1672233528881
REQUEST		Select	1672233528628	1672233528881	OK	 
USER	User One	START	1672233528897
REQUEST		Search	1672233528645	1672233528907	OK	 
REQUEST		Select	1672233528676	1672233528927	OK	 
REQUEST		Home	1672233528001	1672233528933	OK	 
REQUEST		Update	1672233528694	1672233528940	OK	 
USER	User One	START	1672233528945
REQUEST		Update Redirect 1	1672233528689	1672233528960	OK	 
USER	User One	END	1672233528961
REQUEST		Update Redirect 1	1672233528730	1672233528985	OK	 
USER	User One	END	1672233528986
USER	User One	START	1672233528993
REQUEST		Home	1672233528048	1672233528994	OK	 
REQUEST		Update	1672233528733	1672233528994	OK	 
REQUEST		Search	1672233528755	1672233529007	OK	 
REQUEST		Select	1672233528755	1672233529007	OK	 
REQUEST		Search	1672233528771	1672233529008	OK	 
REQUEST		Search	1672233528755	1672233529008	OK	 
REQUEST		Update Redirect 1	1672233528772	1672233529018	OK	 
USER	User One	END	1672233529019
REQUEST		Select	1672233528786	1672233529030	OK	 
REQUEST		Home	1672233528095	1672233529034	OK	 
USER	User One	START	1672233529040
REQUEST		Update	1672233528802	1672233529071	OK	 
REQUEST		Update	1672233528810	1672233529071	OK	 
REQUEST		Select	1672233528819	1672233529074	OK	 
REQUEST		Search	1672233528803	1672233529075	OK	 
REQUEST		Update Redirect 1	1672233528801	1672233529075	OK	 
USER	User One	END	1672233529076
REQUEST		Home	1672233528142	1672233529088	OK	 
USER	User One	START	1672233529104
REQUEST		Update Redirect 1	1672233528854	1672233529110	OK	 
REQUEST		Update Redirect 1	1672233528872	1672233529110	OK	 
USER	User One	END	1672233529111
USER	User One	END	1672233529111
REQUEST		Home	1672233528189	1672233529115	OK	 
REQUEST		Search	1672233528882	1672233529132	OK	 
REQUEST		Update	1672233528882	1672233529132	OK	 
REQUEST		Select	1672233528881	1672233529132	OK	 
USER	User One	START	1672233529152
REQUEST		Update	1672233528927	1672233529166	OK	 
REQUEST		Search	1672233528928	1672233529174	OK	 
REQUEST		Update Redirect 1	1672233528941	1672233529175	OK	 
USER	User One	END	1672233529176
USER	User One	START	1672233529199
REQUEST		Select	1672233528961	1672233529248	OK	 
USER	User One	START	1672233529247
REQUEST		Update	1672233529007	1672233529251	OK	 
REQUEST		Search	1672233529024	1672233529259	OK	 
REQUEST		Home	1672233528250	1672233529259	OK	 
REQUEST		Update Redirect 1	1672233528995	1672233529259	OK	 
USER	User One	END	1672233529260
REQUEST		Search	1672233529024	1672233529266	OK	 
REQUEST		Select	1672233529008	1672233529268	OK	 
REQUEST		Select	1672233529024	1672233529269	OK	 
REQUEST		Home	1672233528297	1672233529269	OK	 
REQUEST		Update	1672233529031	1672233529269	OK	 
REQUEST		Search	1672233529024	1672233529273	OK	 
REQUEST		Home	1672233528345	1672233529287	OK	 
USER	User One	START	1672233529294
REQUEST		Update Redirect 1	1672233529071	1672233529326	OK	 
USER	User One	END	1672233529326
REQUEST		Home	1672233528394	1672233529330	OK	 
REQUEST		Update	1672233529074	1672233529334	OK	 
REQUEST		Update Redirect 1	1672233529071	1672233529334	OK	 
USER	User One	END	1672233529335
REQUEST		Select	1672233529087	1672233529340	OK	 
USER	User One	START	1672233529342
REQUEST		Search	1672233529104	1672233529344	OK	 
REQUEST		Update Redirect 1	1672233529132	1672233529374	OK	 
USER	User One	END	1672233529374
REQUEST		Update	1672233529132	1672233529378	OK	 
USER	User One	START	1672233529390
REQUEST		Home	1672233528440	1672233529411	OK	 
REQUEST		Select	1672233529143	1672233529411	OK	 
REQUEST		Update Redirect 1	1672233529166	1672233529411	OK	 
USER	User One	END	1672233529412
REQUEST		Search	1672233529183	1672233529432	OK	 
REQUEST		Home	1672233528503	1672233529440	OK	 
USER	User One	START	1672233529455
REQUEST		Home	1672233528540	1672233529470	OK	 
REQUEST		Select	1672233529215	1672233529474	OK	 
REQUEST		Update	1672233529248	1672233529497	OK	 
REQUEST		Select	1672233529248	1672233529498	OK	 
USER	User One	START	1672233529501
REQUEST		Search	1672233529258	1672233529502	OK	 
REQUEST		Update Redirect 1	1672233529252	1672233529502	OK	 
USER	User One	END	1672233529503
REQUEST		Search	1672233529263	1672233529504	OK	 
REQUEST		Select	1672233529262	1672233529511	OK	 
REQUEST		Update	1672233529268	1672233529519	OK	 
REQUEST		Update	1672233529269	1672233529523	OK	 
REQUEST		Update Redirect 1	1672233529269	1672233529524	OK	 
USER	User One	END	1672233529525
USER	User One	START	1672233529550
REQUEST		Home	1672233528597	1672233529566	OK	 
REQUEST		Select	1672233529326	1672233529566	OK	 
REQUEST		Home	1672233528645	1672233529580	OK	 
REQUEST		Update	1672233529340	1672233529584	OK	 
REQUEST		Update Redirect 1	1672233529334	1672233529584	OK	 
USER	User One	END	1672233529585
USER	User One	START	1672233529596
REQUEST		Search	1672233529342	1672233529598	OK	 
REQUEST		Select	1672233529358	1672233529601	OK	 
USER	User One	START	1672233529643
REQUEST		Search	1672233529390	1672233529646	OK	 
REQUEST		Home	1672233528692	1672233529647	OK	 
REQUEST		Update Redirect 1	1672233529378	1672233529647	OK	 
USER	User One	END	1672233529648
REQUEST		Search	1672233529406	1672233529668	OK	 
REQUEST		Update	1672233529411	1672233529672	OK	 
USER	User One	START	1672233529690
REQUEST		Select	1672233529470	1672233529731	OK	 
REQUEST		Select	1672233529470	1672233529731	OK	 
REQUEST		Search	1672233529470	1672233529733	OK	 
REQUEST		Home	1672233528739	1672233529733	OK	 
REQUEST		Update	1672233529475	1672233529733	OK	 
REQUEST		Update	1672233529498	1672233529739	OK	 
USER	User One	START	1672233529739
REQUEST		Update Redirect 1	1672233529498	1672233529740	OK	 
USER	User One	END	1672233529742
REQUEST		Search	1672233529502	1672233529750	OK	 
REQUEST		Home	1672233528803	1672233529750	OK	 
REQUEST		Update	1672233529511	1672233529751	OK	 
REQUEST		Select	1672233529518	1672233529761	OK	 
REQUEST		Update Redirect 1	1672233529519	1672233529766	OK	 
USER	User One	END	1672233529767
REQUEST		Update Redirect 1	1672233529524	1672233529776	OK	 
USER	User One	END	1672233529778
USER	User One	START	1672233529799
REQUEST		Search	1672233529550	1672233529807	OK	 
REQUEST		Update	1672233529566	1672233529807	OK	 
REQUEST		Home	1672233528851	1672233529809	OK	 
USER	User One	START	1672233529844
REQUEST		Update Redirect 1	1672233529584	1672233529855	OK	 
REQUEST		Home	1672233528898	1672233529856	OK	 
REQUEST		Update	1672233529601	1672233529857	OK	 
USER	User One	END	1672233529856
REQUEST		Select	1672233529611	1672233529858	OK	 
REQUEST		Search	1672233529611	1672233529876	OK	 
REQUEST		Select	1672233529611	1672233529889	OK	 
USER	User One	START	1672233529894
REQUEST		Home	1672233528945	1672233529924	OK	 
USER	User One	START	1672233529942
REQUEST		Update Redirect 1	1672233529672	1672233529943	OK	 
USER	User One	END	1672233529943
REQUEST		Search	1672233529690	1672233529944	OK	 
REQUEST		Home	1672233528993	1672233529969	OK	 
REQUEST		Update	1672233529731	1672233529974	OK	 
REQUEST		Update	1672233529731	1672233529987	OK	 
REQUEST		Update Redirect 1	1672233529734	1672233529988	OK	 
USER	User One	END	1672233529988
REQUEST		Update Redirect 1	1672233529739	1672233529991	OK	 
USER	User One	END	1672233529992
REQUEST		Select	1672233529742	1672233530002	OK	 
REQUEST		Select	1672233529735	1672233530003	OK	 
REQUEST		Search	1672233529751	1672233530003	OK	 
REQUEST		Update Redirect 1	1672233529751	1672233530004	OK	 
USER	User One	END	1672233530004
REQUEST		Search	1672233529737	1672233530005	OK	 
REQUEST		Home	1672233529040	1672233530011	OK	 
REQUEST		Select	1672233529737	1672233530011	OK	 
REQUEST		Update	1672233529761	1672233530014	OK	 
REQUEST		Update Redirect 1	1672233529807	1672233530050	OK	 
USER	User One	END	1672233530051
REQUEST		Search	1672233529809	1672233530051	OK	 
REQUEST		Home	1672233529104	1672233530052	OK	 
REQUEST		Search	1672233529831	1672233530070	OK	 
REQUEST		Select	1672233529846	1672233530103	OK	 
REQUEST		Update Redirect 1	1672233529857	1672233530118	OK	 
USER	User One	END	1672233530119
REQUEST		Home	1672233529152	1672233530127	OK	 
REQUEST		Update	1672233529859	1672233530127	OK	 
REQUEST		Update	1672233529890	1672233530152	OK	 
REQUEST		Home	1672233529199	1672233530157	OK	 
REQUEST		Search	1672233529909	1672233530163	OK	 
REQUEST		Home	1672233529247	1672233530211	OK	 
REQUEST		Select	1672233529953	1672233530215	OK	 
REQUEST		Search	1672233529957	1672233530221	OK	 
REQUEST		Home	1672233529294	1672233530238	OK	 
REQUEST		Update Redirect 1	1672233529974	1672233530239	OK	 
USER	User One	END	1672233530239
REQUEST		Update Redirect 1	1672233529988	1672233530239	OK	 
USER	User One	END	1672233530240
REQUEST		Select	1672233529957	1672233530243	OK	 
REQUEST		Home	1672233529342	1672233530256	OK	 
REQUEST		Update	1672233530003	1672233530256	OK	 
REQUEST		Update	1672233530002	1672233530256	OK	 
REQUEST		Select	1672233530004	1672233530257	OK	 
REQUEST		Select	1672233530021	1672233530258	OK	 
REQUEST		Update Redirect 1	1672233530014	1672233530259	OK	 
REQUEST		Update	1672233530011	1672233530259	OK	 
USER	User One	END	1672233530260
REQUEST		Search	1672233530021	1672233530265	OK	 
REQUEST		Search	1672233530069	1672233530323	OK	 
REQUEST		Select	1672233530100	1672233530358	OK	 
REQUEST		Select	1672233530100	1672233530371	OK	 
REQUEST		Search	1672233530100	1672233530371	OK	 
REQUEST		Home	1672233529390	1672233530373	OK	 
REQUEST		Update Redirect 1	1672233530128	1672233530374	OK	 
REQUEST		Update	1672233530103	1672233530374	OK	 
USER	User One	END	1672233530374
REQUEST		Select	1672233530147	1672233530383	OK	 
REQUEST		Home	1672233529455	1672233530412	OK	 
REQUEST		Update Redirect 1	1672233530152	1672233530414	OK	 
USER	User One	END	1672233530415
REQUEST		Select	1672233530178	1672233530432	OK	 
REQUEST		Search	1672233530178	1672233530433	OK	 
REQUEST		Search	1672233530209	1672233530450	OK	 
REQUEST		Home	1672233529501	1672233530463	OK	 
REQUEST		Update	1672233530216	1672233530464	OK	 
REQUEST		Search	1672233530237	1672233530493	OK	 
REQUEST		Select	1672233530240	1672233530503	OK	 
REQUEST		Update Redirect 1	1672233530256	1672233530503	OK	 
REQUEST		Update Redirect 1	1672233530256	1672233530503	OK	 
REQUEST		Update	1672233530244	1672233530504	OK	 
REQUEST		Update	1672233530258	1672233530504	OK	 
USER	User One	END	1672233530504
USER	User One	END	1672233530505
REQUEST		Update	1672233530259	1672233530505	OK	 
REQUEST		Update Redirect 1	1672233530260	1672233530515	OK	 
USER	User One	END	1672233530516
REQUEST		Search	1672233530288	1672233530529	OK	 
REQUEST		Home	1672233529596	1672233530535	OK	 
REQUEST		Home	1672233529550	1672233530543	OK	 
REQUEST		Home	1672233529643	1672233530569	OK	 
REQUEST		Select	1672233530320	1672233530576	OK	 
REQUEST		Search	1672233530368	1672233530608	OK	 
REQUEST		Update	1672233530358	1672233530607	OK	 
REQUEST		Update	1672233530372	1672233530619	OK	 
REQUEST		Update	1672233530384	1672233530619	OK	 
REQUEST		Search	1672233530383	1672233530625	OK	 
REQUEST		Update Redirect 1	1672233530374	1672233530625	OK	 
USER	User One	END	1672233530626
REQUEST		Home	1672233529690	1672233530638	OK	 
REQUEST		Update	1672233530432	1672233530684	OK	 
REQUEST		Home	1672233529739	1672233530688	OK	 
REQUEST		Select	1672233530428	1672233530688	OK	 
REQUEST		Select	1672233530450	1672233530694	OK	 
REQUEST		Search	1672233530459	1672233530721	OK	 
REQUEST		Update Redirect 1	1672233530464	1672233530721	OK	 
USER	User One	END	1672233530722
REQUEST		Update	1672233530503	1672233530765	OK	 
REQUEST		Select	1672233530491	1672233530765	OK	 
REQUEST		Update Redirect 1	1672233530505	1672233530765	OK	 
USER	User One	END	1672233530766
REQUEST		Home	1672233529799	1672233530769	OK	 
REQUEST		Update Redirect 1	1672233530505	1672233530769	OK	 
USER	User One	END	1672233530770
REQUEST		Update Redirect 1	1672233530504	1672233530770	OK	 
USER	User One	END	1672233530771
REQUEST		Select	1672233530570	1672233530803	OK	 
REQUEST		Select	1672233530554	1672233530808	OK	 
REQUEST		Search	1672233530570	1672233530815	OK	 
REQUEST		Home	1672233529845	1672233530815	OK	 
REQUEST		Search	1672233530554	1672233530815	OK	 
REQUEST		Update	1672233530577	1672233530815	OK	 
REQUEST		Select	1672233530585	1672233530844	OK	 
REQUEST		Update Redirect 1	1672233530608	1672233530864	OK	 
REQUEST		Update Redirect 1	1672233530619	1672233530864	OK	 
USER	User One	END	1672233530864
USER	User One	END	1672233530865
REQUEST		Select	1672233530632	1672233530876	OK	 
REQUEST		Update Redirect 1	1672233530619	1672233530876	OK	 
USER	User One	END	1672233530877
REQUEST		Search	1672233530632	1672233530878	OK	 
REQUEST		Home	1672233529894	1672233530879	OK	 
REQUEST		Search	1672233530647	1672233530916	OK	 
REQUEST		Home	1672233529942	1672233530925	OK	 
REQUEST		Update Redirect 1	1672233530685	1672233530927	OK	 
USER	User One	END	1672233530928
REQUEST		Search	1672233530694	1672233530944	OK	 
REQUEST		Update	1672233530698	1672233530947	OK	 
REQUEST		Update	1672233530688	1672233530947	OK	 
REQUEST		Search	1672233530725	1672233530992	OK	 
REQUEST		Select	1672233530740	1672233531008	OK	 
REQUEST		Update Redirect 1	1672233530765	1672233531010	OK	 
USER	User One	END	1672233531011
REQUEST		Update	1672233530765	1672233531015	OK	 
REQUEST		Update	1672233530803	1672233531044	OK	 
REQUEST		Select	1672233530803	1672233531054	OK	 
REQUEST		Update	1672233530808	1672233531054	OK	 
REQUEST		Update Redirect 1	1672233530815	1672233531057	OK	 
USER	User One	END	1672233531058
REQUEST		Search	1672233530815	1672233531088	OK	 
REQUEST		Update	1672233530845	1672233531088	OK	 
REQUEST		Search	1672233530866	1672233531115	OK	 
REQUEST		Update	1672233530877	1672233531128	OK	 
REQUEST		Select	1672233530866	1672233531129	OK	 
REQUEST		Search	1672233530882	1672233531134	OK	 
REQUEST		Select	1672233530914	1672233531164	OK	 
REQUEST		Search	1672233530945	1672233531187	OK	 
REQUEST		Update Redirect 1	1672233530947	1672233531211	OK	 
USER	User One	END	1672233531212
REQUEST		Update Redirect 1	1672233530947	1672233531220	OK	 
USER	User One	END	1672233531220
REQUEST		Select	1672233531008	1672233531254	OK	 
REQUEST		Search	1672233531007	1672233531254	OK	 
REQUEST		Update	1672233531009	1672233531258	OK	 
REQUEST		Select	1672233531023	1672233531269	OK	 
REQUEST		Search	1672233531038	1672233531269	OK	 
REQUEST		Select	1672233531023	1672233531271	OK	 
REQUEST		Update Redirect 1	1672233531015	1672233531271	OK	 
USER	User One	END	1672233531272
REQUEST		Update Redirect 1	1672233531045	1672233531279	OK	 
USER	User One	END	1672233531279
REQUEST		Update Redirect 1	1672233531054	1672233531314	OK	 
REQUEST		Update	1672233531055	1672233531313	OK	 
USER	User One	END	1672233531314
REQUEST		Select	1672233531076	1672233531334	OK	 
REQUEST		Search	1672233531089	1672233531339	OK	 
REQUEST		Update Redirect 1	1672233531089	1672233531341	OK	 
USER	User One	END	1672233531342
REQUEST		Search	1672233531115	1672233531361	OK	 
REQUEST		Update Redirect 1	1672233531128	1672233531383	OK	 
USER	User One	END	1672233531383
REQUEST		Update	1672233531129	1672233531388	OK	 
REQUEST		Select	1672233531146	1672233531406	OK	 
REQUEST		Update	1672233531165	1672233531408	OK	 
REQUEST		Select	1672233531178	1672233531429	OK	 
REQUEST		Update	1672233531255	1672233531504	OK	 
REQUEST		Select	1672233531272	1672233531509	OK	 
REQUEST		Update	1672233531269	1672233531513	OK	 
REQUEST		Select	1672233531273	1672233531526	OK	 
REQUEST		Update	1672233531271	1672233531526	OK	 
REQUEST		Update Redirect 1	1672233531258	1672233531526	OK	 
REQUEST		Search	1672233531273	1672233531527	OK	 
REQUEST		Select	1672233531288	1672233531527	OK	 
REQUEST		Search	1672233531288	1672233531528	OK	 
USER	User One	END	1672233531527
REQUEST		Search	1672233531273	1672233531528	OK	 
REQUEST		Update Redirect 1	1672233531314	1672233531568	OK	 
USER	User One	END	1672233531568
REQUEST		Update	1672233531335	1672233531583	OK	 
REQUEST		Search	1672233531336	1672233531588	OK	 
REQUEST		Select	1672233531352	1672233531594	OK	 
REQUEST		Update Redirect 1	1672233531388	1672233531654	OK	 
REQUEST		Update	1672233531407	1672233531654	OK	 
USER	User One	END	1672233531654
REQUEST		Search	1672233531414	1672233531659	OK	 
REQUEST		Update Redirect 1	1672233531408	1672233531659	OK	 
USER	User One	END	1672233531660
REQUEST		Update	1672233531429	1672233531668	OK	 
REQUEST		Select	1672233531445	1672233531728	OK	 
REQUEST		Search	1672233531445	1672233531728	OK	 
REQUEST		Search	1672233531477	1672233531734	OK	 
REQUEST		Update Redirect 1	1672233531504	1672233531750	OK	 
USER	User One	END	1672233531751
REQUEST		Select	1672233531507	1672233531759	OK	 
REQUEST		Select	1672233531507	1672233531759	OK	 
REQUEST		Update	1672233531509	1672233531759	OK	 
REQUEST		Update Redirect 1	1672233531513	1672233531760	OK	 
USER	User One	END	1672233531760
REQUEST		Update Redirect 1	1672233531526	1672233531768	OK	 
USER	User One	END	1672233531768
REQUEST		Update	1672233531526	1672233531772	OK	 
REQUEST		Update	1672233531528	1672233531778	OK	 
REQUEST		Search	1672233531571	1672233531815	OK	 
REQUEST		Update Redirect 1	1672233531583	1672233531835	OK	 
REQUEST		Update	1672233531595	1672233531835	OK	 
USER	User One	END	1672233531836
REQUEST		Search	1672233531583	1672233531836	OK	 
REQUEST		Select	1672233531603	1672233531885	OK	 
REQUEST		Select	1672233531650	1672233531902	OK	 
REQUEST		Search	1672233531650	1672233531904	OK	 
REQUEST		Update Redirect 1	1672233531668	1672233531914	OK	 
USER	User One	END	1672233531914
REQUEST		Update Redirect 1	1672233531654	1672233531920	OK	 
USER	User One	END	1672233531921
REQUEST		Select	1672233531680	1672233531939	OK	 
REQUEST		Update	1672233531729	1672233531976	OK	 
REQUEST		Update Redirect 1	1672233531759	1672233531991	OK	 
USER	User One	END	1672233531992
REQUEST		Select	1672233531744	1672233531994	OK	 
REQUEST		Search	1672233531744	1672233531995	OK	 
REQUEST		Update	1672233531759	1672233531995	OK	 
REQUEST		Select	1672233531760	1672233532004	OK	 
REQUEST		Update	1672233531759	1672233532004	OK	 
REQUEST		Search	1672233531760	1672233532016	OK	 
REQUEST		Update Redirect 1	1672233531772	1672233532024	OK	 
USER	User One	END	1672233532025
REQUEST		Update Redirect 1	1672233531779	1672233532031	OK	 
USER	User One	END	1672233532031
REQUEST		Select	1672233531808	1672233532055	OK	 
REQUEST		Search	1672233531824	1672233532073	OK	 
REQUEST		Update Redirect 1	1672233531835	1672233532097	OK	 
USER	User One	END	1672233532098
REQUEST		Search	1672233531872	1672233532125	OK	 
REQUEST		Update	1672233531886	1672233532148	OK	 
REQUEST		Select	1672233531888	1672233532149	OK	 
REQUEST		Update	1672233531903	1672233532162	OK	 
REQUEST		Search	1672233531935	1672233532216	OK	 
REQUEST		Select	1672233531951	1672233532217	OK	 
REQUEST		Update	1672233531939	1672233532217	OK	 
REQUEST		Update Redirect 1	1672233531977	1672233532237	OK	 
USER	User One	END	1672233532237
REQUEST		Update Redirect 1	1672233531995	1672233532238	OK	 
REQUEST		Search	1672233531977	1672233532238	OK	 
REQUEST		Update	1672233531994	1672233532238	OK	 
USER	User One	END	1672233532238
REQUEST		Update Redirect 1	1672233532005	1672233532241	OK	 
USER	User One	END	1672233532242
REQUEST		Update	1672233532005	1672233532246	OK	 
REQUEST		Select	1672233532014	1672233532276	OK	 
REQUEST		Select	1672233532014	1672233532276	OK	 
REQUEST		Search	1672233532014	1672233532288	OK	 
REQUEST		Update	1672233532055	1672233532309	OK	 
REQUEST		Select	1672233532061	1672233532309	OK	 
REQUEST		Select	1672233532076	1672233532314	OK	 
REQUEST		Search	1672233532061	1672233532315	OK	 
REQUEST		Search	1672233532140	1672233532386	OK	 
REQUEST		Update Redirect 1	1672233532149	1672233532407	OK	 
REQUEST		Update Redirect 1	1672233532163	1672233532407	OK	 
USER	User One	END	1672233532407
USER	User One	END	1672233532407
REQUEST		Update	1672233532149	1672233532411	OK	 
REQUEST		Search	1672233532172	1672233532437	OK	 
REQUEST		Select	1672233532172	1672233532454	OK	 
REQUEST		Search	1672233532220	1672233532470	OK	 
REQUEST		Update	1672233532217	1672233532474	OK	 
REQUEST		Select	1672233532233	1672233532474	OK	 
REQUEST		Update Redirect 1	1672233532217	1672233532481	OK	 
REQUEST		Update Redirect 1	1672233532238	1672233532481	OK	 
USER	User One	END	1672233532482
USER	User One	END	1672233532482
REQUEST		Update Redirect 1	1672233532246	1672233532484	OK	 
REQUEST		Search	1672233532252	1672233532484	OK	 
USER	User One	END	1672233532486
REQUEST		Search	1672233532268	1672233532524	OK	 
REQUEST		Select	1672233532268	1672233532525	OK	 
REQUEST		Update	1672233532277	1672233532534	OK	 
REQUEST		Update	1672233532277	1672233532540	OK	 
REQUEST		Update	1672233532309	1672233532549	OK	 
REQUEST		Update Redirect 1	1672233532309	1672233532552	OK	 
REQUEST		Update	1672233532314	1672233532552	OK	 
USER	User One	END	1672233532553
REQUEST		Select	1672233532330	1672233532595	OK	 
REQUEST		Search	1672233532377	1672233532625	OK	 
REQUEST		Select	1672233532377	1672233532633	OK	 
REQUEST		Select	1672233532441	1672233532686	OK	 
REQUEST		Update Redirect 1	1672233532411	1672233532688	OK	 
USER	User One	END	1672233532689
REQUEST		Search	1672233532425	1672233532693	OK	 
REQUEST		Select	1672233532458	1672233532714	OK	 
REQUEST		Update	1672233532455	1672233532714	OK	 
REQUEST		Search	1672233532473	1672233532721	OK	 
REQUEST		Update	1672233532476	1672233532727	OK	 
REQUEST		Update Redirect 1	1672233532475	1672233532734	OK	 
USER	User One	END	1672233532735
REQUEST		Select	1672233532505	1672233532765	OK	 
REQUEST		Select	1672233532536	1672233532774	OK	 
REQUEST		Update	1672233532525	1672233532776	OK	 
REQUEST		Search	1672233532536	1672233532782	OK	 
REQUEST		Update Redirect 1	1672233532534	1672233532785	OK	 
USER	User One	END	1672233532785
REQUEST		Update Redirect 1	1672233532541	1672233532787	OK	 
USER	User One	END	1672233532787
REQUEST		Update Redirect 1	1672233532550	1672233532789	OK	 
USER	User One	END	1672233532789
REQUEST		Search	1672233532551	1672233532799	OK	 
REQUEST		Update Redirect 1	1672233532553	1672233532816	OK	 
USER	User One	END	1672233532817
REQUEST		Search	1672233532582	1672233532844	OK	 
REQUEST		Update	1672233532595	1672233532848	OK	 
REQUEST		Select	1672233532613	1672233532863	OK	 
REQUEST		Select	1672233532628	1672233532869	OK	 
REQUEST		Update	1672233532634	1672233532873	OK	 
REQUEST		Search	1672233532643	1672233532884	OK	 
REQUEST		Update	1672233532686	1672233532928	OK	 
REQUEST		Search	1672233532704	1672233532949	OK	 
REQUEST		Update	1672233532715	1672233532968	OK	 
REQUEST		Update Redirect 1	1672233532714	1672233532973	OK	 
REQUEST		Select	1672233532722	1672233532973	OK	 
USER	User One	END	1672233532974
REQUEST		Update Redirect 1	1672233532727	1672233532974	OK	 
USER	User One	END	1672233532975
REQUEST		Update	1672233532774	1672233533011	OK	 
REQUEST		Update	1672233532765	1672233533019	OK	 
REQUEST		Search	1672233532782	1672233533040	OK	 
REQUEST		Update Redirect 1	1672233532776	1672233533046	OK	 
USER	User One	END	1672233533047
REQUEST		Select	1672233532829	1672233533088	OK	 
REQUEST		Search	1672233532829	1672233533095	OK	 
REQUEST		Select	1672233532829	1672233533105	OK	 
REQUEST		Update Redirect 1	1672233532848	1672233533107	OK	 
USER	User One	END	1672233533108
REQUEST		Update	1672233532869	1672233533110	OK	 
REQUEST		Update	1672233532863	1672233533110	OK	 
REQUEST		Update Redirect 1	1672233532873	1672233533120	OK	 
USER	User One	END	1672233533121
REQUEST		Select	1672233532890	1672233533167	OK	 
REQUEST		Update Redirect 1	1672233532928	1672233533168	OK	 
USER	User One	END	1672233533168
REQUEST		Search	1672233532890	1672233533172	OK	 
REQUEST		Select	1672233532921	1672233533175	OK	 
REQUEST		Search	1672233532937	1672233533181	OK	 
REQUEST		Select	1672233532946	1672233533194	OK	 
REQUEST		Select	1672233532999	1672233533251	OK	 
REQUEST		Update Redirect 1	1672233532969	1672233533252	OK	 
USER	User One	END	1672233533254
REQUEST		Update	1672233532974	1672233533256	OK	 
REQUEST		Update Redirect 1	1672233533011	1672233533257	OK	 
USER	User One	END	1672233533258
REQUEST		Update Redirect 1	1672233533019	1672233533267	OK	 
USER	User One	END	1672233533268
REQUEST		Update	1672233533088	1672233533334	OK	 
REQUEST		Select	1672233533094	1672233533342	OK	 
REQUEST		Update Redirect 1	1672233533110	1672233533358	OK	 
USER	User One	END	1672233533359
REQUEST		Update	1672233533105	1672233533362	OK	 
REQUEST		Select	1672233533125	1672233533362	OK	 
REQUEST		Update Redirect 1	1672233533110	1672233533370	OK	 
USER	User One	END	1672233533371
REQUEST		Select	1672233533140	1672233533407	OK	 
REQUEST		Update	1672233533167	1672233533413	OK	 
REQUEST		Update	1672233533176	1672233533421	OK	 
REQUEST		Select	1672233533188	1672233533433	OK	 
REQUEST		Update	1672233533194	1672233533451	OK	 
REQUEST		Update	1672233533251	1672233533509	OK	 
REQUEST		Update Redirect 1	1672233533256	1672233533516	OK	 
USER	User One	END	1672233533517
REQUEST		Select	1672233533267	1672233533521	OK	 
REQUEST		Select	1672233533283	1672233533530	OK	 
REQUEST		Update Redirect 1	1672233533334	1672233533599	OK	 
REQUEST		Select	1672233533362	1672233533600	OK	 
USER	User One	END	1672233533600
REQUEST		Select	1672233533346	1672233533600	OK	 
REQUEST		Update	1672233533342	1672233533602	OK	 
REQUEST		Update	1672233533363	1672233533610	OK	 
REQUEST		Update Redirect 1	1672233533362	1672233533614	OK	 
USER	User One	END	1672233533615
REQUEST		Update	1672233533407	1672233533658	OK	 
REQUEST		Update Redirect 1	1672233533422	1672233533662	OK	 
USER	User One	END	1672233533663
REQUEST		Update Redirect 1	1672233533413	1672233533666	OK	 
USER	User One	END	1672233533667
REQUEST		Update	1672233533433	1672233533674	OK	 
REQUEST		Update Redirect 1	1672233533451	1672233533714	OK	 
USER	User One	END	1672233533715
REQUEST		Update Redirect 1	1672233533509	1672233533748	OK	 
USER	User One	END	1672233533749
REQUEST		Update	1672233533522	1672233533763	OK	 
REQUEST		Update	1672233533531	1672233533778	OK	 
REQUEST		Select	1672233533535	1672233533778	OK	 
REQUEST		Select	1672233533535	1672233533793	OK	 
REQUEST		Select	1672233533535	1672233533804	OK	 
REQUEST		Select	1672233533598	1672233533837	OK	 
REQUEST		Update	1672233533600	1672233533846	OK	 
REQUEST		Update Redirect 1	1672233533611	1672233533869	OK	 
REQUEST		Update	1672233533601	1672233533868	OK	 
USER	User One	END	1672233533869
REQUEST		Update Redirect 1	1672233533603	1672233533884	OK	 
USER	User One	END	1672233533885
REQUEST		Select	1672233533661	1672233533921	OK	 
REQUEST		Update Redirect 1	1672233533658	1672233533922	OK	 
USER	User One	END	1672233533922
REQUEST		Update Redirect 1	1672233533674	1672233533930	OK	 
USER	User One	END	1672233533931
REQUEST		Select	1672233533740	1672233533983	OK	 
REQUEST		Select	1672233533740	1672233533985	OK	 
REQUEST		Update Redirect 1	1672233533763	1672233534008	OK	 
USER	User One	END	1672233534009
REQUEST		Update Redirect 1	1672233533778	1672233534044	OK	 
USER	User One	END	1672233534045
REQUEST		Update	1672233533778	1672233534046	OK	 
REQUEST		Update	1672233533793	1672233534048	OK	 
REQUEST		Select	1672233533818	1672233534054	OK	 
REQUEST		Update	1672233533804	1672233534059	OK	 
REQUEST		Update	1672233533837	1672233534084	OK	 
REQUEST		Update Redirect 1	1672233533846	1672233534093	OK	 
USER	User One	END	1672233534094
REQUEST		Select	1672233533848	1672233534098	OK	 
REQUEST		Update Redirect 1	1672233533869	1672233534123	OK	 
USER	User One	END	1672233534124
REQUEST		Select	1672233533908	1672233534159	OK	 
REQUEST		Update	1672233533921	1672233534163	OK	 
REQUEST		Update	1672233533983	1672233534225	OK	 
REQUEST		Update	1672233533986	1672233534241	OK	 
REQUEST		Select	1672233534003	1672233534255	OK	 
REQUEST		Select	1672233534019	1672233534284	OK	 
REQUEST		Update Redirect 1	1672233534046	1672233534287	OK	 
USER	User One	END	1672233534288
REQUEST		Update	1672233534054	1672233534292	OK	 
REQUEST		Update Redirect 1	1672233534048	1672233534299	OK	 
USER	User One	END	1672233534299
REQUEST		Update Redirect 1	1672233534060	1672233534305	OK	 
USER	User One	END	1672233534306
REQUEST		Update Redirect 1	1672233534084	1672233534330	OK	 
USER	User One	END	1672233534331
REQUEST		Select	1672233534080	1672233534334	OK	 
REQUEST		Update	1672233534098	1672233534336	OK	 
REQUEST		Select	1672233534127	1672233534374	OK	 
REQUEST		Update	1672233534159	1672233534401	OK	 
REQUEST		Update Redirect 1	1672233534163	1672233534408	OK	 
USER	User One	END	1672233534408
REQUEST		Select	1672233534219	1672233534463	OK	 
REQUEST		Update Redirect 1	1672233534225	1672233534468	OK	 
USER	User One	END	1672233534469
REQUEST		Select	1672233534249	1672233534499	OK	 
REQUEST		Update Redirect 1	1672233534241	1672233534499	OK	 
USER	User One	END	1672233534499
REQUEST		Update	1672233534255	1672233534516	OK	 
REQUEST		Update Redirect 1	1672233534293	1672233534529	OK	 
USER	User One	END	1672233534529
REQUEST		Update	1672233534285	1672233534541	OK	 
REQUEST		Select	1672233534294	1672233534544	OK	 
REQUEST		Select	1672233534327	1672233534580	OK	 
REQUEST		Update Redirect 1	1672233534336	1672233534580	OK	 
USER	User One	END	1672233534581
REQUEST		Update	1672233534335	1672233534583	OK	 
REQUEST		Update	1672233534374	1672233534625	OK	 
REQUEST		Select	1672233534391	1672233534642	OK	 
REQUEST		Update Redirect 1	1672233534401	1672233534642	OK	 
USER	User One	END	1672233534643
REQUEST		Select	1672233534438	1672233534695	OK	 
REQUEST		Update	1672233534464	1672233534707	OK	 
REQUEST		Select	1672233534484	1672233534735	OK	 
REQUEST		Select	1672233534499	1672233534743	OK	 
REQUEST		Update	1672233534499	1672233534751	OK	 
REQUEST		Update Redirect 1	1672233534517	1672233534768	OK	 
USER	User One	END	1672233534769
REQUEST		Select	1672233534530	1672233534775	OK	 
REQUEST		Update Redirect 1	1672233534541	1672233534783	OK	 
USER	User One	END	1672233534784
REQUEST		Update	1672233534545	1672233534790	OK	 
REQUEST		Update Redirect 1	1672233534583	1672233534847	OK	 
REQUEST		Update	1672233534580	1672233534847	OK	 
USER	User One	END	1672233534847
REQUEST		Update Redirect 1	1672233534625	1672233534874	OK	 
REQUEST		Select	1672233534626	1672233534874	OK	 
USER	User One	END	1672233534875
REQUEST		Update	1672233534643	1672233534895	OK	 
REQUEST		Update	1672233534695	1672233534943	OK	 
REQUEST		Update Redirect 1	1672233534708	1672233534957	OK	 
REQUEST		Select	1672233534705	1672233534959	OK	 
USER	User One	END	1672233534958
REQUEST		Update	1672233534735	1672233534984	OK	 
REQUEST		Update	1672233534744	1672233534989	OK	 
REQUEST		Select	1672233534737	1672233534992	OK	 
REQUEST		Update Redirect 1	1672233534752	1672233535006	OK	 
USER	User One	END	1672233535007
REQUEST		Update	1672233534776	1672233535023	OK	 
REQUEST		Select	1672233534784	1672233535038	OK	 
REQUEST		Update Redirect 1	1672233534790	1672233535043	OK	 
USER	User One	END	1672233535044
REQUEST		Select	1672233534801	1672233535044	OK	 
REQUEST		Select	1672233534847	1672233535105	OK	 
REQUEST		Update Redirect 1	1672233534847	1672233535113	OK	 
USER	User One	END	1672233535114
REQUEST		Update	1672233534874	1672233535137	OK	 
REQUEST		Update Redirect 1	1672233534895	1672233535138	OK	 
USER	User One	END	1672233535138
REQUEST		Select	1672233534895	1672233535165	OK	 
REQUEST		Update Redirect 1	1672233534944	1672233535224	OK	 
REQUEST		Update	1672233534959	1672233535225	OK	 
REQUEST		Select	1672233534957	1672233535225	OK	 
USER	User One	END	1672233535226
REQUEST		Update Redirect 1	1672233534984	1672233535228	OK	 
USER	User One	END	1672233535229
REQUEST		Update Redirect 1	1672233534990	1672233535234	OK	 
USER	User One	END	1672233535235
REQUEST		Update	1672233534992	1672233535247	OK	 
REQUEST		Update	1672233535039	1672233535280	OK	 
REQUEST		Update Redirect 1	1672233535023	1672233535281	OK	 
USER	User One	END	1672233535282
REQUEST		Select	1672233535053	1672233535287	OK	 
REQUEST		Update	1672233535045	1672233535294	OK	 
REQUEST		Update	1672233535105	1672233535342	OK	 
REQUEST		Select	1672233535100	1672233535359	OK	 
REQUEST		Update Redirect 1	1672233535138	1672233535387	OK	 
USER	User One	END	1672233535388
REQUEST		Update	1672233535165	1672233535425	OK	 
REQUEST		Select	1672233535194	1672233535438	OK	 
REQUEST		Select	1672233535178	1672233535440	OK	 
REQUEST		Update	1672233535225	1672233535487	OK	 
REQUEST		Update Redirect 1	1672233535225	1672233535494	OK	 
USER	User One	END	1672233535496
REQUEST		Update Redirect 1	1672233535247	1672233535519	OK	 
USER	User One	END	1672233535520
REQUEST		Update Redirect 1	1672233535281	1672233535538	OK	 
USER	User One	END	1672233535539
REQUEST		Update	1672233535287	1672233535553	OK	 
REQUEST		Update Redirect 1	1672233535295	1672233535564	OK	 
USER	User One	END	1672233535565
REQUEST		Update Redirect 1	1672233535343	1672233535589	OK	 
USER	User One	END	1672233535589
REQUEST		Update	1672233535360	1672233535618	OK	 
REQUEST		Update Redirect 1	1672233535426	1672233535669	OK	 
USER	User One	END	1672233535669
REQUEST		Update	1672233535438	1672233535672	OK	 
REQUEST		Update	1672233535440	1672233535692	OK	 
REQUEST		Update Redirect 1	1672233535487	1672233535732	OK	 
USER	User One	END	1672233535733
REQUEST		Update Redirect 1	1672233535553	1672233535809	OK	 
USER	User One	END	1672233535810
REQUEST		Update Redirect 1	1672233535618	1672233535888	OK	 
USER	User One	END	1672233535888
REQUEST		Update Redirect 1	1672233535673	1672233535928	OK	 
USER	User One	END	1672233535929
REQUEST		Update Redirect 1	1672233535692	1672233535974	OK	 
USER	User One	END	1672233535975
