RUN	com.gatling.tests.orange	orange	1672233546538	 	3.6.1
USER	orange	START	1672233548215
REQUEST		orangelogin	1672233548245	1672233549213	OK	 
REQUEST		orangelogin Redirect 1	1672233549263	1672233549814	OK	 
REQUEST		favicon.ico?1666596668857	1672233549967	1672233550175	OK	 
REQUEST		request_2	1672233550180	1672233550547	OK	 
REQUEST		request_3	1672233550548	1672233550872	KO	status.find.in(200,201,202,203,204,205,206,207,208,209,304), found 401
REQUEST		request_4	1672233550879	1672233551310	OK	 
REQUEST		request_5	1672233551311	1672233552026	KO	status.find.in(200,201,202,203,204,205,206,207,208,209,304), found 401
REQUEST		request_1	1672233549971	1672233552156	OK	 
REQUEST		request_6	1672233552027	1672233552695	KO	status.find.in(200,201,202,203,204,205,206,207,208,209,304), found 401
REQUEST		request_7	1672233552161	1672233552792	KO	status.find.in(200,201,202,203,204,205,206,207,208,209,304), found 401
REQUEST		request_8	1672233552696	1672233553225	KO	status.find.in(200,201,202,203,204,205,206,207,208,209,304), found 401
REQUEST		chunk-vendors.css?1666596668857	1672233549969	1672233553347	OK	 
REQUEST		request_9	1672233552794	1672233553597	KO	status.find.in(200,201,202,203,204,205,206,207,208,209,304), found 401
REQUEST		request_10	1672233553226	1672233554089	OK	 
REQUEST		app.css?1666596668857	1672233549970	1672233554154	OK	 
REQUEST		request_10	1672233554089	1672233555029	OK	 
REQUEST		app.js?1666596668857	1672233549970	1672233555095	OK	 
REQUEST		chunk-vendors.js?1666596668857	1672233549970	1672233555149	OK	 
USER	orange	END	1672233555158
