RUN	com.gatling.tests.ComeSearchandEdit5	comesearchandedit5	1672233947367	 	3.6.1
USER	User One	START	1672233949147
USER	User One	START	1672233949195
USER	User One	START	1672233949099
USER	User One	START	1672233949047
USER	User One	START	1672233949243
USER	User One	START	1672233949290
USER	User One	START	1672233949337
USER	User One	START	1672233949399
USER	User One	START	1672233949447
USER	User One	START	1672233949495
USER	User One	START	1672233949542
USER	User One	START	1672233949590
USER	User One	START	1672233949637
USER	User One	START	1672233949701
USER	User One	START	1672233949749
USER	User One	START	1672233949797
USER	User One	START	1672233949844
USER	User One	START	1672233949891
USER	User One	START	1672233949939
USER	User One	START	1672233950001
USER	User One	START	1672233950047
USER	User One	START	1672233950094
USER	User One	START	1672233950139
USER	User One	START	1672233950203
USER	User One	START	1672233950242
REQUEST		Home	1672233949290	1672233950253	OK	 
REQUEST		Home	1672233949147	1672233950244	OK	 
REQUEST		Home	1672233949243	1672233950267	OK	 
REQUEST		Home	1672233949068	1672233950244	OK	 
REQUEST		Home	1672233949195	1672233950246	OK	 
REQUEST		Home	1672233949099	1672233950243	OK	 
REQUEST		Home	1672233949337	1672233950307	OK	 
REQUEST		Home	1672233949399	1672233950362	OK	 
USER	User One	START	1672233950397
USER	User One	START	1672233950398
USER	User One	START	1672233950397
REQUEST		Home	1672233949447	1672233950437	OK	 
USER	User One	START	1672233950448
USER	User One	START	1672233950496
USER	User One	START	1672233950543
USER	User One	START	1672233950590
USER	User One	START	1672233950652
REQUEST		Home	1672233949496	1672233950680	OK	 
REQUEST		Home	1672233949637	1672233950682	OK	 
REQUEST		Home	1672233949590	1672233950689	OK	 
REQUEST		Home	1672233949543	1672233950689	OK	 
REQUEST		Home	1672233949702	1672233950691	OK	 
USER	User One	START	1672233950698
REQUEST		Home	1672233949749	1672233950707	OK	 
USER	User One	START	1672233950746
REQUEST		Home	1672233949798	1672233950793	OK	 
USER	User One	START	1672233950794
USER	User One	START	1672233950840
USER	User One	START	1672233950888
REQUEST		Home	1672233950001	1672233950941	OK	 
REQUEST		Home	1672233949891	1672233950943	OK	 
REQUEST		Home	1672233949939	1672233950948	OK	 
REQUEST		Home	1672233949844	1672233950952	OK	 
USER	User One	START	1672233950952
REQUEST		Home	1672233950048	1672233950996	OK	 
USER	User One	START	1672233950997
USER	User One	START	1672233951044
REQUEST		Home	1672233950095	1672233951047	OK	 
USER	User One	START	1672233951092
REQUEST		Home	1672233950140	1672233951107	OK	 
USER	User One	START	1672233951138
REQUEST		Home	1672233950203	1672233951176	OK	 
USER	User One	START	1672233951186
REQUEST		Home	1672233950242	1672233951201	OK	 
USER	User One	START	1672233951234
USER	User One	START	1672233951297
USER	User One	START	1672233951345
REQUEST		Home	1672233950400	1672233951366	OK	 
USER	User One	START	1672233951393
REQUEST		Home	1672233950449	1672233951399	OK	 
REQUEST		Home	1672233950398	1672233951401	OK	 
REQUEST		Home	1672233950397	1672233951407	OK	 
USER	User One	START	1672233951440
REQUEST		Home	1672233950544	1672233951476	OK	 
REQUEST		Home	1672233950497	1672233951476	OK	 
USER	User One	START	1672233951488
USER	User One	START	1672233951534
REQUEST		Home	1672233950590	1672233951561	OK	 
USER	User One	START	1672233951597
USER	User One	START	1672233951645
REQUEST		Home	1672233950652	1672233951662	OK	 
REQUEST		Home	1672233950698	1672233951668	OK	 
REQUEST		Home	1672233950747	1672233951686	OK	 
USER	User One	START	1672233951693
USER	User One	START	1672233951741
REQUEST		Home	1672233950795	1672233951768	OK	 
USER	User One	START	1672233951789
REQUEST		Home	1672233950841	1672233951800	OK	 
REQUEST		Home	1672233950888	1672233951837	OK	 
USER	User One	START	1672233951837
USER	User One	START	1672233951884
REQUEST		Home	1672233950952	1672233951890	OK	 
USER	User One	START	1672233951947
REQUEST		Home	1672233950997	1672233951957	OK	 
REQUEST		Home	1672233951044	1672233951985	OK	 
USER	User One	START	1672233951994
REQUEST		Home	1672233951092	1672233952036	OK	 
USER	User One	START	1672233952042
USER	User One	START	1672233952089
REQUEST		Home	1672233951138	1672233952121	OK	 
REQUEST		Home	1672233951186	1672233952125	OK	 
USER	User One	START	1672233952137
REQUEST		Home	1672233951234	1672233952176	OK	 
USER	User One	START	1672233952185
REQUEST		Home	1672233951298	1672233952234	OK	 
USER	User One	START	1672233952247
REQUEST		Home	1672233951346	1672233952281	OK	 
USER	User One	START	1672233952295
USER	User One	START	1672233952344
REQUEST		Home	1672233951393	1672233952350	OK	 
REQUEST		Home	1672233951440	1672233952380	OK	 
USER	User One	START	1672233952391
USER	User One	START	1672233952438
REQUEST		Home	1672233951488	1672233952481	OK	 
USER	User One	START	1672233952483
REQUEST		Home	1672233951534	1672233952485	OK	 
REQUEST		Home	1672233951597	1672233952539	OK	 
USER	User One	START	1672233952547
USER	User One	START	1672233952593
REQUEST		Home	1672233951646	1672233952636	OK	 
USER	User One	START	1672233952640
REQUEST		Home	1672233951693	1672233952650	OK	 
REQUEST		Search	1672233952400	1672233952650	OK	 
REQUEST		Search	1672233952402	1672233952652	OK	 
REQUEST		Search	1672233952407	1672233952655	OK	 
REQUEST		Search	1672233952409	1672233952678	OK	 
REQUEST		Search	1672233952409	1672233952679	OK	 
REQUEST		Search	1672233952407	1672233952681	OK	 
REQUEST		Search	1672233952411	1672233952681	OK	 
REQUEST		Search	1672233952409	1672233952683	OK	 
USER	User One	START	1672233952684
REQUEST		Home	1672233951741	1672233952694	OK	 
REQUEST		Search	1672233952453	1672233952711	OK	 
USER	User One	START	1672233952748
REQUEST		Home	1672233951789	1672233952786	OK	 
REQUEST		Home	1672233951837	1672233952786	OK	 
USER	User One	START	1672233952797
USER	User One	START	1672233952845
REQUEST		Home	1672233951884	1672233952870	OK	 
REQUEST		Home	1672233951947	1672233952870	OK	 
USER	User One	START	1672233952893
REQUEST		Search	1672233952683	1672233952927	OK	 
REQUEST		Home	1672233951994	1672233952927	OK	 
REQUEST		Search	1672233952687	1672233952939	OK	 
USER	User One	START	1672233952941
REQUEST		Search	1672233952693	1672233952945	OK	 
REQUEST		Search	1672233952703	1672233952955	OK	 
REQUEST		Search	1672233952703	1672233952966	OK	 
REQUEST		Home	1672233952042	1672233952975	OK	 
USER	User One	START	1672233952989
REQUEST		Search	1672233952718	1672233952995	OK	 
REQUEST		Home	1672233952089	1672233953051	OK	 
USER	User One	START	1672233953052
REQUEST		Search	1672233952797	1672233953062	OK	 
USER	User One	START	1672233953083
REQUEST		Home	1672233952138	1672233953104	OK	 
USER	User One	START	1672233953146
REQUEST		Home	1672233952186	1672233953168	OK	 
REQUEST		Home	1672233952248	1672233953190	OK	 
USER	User One	START	1672233953193
REQUEST		Search	1672233952946	1672233953197	OK	 
REQUEST		Search	1672233952957	1672233953205	OK	 
REQUEST		Search	1672233952957	1672233953215	OK	 
REQUEST		Search	1672233952957	1672233953215	OK	 
USER	User One	START	1672233953241
REQUEST		Search	1672233953005	1672233953254	OK	 
REQUEST		Home	1672233952296	1672233953270	OK	 
USER	User One	START	1672233953289
REQUEST		Search	1672233953051	1672233953291	OK	 
REQUEST		Home	1672233952345	1672233953338	OK	 
USER	User One	START	1672233953337
REQUEST		Home	1672233952392	1672233953365	OK	 
REQUEST		Search	1672233953114	1672233953366	OK	 
USER	User One	START	1672233953385
REQUEST		Home	1672233952484	1672233953407	OK	 
REQUEST		Home	1672233952438	1672233953410	OK	 
USER	User One	START	1672233953433
REQUEST		Search	1672233953177	1672233953439	OK	 
REQUEST		Search	1672233953209	1672233953480	OK	 
USER	User One	START	1672233953496
REQUEST		Home	1672233952547	1672233953518	OK	 
USER	User One	START	1672233953543
REQUEST		Home	1672233952593	1672233953570	OK	 
USER	User One	START	1672233953589
REQUEST		Home	1672233952640	1672233953592	OK	 
USER	User One	START	1672233953635
REQUEST		Search	1672233953369	1672233953638	OK	 
REQUEST		Search	1672233953411	1672233953655	OK	 
REQUEST		Search	1672233953417	1672233953667	OK	 
USER	User One	START	1672233953684
REQUEST		Home	1672233952684	1672233953691	OK	 
REQUEST		Search	1672233953417	1672233953692	OK	 
REQUEST		Home	1672233952749	1672233953724	OK	 
REQUEST		Search	1672233953480	1672233953730	OK	 
REQUEST		Search	1672233953480	1672233953734	OK	 
USER	User One	START	1672233953745
USER	User One	START	1672233953793
REQUEST		Home	1672233952797	1672233953798	OK	 
REQUEST		Home	1672233952845	1672233953798	OK	 
REQUEST		Search	1672233953571	1672233953824	OK	 
USER	User One	START	1672233953841
USER	User One	START	1672233953888
REQUEST		Home	1672233952941	1672233953920	OK	 
REQUEST		Home	1672233952893	1672233953920	OK	 
REQUEST		Search	1672233953684	1672233953930	OK	 
REQUEST		Search	1672233953668	1672233953930	OK	 
USER	User One	START	1672233953936
REQUEST		Search	1672233953691	1672233953956	OK	 
REQUEST		Home	1672233952989	1672233953969	OK	 
USER	User One	START	1672233953984
REQUEST		Home	1672233953083	1672233954042	OK	 
REQUEST		Home	1672233953052	1672233954042	OK	 
REQUEST		Search	1672233953777	1672233954043	OK	 
USER	User One	START	1672233954047
REQUEST		Search	1672233953809	1672233954050	OK	 
REQUEST		Search	1672233953841	1672233954093	OK	 
USER	User One	START	1672233954094
USER	User One	START	1672233954141
REQUEST		Home	1672233953194	1672233954161	OK	 
REQUEST		Search	1672233953904	1672233954161	OK	 
REQUEST		Home	1672233953146	1672233954163	OK	 
USER	User One	START	1672233954187
REQUEST		Home	1672233953241	1672233954200	OK	 
REQUEST		Search	1672233953968	1672233954226	OK	 
REQUEST		Home	1672233953289	1672233954230	OK	 
USER	User One	START	1672233954234
REQUEST		Search	1672233954000	1672233954252	OK	 
REQUEST		Home	1672233953337	1672233954278	OK	 
REQUEST		Search	1672233954044	1672233954297	OK	 
USER	User One	START	1672233954299
USER	User One	START	1672233954345
REQUEST		Home	1672233953385	1672233954358	OK	 
REQUEST		Search	1672233954126	1672233954379	OK	 
REQUEST		Search	1672233954135	1672233954386	OK	 
USER	User One	START	1672233954388
REQUEST		Home	1672233953433	1672233954391	OK	 
REQUEST		Search	1672233954187	1672233954439	OK	 
USER	User One	START	1672233954440
REQUEST		Home	1672233953496	1672233954477	OK	 
USER	User One	START	1672233954487
REQUEST		Search	1672233954249	1672233954527	OK	 
USER	User One	START	1672233954534
REQUEST		Search	1672233954297	1672233954542	OK	 
REQUEST		Home	1672233953544	1672233954568	OK	 
USER	User One	START	1672233954598
REQUEST		Search	1672233954361	1672233954612	OK	 
REQUEST		Home	1672233953636	1672233954626	OK	 
REQUEST		Home	1672233953589	1672233954637	OK	 
REQUEST		Search	1672233954393	1672233954645	OK	 
USER	User One	START	1672233954647
REQUEST		Home	1672233953684	1672233954651	OK	 
USER	User One	START	1672233954694
REQUEST		Home	1672233953746	1672233954725	OK	 
REQUEST		Search	1672233954487	1672233954735	OK	 
USER	User One	START	1672233954737
REQUEST		Home	1672233953794	1672233954745	OK	 
REQUEST		Search	1672233954487	1672233954766	OK	 
USER	User One	START	1672233954788
REQUEST		Search	1672233954549	1672233954803	OK	 
REQUEST		Home	1672233953841	1672233954811	OK	 
USER	User One	START	1672233954836
REQUEST		Home	1672233953889	1672233954845	OK	 
REQUEST		Home	1672233953937	1672233954860	OK	 
REQUEST		Search	1672233954646	1672233954883	OK	 
USER	User One	START	1672233954884
REQUEST		Select	1672233954654	1672233954927	OK	 
REQUEST		Select	1672233954661	1672233954930	OK	 
USER	User One	START	1672233954936
REQUEST		Select	1672233954661	1672233954945	OK	 
REQUEST		Search	1672233954653	1672233954948	OK	 
REQUEST		Home	1672233953985	1672233954948	OK	 
REQUEST		Select	1672233954693	1672233954950	OK	 
REQUEST		Select	1672233954686	1672233954951	OK	 
REQUEST		Select	1672233954693	1672233954952	OK	 
REQUEST		Select	1672233954693	1672233954953	OK	 
REQUEST		Select	1672233954693	1672233954955	OK	 
REQUEST		Search	1672233954709	1672233954955	OK	 
USER	User One	START	1672233954995
REQUEST		Home	1672233954048	1672233954998	OK	 
REQUEST		Select	1672233954725	1672233954998	OK	 
REQUEST		Home	1672233954094	1672233955034	OK	 
REQUEST		Search	1672233954788	1672233955035	OK	 
USER	User One	START	1672233955036
REQUEST		Search	1672233954788	1672233955038	OK	 
USER	User One	START	1672233955088
REQUEST		Home	1672233954141	1672233955111	OK	 
REQUEST		Home	1672233954188	1672233955128	OK	 
USER	User One	START	1672233955135
REQUEST		Search	1672233954884	1672233955137	OK	 
REQUEST		Search	1672233954884	1672233955138	OK	 
REQUEST		Search	1672233954932	1672233955190	OK	 
USER	User One	START	1672233955192
REQUEST		Select	1672233954947	1672233955195	OK	 
REQUEST		Select	1672233954932	1672233955196	OK	 
REQUEST		Home	1672233954234	1672233955197	OK	 
REQUEST		Select	1672233954947	1672233955200	OK	 
REQUEST		Update	1672233954952	1672233955200	OK	 
REQUEST		Update	1672233954953	1672233955204	OK	 
REQUEST		Update	1672233954952	1672233955201	OK	 
REQUEST		Update	1672233954951	1672233955204	OK	 
REQUEST		Update	1672233954933	1672233955193	OK	 
REQUEST		Update	1672233954946	1672233955198	OK	 
REQUEST		Update	1672233954933	1672233955182	OK	 
REQUEST		Update	1672233954956	1672233955214	OK	 
REQUEST		Select	1672233954957	1672233955216	OK	 
USER	User One	START	1672233955235
REQUEST		Search	1672233954979	1672233955237	OK	 
REQUEST		Select	1672233954979	1672233955248	OK	 
REQUEST		Update	1672233954999	1672233955250	OK	 
REQUEST		Select	1672233954997	1672233955250	OK	 
REQUEST		Home	1672233954300	1672233955255	OK	 
REQUEST		Home	1672233954346	1672233955282	OK	 
USER	User One	START	1672233955292
REQUEST		Search	1672233955058	1672233955331	OK	 
USER	User One	START	1672233955338
REQUEST		Search	1672233955109	1672233955345	OK	 
REQUEST		Select	1672233955065	1672233955345	OK	 
REQUEST		Home	1672233954388	1672233955360	OK	 
USER	User One	START	1672233955386
REQUEST		Home	1672233954441	1672233955420	OK	 
REQUEST		Search	1672233955182	1672233955431	OK	 
USER	User One	START	1672233955434
REQUEST		Update	1672233955196	1672233955455	OK	 
REQUEST		Select	1672233955203	1672233955477	OK	 
REQUEST		Search	1672233955198	1672233955477	OK	 
REQUEST		Update	1672233955198	1672233955490	OK	 
USER	User One	START	1672233955492
REQUEST		Update Redirect 1	1672233955211	1672233955497	OK	 
REQUEST		Update Redirect 1	1672233955211	1672233955498	OK	 
REQUEST		Update	1672233955202	1672233955501	OK	 
REQUEST		Select	1672233955213	1672233955502	OK	 
REQUEST		Update Redirect 1	1672233955211	1672233955503	OK	 
REQUEST		Update	1672233955217	1672233955513	OK	 
REQUEST		Update Redirect 1	1672233955214	1672233955514	OK	 
REQUEST		Home	1672233954487	1672233955515	OK	 
USER	User One	END	1672233955500
REQUEST		Select	1672233955229	1672233955516	OK	 
REQUEST		Update Redirect 1	1672233955211	1672233955516	OK	 
REQUEST		Update Redirect 1	1672233955211	1672233955505	OK	 
REQUEST		Update Redirect 1	1672233955211	1672233955519	OK	 
REQUEST		Select	1672233955229	1672233955520	OK	 
REQUEST		Home	1672233954534	1672233955521	OK	 
USER	User One	END	1672233955501
USER	User One	END	1672233955504
USER	User One	END	1672233955516
USER	User One	END	1672233955517
USER	User One	END	1672233955519
USER	User One	END	1672233955520
REQUEST		Select	1672233955260	1672233955536	OK	 
REQUEST		Update	1672233955250	1672233955536	OK	 
REQUEST		Update Redirect 1	1672233955211	1672233955536	OK	 
REQUEST		Update	1672233955249	1672233955536	OK	 
USER	User One	END	1672233955537
REQUEST		Update Redirect 1	1672233955250	1672233955537	OK	 
USER	User One	START	1672233955537
USER	User One	END	1672233955538
REQUEST		Search	1672233955276	1672233955559	OK	 
REQUEST		Select	1672233955293	1672233955568	OK	 
USER	User One	START	1672233955592
REQUEST		Home	1672233954598	1672233955600	OK	 
REQUEST		Home	1672233954648	1672233955600	OK	 
REQUEST		Update	1672233955345	1672233955609	OK	 
REQUEST		Select	1672233955370	1672233955636	OK	 
REQUEST		Search	1672233955354	1672233955636	OK	 
REQUEST		Search	1672233955370	1672233955637	OK	 
USER	User One	START	1672233955639
REQUEST		Home	1672233954695	1672233955654	OK	 
REQUEST		Search	1672233955417	1672233955661	OK	 
REQUEST		Search	1672233955417	1672233955666	OK	 
USER	User One	START	1672233955685
REQUEST		Select	1672233955448	1672233955705	OK	 
REQUEST		Update	1672233955480	1672233955718	OK	 
REQUEST		Update Redirect 1	1672233955455	1672233955718	OK	 
USER	User One	END	1672233955720
REQUEST		Select	1672233955491	1672233955731	OK	 
REQUEST		Home	1672233954737	1672233955744	OK	 
REQUEST		Update Redirect 1	1672233955491	1672233955744	OK	 
USER	User One	END	1672233955746
REQUEST		Update	1672233955502	1672233955746	OK	 
USER	User One	START	1672233955747
REQUEST		Update Redirect 1	1672233955501	1672233955749	OK	 
USER	User One	END	1672233955750
REQUEST		Update Redirect 1	1672233955514	1672233955756	OK	 
USER	User One	END	1672233955757
REQUEST		Update	1672233955517	1672233955766	OK	 
REQUEST		Home	1672233954788	1672233955775	OK	 
REQUEST		Search	1672233955529	1672233955775	OK	 
REQUEST		Update	1672233955521	1672233955783	OK	 
REQUEST		Update	1672233955536	1672233955786	OK	 
USER	User One	START	1672233955794
REQUEST		Update Redirect 1	1672233955536	1672233955798	OK	 
USER	User One	END	1672233955799
REQUEST		Home	1672233954836	1672233955804	OK	 
REQUEST		Update Redirect 1	1672233955537	1672233955804	OK	 
USER	User One	END	1672233955805
REQUEST		Update	1672233955568	1672233955818	OK	 
REQUEST		Search	1672233955576	1672233955823	OK	 
USER	User One	START	1672233955838
REQUEST		Search	1672233955600	1672233955847	OK	 
REQUEST		Home	1672233954884	1672233955847	OK	 
REQUEST		Update Redirect 1	1672233955610	1672233955855	OK	 
USER	User One	END	1672233955856
REQUEST		Update	1672233955637	1672233955883	OK	 
USER	User One	START	1672233955887
REQUEST		Select	1672233955642	1672233955889	OK	 
REQUEST		Home	1672233954936	1672233955900	OK	 
REQUEST		Select	1672233955662	1672233955904	OK	 
REQUEST		Select	1672233955669	1672233955915	OK	 
USER	User One	START	1672233955935
REQUEST		Home	1672233955036	1672233955959	OK	 
REQUEST		Update	1672233955706	1672233955959	OK	 
REQUEST		Update Redirect 1	1672233955718	1672233955959	OK	 
REQUEST		Home	1672233954995	1672233955961	OK	 
USER	User One	END	1672233955960
REQUEST		Select	1672233955700	1672233955968	OK	 
REQUEST		Search	1672233955700	1672233955968	OK	 
USER	User One	START	1672233955983
REQUEST		Select	1672233955731	1672233956000	OK	 
REQUEST		Update	1672233955732	1672233955999	OK	 
REQUEST		Search	1672233955732	1672233956001	OK	 
REQUEST		Select	1672233955747	1672233956002	OK	 
REQUEST		Update Redirect 1	1672233955747	1672233956002	OK	 
USER	User One	END	1672233956003
REQUEST		Update Redirect 1	1672233955766	1672233956014	OK	 
USER	User One	END	1672233956017
REQUEST		Update Redirect 1	1672233955786	1672233956027	OK	 
USER	User One	END	1672233956029
REQUEST		Home	1672233955088	1672233956039	OK	 
REQUEST		Search	1672233955800	1672233956039	OK	 
USER	User One	START	1672233956040
REQUEST		Update Redirect 1	1672233955784	1672233956041	OK	 
USER	User One	END	1672233956044
REQUEST		Update Redirect 1	1672233955818	1672233956063	OK	 
USER	User One	END	1672233956064
REQUEST		Search	1672233955810	1672233956075	OK	 
REQUEST		Select	1672233955828	1672233956079	OK	 
USER	User One	START	1672233956092
REQUEST		Home	1672233955135	1672233956118	OK	 
REQUEST		Update Redirect 1	1672233955883	1672233956125	OK	 
USER	User One	END	1672233956127
REQUEST		Update	1672233955890	1672233956135	OK	 
USER	User One	START	1672233956139
REQUEST		Home	1672233955193	1672233956141	OK	 
REQUEST		Update	1672233955905	1672233956157	OK	 
REQUEST		Update	1672233955915	1672233956161	OK	 
USER	User One	START	1672233956187
REQUEST		Select	1672233955935	1672233956198	OK	 
REQUEST		Search	1672233955935	1672233956198	OK	 
REQUEST		Search	1672233955935	1672233956198	OK	 
REQUEST		Select	1672233955935	1672233956200	OK	 
REQUEST		Select	1672233955960	1672233956208	OK	 
REQUEST		Update Redirect 1	1672233955959	1672233956209	OK	 
USER	User One	END	1672233956211
REQUEST		Home	1672233955235	1672233956222	OK	 
REQUEST		Update	1672233955969	1672233956225	OK	 
USER	User One	START	1672233956234
REQUEST		Search	1672233955983	1672233956238	OK	 
REQUEST		Update	1672233956001	1672233956277	OK	 
REQUEST		Update Redirect 1	1672233956000	1672233956277	OK	 
USER	User One	END	1672233956278
REQUEST		Update	1672233956002	1672233956287	OK	 
REQUEST		Home	1672233955292	1672233956289	OK	 
REQUEST		Search	1672233956044	1672233956296	OK	 
USER	User One	START	1672233956298
REQUEST		Select	1672233956045	1672233956308	OK	 
REQUEST		Select	1672233956060	1672233956312	OK	 
REQUEST		Search	1672233956060	1672233956318	OK	 
REQUEST		Home	1672233955339	1672233956319	OK	 
REQUEST		Home	1672233955386	1672233956334	OK	 
REQUEST		Update	1672233956080	1672233956338	OK	 
USER	User One	START	1672233956345
REQUEST		Select	1672233956107	1672233956359	OK	 
REQUEST		Home	1672233955435	1672233956377	OK	 
REQUEST		Update Redirect 1	1672233956136	1672233956377	OK	 
USER	User One	END	1672233956378
USER	User One	START	1672233956393
REQUEST		Update Redirect 1	1672233956157	1672233956409	OK	 
USER	User One	END	1672233956410
REQUEST		Select	1672233956172	1672233956438	OK	 
REQUEST		Search	1672233956171	1672233956438	OK	 
REQUEST		Update Redirect 1	1672233956162	1672233956438	OK	 
REQUEST		Search	1672233956171	1672233956441	OK	 
USER	User One	END	1672233956440
USER	User One	START	1672233956442
REQUEST		Update	1672233956209	1672233956451	OK	 
REQUEST		Search	1672233956203	1672233956458	OK	 
REQUEST		Home	1672233955492	1672233956458	OK	 
REQUEST		Update	1672233956199	1672233956460	OK	 
REQUEST		Update	1672233956201	1672233956465	OK	 
REQUEST		Search	1672233956234	1672233956484	OK	 
USER	User One	START	1672233956485
REQUEST		Select	1672233956230	1672233956489	OK	 
REQUEST		Update Redirect 1	1672233956226	1672233956489	OK	 
USER	User One	END	1672233956490
REQUEST		Home	1672233955537	1672233956500	OK	 
REQUEST		Select	1672233956266	1672233956514	OK	 
REQUEST		Update Redirect 1	1672233956277	1672233956517	OK	 
USER	User One	END	1672233956518
REQUEST		Search	1672233956282	1672233956518	OK	 
REQUEST		Update Redirect 1	1672233956288	1672233956535	OK	 
USER	User One	START	1672233956535
USER	User One	END	1672233956536
REQUEST		Select	1672233956299	1672233956539	OK	 
REQUEST		Update	1672233956308	1672233956550	OK	 
REQUEST		Update	1672233956313	1672233956562	OK	 
REQUEST		Home	1672233955592	1672233956563	OK	 
REQUEST		Home	1672233955639	1672233956570	OK	 
REQUEST		Update Redirect 1	1672233956339	1672233956598	OK	 
USER	User One	END	1672233956599
USER	User One	START	1672233956599
REQUEST		Search	1672233956361	1672233956606	OK	 
REQUEST		Update	1672233956360	1672233956610	OK	 
REQUEST		Select	1672233956381	1672233956634	OK	 
REQUEST		Home	1672233955685	1672233956634	OK	 
REQUEST		Search	1672233956393	1672233956638	OK	 
USER	User One	START	1672233956639
REQUEST		Select	1672233956394	1672233956651	OK	 
USER	User One	START	1672233956693
REQUEST		Update	1672233956440	1672233956694	OK	 
REQUEST		Select	1672233956443	1672233956701	OK	 
REQUEST		Update Redirect 1	1672233956451	1672233956701	OK	 
USER	User One	END	1672233956701
REQUEST		Home	1672233955747	1672233956705	OK	 
REQUEST		Update Redirect 1	1672233956460	1672233956705	OK	 
USER	User One	END	1672233956707
REQUEST		Update Redirect 1	1672233956466	1672233956713	OK	 
USER	User One	END	1672233956715
USER	User One	START	1672233956742
REQUEST		Update	1672233956490	1672233956742	OK	 
REQUEST		Update	1672233956515	1672233956757	OK	 
REQUEST		Home	1672233955794	1672233956757	OK	 
REQUEST		Search	1672233956487	1672233956758	OK	 
REQUEST		Select	1672233956529	1672233956765	OK	 
REQUEST		Update	1672233956540	1672233956780	OK	 
REQUEST		Home	1672233955838	1672233956784	OK	 
USER	User One	START	1672233956788
REQUEST		Select	1672233956551	1672233956801	OK	 
REQUEST		Update Redirect 1	1672233956551	1672233956803	OK	 
USER	User One	END	1672233956804
REQUEST		Update Redirect 1	1672233956563	1672233956807	OK	 
USER	User One	END	1672233956808
USER	User One	START	1672233956836
REQUEST		Home	1672233955887	1672233956838	OK	 
REQUEST		Search	1672233956582	1672233956841	OK	 
REQUEST		Select	1672233956614	1672233956872	OK	 
REQUEST		Update Redirect 1	1672233956611	1672233956872	OK	 
REQUEST		Search	1672233956630	1672233956872	OK	 
USER	User One	END	1672233956873
REQUEST		Home	1672233955935	1672233956876	OK	 
REQUEST		Update	1672233956634	1672233956880	OK	 
REQUEST		Update	1672233956652	1672233956885	OK	 
REQUEST		Search	1672233956638	1672233956886	OK	 
USER	User One	START	1672233956898
REQUEST		Select	1672233956661	1672233956924	OK	 
REQUEST		Search	1672233956661	1672233956940	OK	 
USER	User One	START	1672233956944
REQUEST		Home	1672233955984	1672233956946	OK	 
REQUEST		Update Redirect 1	1672233956695	1672233956946	OK	 
USER	User One	END	1672233956946
REQUEST		Update	1672233956701	1672233956947	OK	 
USER	User One	START	1672233956992
REQUEST		Search	1672233956742	1672233956998	OK	 
REQUEST		Update	1672233956765	1672233956998	OK	 
REQUEST		Home	1672233956041	1672233957004	OK	 
REQUEST		Select	1672233956742	1672233957005	OK	 
REQUEST		Search	1672233956756	1672233957005	OK	 
REQUEST		Update Redirect 1	1672233956758	1672233957005	OK	 
USER	User One	END	1672233957006
REQUEST		Update Redirect 1	1672233956743	1672233957007	OK	 
REQUEST		Home	1672233956092	1672233957009	OK	 
USER	User One	END	1672233957009
REQUEST		Select	1672233956772	1672233957035	OK	 
REQUEST		Update Redirect 1	1672233956781	1672233957036	OK	 
USER	User One	END	1672233957037
USER	User One	START	1672233957039
REQUEST		Update	1672233956802	1672233957059	OK	 
REQUEST		Select	1672233956804	1672233957076	OK	 
REQUEST		Home	1672233956139	1672233957078	OK	 
REQUEST		Search	1672233956820	1672233957078	OK	 
USER	User One	START	1672233957085
REQUEST		Search	1672233956867	1672233957099	OK	 
REQUEST		Search	1672233956851	1672233957099	OK	 
REQUEST		Update	1672233956872	1672233957113	OK	 
REQUEST		Home	1672233956187	1672233957121	OK	 
REQUEST		Update Redirect 1	1672233956881	1672233957125	OK	 
USER	User One	END	1672233957126
REQUEST		Update Redirect 1	1672233956885	1672233957129	OK	 
USER	User One	END	1672233957130
USER	User One	START	1672233957133
REQUEST		Select	1672233956898	1672233957164	OK	 
REQUEST		Update	1672233956925	1672233957183	OK	 
USER	User One	START	1672233957195
REQUEST		Update Redirect 1	1672233956947	1672233957196	OK	 
USER	User One	END	1672233957196
REQUEST		Home	1672233956234	1672233957205	OK	 
REQUEST		Search	1672233956960	1672233957212	OK	 
REQUEST		Select	1672233956960	1672233957212	OK	 
REQUEST		Select	1672233956951	1672233957213	OK	 
REQUEST		Update Redirect 1	1672233956998	1672233957237	OK	 
USER	User One	START	1672233957237
USER	User One	END	1672233957238
REQUEST		Search	1672233957005	1672233957239	OK	 
REQUEST		Home	1672233956298	1672233957239	OK	 
REQUEST		Update	1672233957006	1672233957251	OK	 
USER	User One	START	1672233957291
REQUEST		Search	1672233957039	1672233957294	OK	 
REQUEST		Select	1672233957040	1672233957297	OK	 
REQUEST		Update	1672233957035	1672233957297	OK	 
REQUEST		Select	1672233957051	1672233957306	OK	 
REQUEST		Update Redirect 1	1672233957059	1672233957318	OK	 
REQUEST		Update	1672233957076	1672233957318	OK	 
USER	User One	END	1672233957319
REQUEST		Home	1672233956345	1672233957338	OK	 
USER	User One	START	1672233957338
REQUEST		Search	1672233957133	1672233957365	OK	 
REQUEST		Home	1672233956393	1672233957371	OK	 
REQUEST		Search	1672233957117	1672233957371	OK	 
REQUEST		Update Redirect 1	1672233957113	1672233957371	OK	 
USER	User One	END	1672233957372
USER	User One	START	1672233957386
REQUEST		Select	1672233957148	1672233957410	OK	 
REQUEST		Select	1672233957148	1672233957410	OK	 
REQUEST		Home	1672233956442	1672233957416	OK	 
REQUEST		Update	1672233957164	1672233957417	OK	 
REQUEST		Update Redirect 1	1672233957183	1672233957425	OK	 
USER	User One	END	1672233957426
REQUEST		Home	1672233956485	1672233957429	OK	 
REQUEST		Select	1672233957196	1672233957429	OK	 
USER	User One	START	1672233957434
REQUEST		Search	1672233957206	1672233957453	OK	 
REQUEST		Home	1672233956535	1672233957460	OK	 
REQUEST		Update	1672233957213	1672233957466	OK	 
REQUEST		Update	1672233957212	1672233957466	OK	 
REQUEST		Select	1672233957238	1672233957477	OK	 
USER	User One	START	1672233957497
REQUEST		Update Redirect 1	1672233957251	1672233957510	OK	 
USER	User One	END	1672233957511
REQUEST		Search	1672233957259	1672233957530	OK	 
REQUEST		Search	1672233957291	1672233957541	OK	 
USER	User One	START	1672233957542
REQUEST		Update Redirect 1	1672233957298	1672233957556	OK	 
USER	User One	END	1672233957557
REQUEST		Update	1672233957298	1672233957567	OK	 
REQUEST		Home	1672233956600	1672233957570	OK	 
REQUEST		Home	1672233956639	1672233957572	OK	 
REQUEST		Update Redirect 1	1672233957318	1672233957574	OK	 
REQUEST		Update	1672233957307	1672233957574	OK	 
USER	User One	END	1672233957575
REQUEST		Select	1672233957339	1672233957589	OK	 
REQUEST		Select	1672233957354	1672233957591	OK	 
USER	User One	START	1672233957593
REQUEST		Home	1672233956694	1672233957637	OK	 
REQUEST		Search	1672233957367	1672233957639	OK	 
USER	User One	START	1672233957641
REQUEST		Update	1672233957411	1672233957661	OK	 
REQUEST		Update	1672233957411	1672233957661	OK	 
REQUEST		Update Redirect 1	1672233957417	1672233957666	OK	 
USER	User One	END	1672233957667
REQUEST		Update	1672233957429	1672233957678	OK	 
USER	User One	START	1672233957690
REQUEST		Select	1672233957434	1672233957698	OK	 
REQUEST		Search	1672233957434	1672233957705	OK	 
REQUEST		Home	1672233956742	1672233957718	OK	 
REQUEST		Update	1672233957477	1672233957718	OK	 
REQUEST		Update Redirect 1	1672233957466	1672233957720	OK	 
USER	User One	END	1672233957720
REQUEST		Update Redirect 1	1672233957466	1672233957724	OK	 
REQUEST		Select	1672233957481	1672233957725	OK	 
USER	User One	END	1672233957725
USER	User One	START	1672233957738
REQUEST		Home	1672233956789	1672233957749	OK	 
USER	User One	START	1672233957786
REQUEST		Home	1672233956836	1672233957802	OK	 
REQUEST		Search	1672233957529	1672233957802	OK	 
REQUEST		Search	1672233957529	1672233957802	OK	 
REQUEST		Select	1672233957561	1672233957815	OK	 
REQUEST		Update Redirect 1	1672233957567	1672233957817	OK	 
USER	User One	END	1672233957818
REQUEST		Update Redirect 1	1672233957574	1672233957830	OK	 
USER	User One	END	1672233957830
USER	User One	START	1672233957834
REQUEST		Update	1672233957590	1672233957835	OK	 
REQUEST		Update	1672233957591	1672233957842	OK	 
REQUEST		Home	1672233956944	1672233957880	OK	 
REQUEST		Home	1672233956898	1672233957884	OK	 
REQUEST		Search	1672233957658	1672233957893	OK	 
REQUEST		Search	1672233957609	1672233957893	OK	 
REQUEST		Select	1672233957638	1672233957893	OK	 
USER	User One	START	1672233957894
REQUEST		Search	1672233957609	1672233957894	OK	 
REQUEST		Select	1672233957641	1672233957896	OK	 
REQUEST		Select	1672233957674	1672233957914	OK	 
REQUEST		Update Redirect 1	1672233957661	1672233957924	OK	 
REQUEST		Update Redirect 1	1672233957678	1672233957924	OK	 
USER	User One	END	1672233957925
USER	User One	END	1672233957925
REQUEST		Home	1672233956992	1672233957933	OK	 
REQUEST		Select	1672233957667	1672233957933	OK	 
REQUEST		Update Redirect 1	1672233957661	1672233957933	OK	 
USER	User One	END	1672233957934
USER	User One	START	1672233957945
REQUEST		Update	1672233957699	1672233957960	OK	 
REQUEST		Update Redirect 1	1672233957718	1672233957961	OK	 
USER	User One	END	1672233957962
REQUEST		Update	1672233957726	1672233957984	OK	 
REQUEST		Home	1672233957039	1672233957985	OK	 
USER	User One	START	1672233957993
REQUEST		Search	1672233957754	1672233957995	OK	 
USER	User One	START	1672233958039
REQUEST		Home	1672233957085	1672233958047	OK	 
REQUEST		Select	1672233957777	1672233958047	OK	 
REQUEST		Search	1672233957786	1672233958050	OK	 
REQUEST		Update	1672233957815	1672233958061	OK	 
REQUEST		Search	1672233957818	1672233958079	OK	 
REQUEST		Update Redirect 1	1672233957835	1672233958083	OK	 
USER	User One	END	1672233958084
USER	User One	START	1672233958085
REQUEST		Select	1672233957831	1672233958090	OK	 
REQUEST		Update Redirect 1	1672233957842	1672233958090	OK	 
REQUEST		Home	1672233957133	1672233958090	OK	 
REQUEST		Select	1672233957850	1672233958091	OK	 
USER	User One	END	1672233958091
REQUEST		Search	1672233957850	1672233958116	OK	 
USER	User One	START	1672233958133
REQUEST		Update	1672233957894	1672233958149	OK	 
REQUEST		Update	1672233957896	1672233958149	OK	 
REQUEST		Home	1672233957195	1672233958155	OK	 
REQUEST		Search	1672233957913	1672233958171	OK	 
REQUEST		Update	1672233957914	1672233958170	OK	 
USER	User One	START	1672233958196
REQUEST		Home	1672233957237	1672233958211	OK	 
REQUEST		Search	1672233957961	1672233958212	OK	 
REQUEST		Update	1672233957933	1672233958212	OK	 
REQUEST		Search	1672233957961	1672233958214	OK	 
REQUEST		Update Redirect 1	1672233957961	1672233958228	OK	 
USER	User One	END	1672233958228
REQUEST		Select	1672233957976	1672233958231	OK	 
REQUEST		Update Redirect 1	1672233957985	1672233958234	OK	 
USER	User One	END	1672233958234
USER	User One	START	1672233958235
REQUEST		Select	1672233958008	1672233958255	OK	 
REQUEST		Home	1672233957291	1672233958255	OK	 
USER	User One	START	1672233958292
REQUEST		Home	1672233957339	1672233958293	OK	 
REQUEST		Select	1672233958041	1672233958301	OK	 
REQUEST		Update	1672233958048	1672233958304	OK	 
REQUEST		Search	1672233958048	1672233958304	OK	 
REQUEST		Update Redirect 1	1672233958062	1672233958309	OK	 
USER	User One	END	1672233958310
USER	User One	START	1672233958340
REQUEST		Update	1672233958091	1672233958359	OK	 
REQUEST		Update	1672233958091	1672233958359	OK	 
REQUEST		Select	1672233958086	1672233958359	OK	 
REQUEST		Home	1672233957387	1672233958363	OK	 
REQUEST		Search	1672233958133	1672233958385	OK	 
REQUEST		Home	1672233957434	1672233958385	OK	 
USER	User One	START	1672233958387
REQUEST		Search	1672233958150	1672233958414	OK	 
REQUEST		Update Redirect 1	1672233958150	1672233958414	OK	 
REQUEST		Update Redirect 1	1672233958150	1672233958414	OK	 
USER	User One	END	1672233958415
USER	User One	END	1672233958415
REQUEST		Update Redirect 1	1672233958171	1672233958416	OK	 
USER	User One	END	1672233958417
USER	User One	START	1672233958435
REQUEST		Select	1672233958200	1672233958441	OK	 
REQUEST		Select	1672233958212	1672233958461	OK	 
REQUEST		Home	1672233957498	1672233958467	OK	 
REQUEST		Update Redirect 1	1672233958212	1672233958467	OK	 
USER	User One	END	1672233958468
REQUEST		Search	1672233958228	1672233958488	OK	 
USER	User One	START	1672233958497
REQUEST		Update	1672233958231	1672233958503	OK	 
REQUEST		Select	1672233958244	1672233958504	OK	 
REQUEST		Home	1672233957542	1672233958518	OK	 
REQUEST		Update	1672233958256	1672233958519	OK	 
REQUEST		Search	1672233958292	1672233958543	OK	 
USER	User One	START	1672233958544
REQUEST		Update	1672233958301	1672233958547	OK	 
REQUEST		Select	1672233958308	1672233958559	OK	 
REQUEST		Home	1672233957594	1672233958559	OK	 
REQUEST		Update Redirect 1	1672233958304	1672233958559	OK	 
USER	User One	END	1672233958559
REQUEST		Select	1672233958324	1672233958580	OK	 
REQUEST		Search	1672233958324	1672233958583	OK	 
REQUEST		Search	1672233958340	1672233958586	OK	 
USER	User One	START	1672233958587
REQUEST		Update Redirect 1	1672233958359	1672233958617	OK	 
USER	User One	END	1672233958618
REQUEST		Update Redirect 1	1672233958359	1672233958625	OK	 
REQUEST		Update	1672233958360	1672233958625	OK	 
USER	User One	END	1672233958626
REQUEST		Search	1672233958385	1672233958630	OK	 
REQUEST		Home	1672233957642	1672233958635	OK	 
USER	User One	START	1672233958638
REQUEST		Home	1672233957690	1672233958646	OK	 
USER	User One	START	1672233958686
REQUEST		Select	1672233958442	1672233958692	OK	 
REQUEST		Update	1672233958441	1672233958692	OK	 
REQUEST		Select	1672233958450	1672233958726	OK	 
REQUEST		Home	1672233957738	1672233958726	OK	 
REQUEST		Update	1672233958461	1672233958725	OK	 
REQUEST		Search	1672233958465	1672233958728	OK	 
REQUEST		Select	1672233958463	1672233958728	OK	 
USER	User One	START	1672233958734
REQUEST		Select	1672233958497	1672233958757	OK	 
REQUEST		Search	1672233958513	1672233958758	OK	 
REQUEST		Home	1672233957834	1672233958758	OK	 
REQUEST		Home	1672233957786	1672233958759	OK	 
REQUEST		Update	1672233958504	1672233958775	OK	 
REQUEST		Select	1672233958529	1672233958777	OK	 
REQUEST		Update Redirect 1	1672233958503	1672233958781	OK	 
USER	User One	END	1672233958781
REQUEST		Update Redirect 1	1672233958519	1672233958785	OK	 
USER	User One	END	1672233958786
REQUEST		Update Redirect 1	1672233958547	1672233958794	OK	 
USER	User One	END	1672233958795
USER	User One	START	1672233958796
REQUEST		Update	1672233958559	1672233958813	OK	 
REQUEST		Search	1672233958574	1672233958837	OK	 
REQUEST		Update	1672233958583	1672233958837	OK	 
REQUEST		Search	1672233958574	1672233958837	OK	 
USER	User One	START	1672233958838
REQUEST		Home	1672233957894	1672233958841	OK	 
REQUEST		Select	1672233958617	1672233958860	OK	 
REQUEST		Update Redirect 1	1672233958625	1672233958875	OK	 
USER	User One	END	1672233958876
REQUEST		Home	1672233957945	1672233958888	OK	 
REQUEST		Search	1672233958638	1672233958889	OK	 
USER	User One	START	1672233958890
REQUEST		Select	1672233958639	1672233958891	OK	 
USER	User One	START	1672233958938
REQUEST		Update Redirect 1	1672233958693	1672233958941	OK	 
REQUEST		Update	1672233958693	1672233958940	OK	 
REQUEST		Home	1672233957993	1672233958941	OK	 
USER	User One	END	1672233958941
REQUEST		Update Redirect 1	1672233958727	1672233958983	OK	 
REQUEST		Update	1672233958729	1672233958983	OK	 
USER	User One	END	1672233958984
USER	User One	START	1672233958985
REQUEST		Search	1672233958717	1672233958986	OK	 
REQUEST		Update	1672233958726	1672233958986	OK	 
REQUEST		Update	1672233958758	1672233958987	OK	 
REQUEST		Search	1672233958759	1672233958998	OK	 
REQUEST		Home	1672233958040	1672233959010	OK	 
REQUEST		Select	1672233958765	1672233959014	OK	 
REQUEST		Update	1672233958778	1672233959020	OK	 
REQUEST		Update Redirect 1	1672233958775	1672233959020	OK	 
USER	User One	END	1672233959021
REQUEST		Home	1672233958085	1672233959035	OK	 
REQUEST		Search	1672233958796	1672233959044	OK	 
USER	User One	START	1672233959050
REQUEST		Home	1672233958133	1672233959078	OK	 
REQUEST		Search	1672233958842	1672233959095	OK	 
REQUEST		Update Redirect 1	1672233958813	1672233959095	OK	 
USER	User One	START	1672233959096
REQUEST		Update	1672233958861	1672233959098	OK	 
REQUEST		Select	1672233958844	1672233959098	OK	 
REQUEST		Update Redirect 1	1672233958837	1672233959098	OK	 
USER	User One	END	1672233959096
USER	User One	END	1672233959100
REQUEST		Home	1672233958196	1672233959106	OK	 
REQUEST		Select	1672233958876	1672233959121	OK	 
REQUEST		Search	1672233958887	1672233959125	OK	 
REQUEST		Update	1672233958892	1672233959146	OK	 
USER	User One	START	1672233959146
REQUEST		Select	1672233958892	1672233959157	OK	 
REQUEST		Update Redirect 1	1672233958941	1672233959187	OK	 
USER	User One	END	1672233959188
USER	User One	START	1672233959189
REQUEST		Home	1672233958235	1672233959191	OK	 
REQUEST		Search	1672233958953	1672233959192	OK	 
REQUEST		Select	1672233958953	1672233959196	OK	 
REQUEST		Update Redirect 1	1672233958983	1672233959238	OK	 
REQUEST		Update Redirect 1	1672233958988	1672233959240	OK	 
USER	User One	START	1672233959241
USER	User One	END	1672233959240
USER	User One	END	1672233959242
REQUEST		Update Redirect 1	1672233958986	1672233959251	OK	 
USER	User One	END	1672233959252
REQUEST		Home	1672233958292	1672233959256	OK	 
REQUEST		Select	1672233959001	1672233959257	OK	 
REQUEST		Update Redirect 1	1672233959020	1672233959271	OK	 
REQUEST		Search	1672233959017	1672233959271	OK	 
REQUEST		Search	1672233959009	1672233959272	OK	 
USER	User One	END	1672233959272
REQUEST		Select	1672233959017	1672233959274	OK	 
REQUEST		Update	1672233959014	1672233959277	OK	 
USER	User One	START	1672233959288
REQUEST		Home	1672233958340	1672233959331	OK	 
USER	User One	START	1672233959335
REQUEST		Search	1672233959081	1672233959338	OK	 
REQUEST		Select	1672233959080	1672233959342	OK	 
REQUEST		Update Redirect 1	1672233959098	1672233959342	OK	 
USER	User One	END	1672233959344
REQUEST		Select	1672233959100	1672233959349	OK	 
REQUEST		Select	1672233959101	1672233959349	OK	 
REQUEST		Update	1672233959099	1672233959366	OK	 
REQUEST		Home	1672233958387	1672233959366	OK	 
REQUEST		Update	1672233959122	1672233959378	OK	 
USER	User One	START	1672233959384
REQUEST		Search	1672233959130	1672233959385	OK	 
REQUEST		Home	1672233958435	1672233959397	OK	 
REQUEST		Update Redirect 1	1672233959146	1672233959397	OK	 
USER	User One	END	1672233959398
REQUEST		Update	1672233959158	1672233959400	OK	 
REQUEST		Home	1672233958497	1672233959447	OK	 
USER	User One	START	1672233959447
REQUEST		Update	1672233959197	1672233959457	OK	 
REQUEST		Search	1672233959210	1672233959477	OK	 
REQUEST		Home	1672233958544	1672233959477	OK	 
REQUEST		Select	1672233959225	1672233959477	OK	 
REQUEST		Select	1672233959242	1672233959487	OK	 
REQUEST		Search	1672233959243	1672233959488	OK	 
USER	User One	START	1672233959489
REQUEST		Update	1672233959257	1672233959503	OK	 
REQUEST		Update	1672233959275	1672233959528	OK	 
REQUEST		Home	1672233958587	1672233959533	OK	 
REQUEST		Update Redirect 1	1672233959278	1672233959533	OK	 
USER	User One	END	1672233959535
USER	User One	START	1672233959543
REQUEST		Select	1672233959304	1672233959568	OK	 
REQUEST		Home	1672233958638	1672233959569	OK	 
USER	User One	START	1672233959591
REQUEST		Update	1672233959350	1672233959595	OK	 
REQUEST		Update	1672233959343	1672233959603	OK	 
REQUEST		Update	1672233959350	1672233959611	OK	 
REQUEST		Select	1672233959367	1672233959612	OK	 
REQUEST		Search	1672233959350	1672233959614	OK	 
REQUEST		Update Redirect 1	1672233959366	1672233959626	OK	 
USER	User One	END	1672233959628
REQUEST		Select	1672233959383	1672233959638	OK	 
REQUEST		Update Redirect 1	1672233959378	1672233959638	OK	 
USER	User One	END	1672233959643
REQUEST		Search	1672233959383	1672233959643	OK	 
USER	User One	START	1672233959644
REQUEST		Home	1672233958686	1672233959647	OK	 
REQUEST		Update Redirect 1	1672233959400	1672233959648	OK	 
USER	User One	END	1672233959649
USER	User One	START	1672233959687
REQUEST		Home	1672233958734	1672233959690	OK	 
REQUEST		Search	1672233959431	1672233959695	OK	 
REQUEST		Search	1672233959431	1672233959695	OK	 
REQUEST		Search	1672233959463	1672233959715	OK	 
REQUEST		Select	1672233959463	1672233959715	OK	 
REQUEST		Update Redirect 1	1672233959457	1672233959717	OK	 
REQUEST		Update	1672233959477	1672233959717	OK	 
USER	User One	END	1672233959718
USER	User One	START	1672233959734
REQUEST		Update	1672233959487	1672233959743	OK	 
REQUEST		Update Redirect 1	1672233959503	1672233959756	OK	 
USER	User One	END	1672233959758
REQUEST		Home	1672233958796	1672233959761	OK	 
USER	User One	START	1672233959798
REQUEST		Update Redirect 1	1672233959529	1672233959800	OK	 
USER	User One	END	1672233959801
REQUEST		Select	1672233959535	1672233959805	OK	 
REQUEST		Select	1672233959544	1672233959805	OK	 
REQUEST		Update	1672233959569	1672233959825	OK	 
REQUEST		Search	1672233959574	1672233959827	OK	 
REQUEST		Home	1672233958838	1672233959828	OK	 
REQUEST		Update Redirect 1	1672233959595	1672233959836	OK	 
REQUEST		Search	1672233959574	1672233959837	OK	 
USER	User One	END	1672233959837
REQUEST		Home	1672233958890	1672233959837	OK	 
USER	User One	START	1672233959846
REQUEST		Update Redirect 1	1672233959603	1672233959867	OK	 
USER	User One	END	1672233959869
REQUEST		Update	1672233959613	1672233959878	OK	 
REQUEST		Update Redirect 1	1672233959612	1672233959878	OK	 
USER	User One	END	1672233959880
REQUEST		Search	1672233959642	1672233959888	OK	 
USER	User One	START	1672233959888
REQUEST		Update	1672233959639	1672233959890	OK	 
REQUEST		Home	1672233958939	1672233959894	OK	 
REQUEST		Select	1672233959644	1672233959898	OK	 
USER	User One	START	1672233959942
REQUEST		Home	1672233958985	1672233959946	OK	 
REQUEST		Update	1672233959716	1672233959957	OK	 
REQUEST		Update Redirect 1	1672233959718	1672233959970	OK	 
USER	User One	END	1672233959971
REQUEST		Select	1672233959718	1672233959988	OK	 
REQUEST		Home	1672233959050	1672233959988	OK	 
USER	User One	START	1672233959988
REQUEST		Search	1672233959733	1672233959989	OK	 
REQUEST		Update Redirect 1	1672233959744	1672233959989	OK	 
USER	User One	END	1672233959990
USER	User One	START	1672233960036
REQUEST		Search	1672233959758	1672233960036	OK	 
REQUEST		Update	1672233959805	1672233960067	OK	 
REQUEST		Update	1672233959806	1672233960067	OK	 
REQUEST		Update Redirect 1	1672233959826	1672233960067	OK	 
USER	User One	END	1672233960068
REQUEST		Select	1672233959814	1672233960070	OK	 
REQUEST		Search	1672233959814	1672233960070	OK	 
REQUEST		Select	1672233959814	1672233960070	OK	 
REQUEST		Home	1672233959096	1672233960081	OK	 
USER	User One	START	1672233960097
REQUEST		Update Redirect 1	1672233959878	1672233960118	OK	 
USER	User One	END	1672233960119
REQUEST		Home	1672233959146	1672233960137	OK	 
REQUEST		Update Redirect 1	1672233959890	1672233960137	OK	 
USER	User One	END	1672233960137
REQUEST		Search	1672233959893	1672233960138	OK	 
USER	User One	START	1672233960138
REQUEST		Search	1672233959890	1672233960139	OK	 
REQUEST		Update	1672233959899	1672233960139	OK	 
REQUEST		Select	1672233959910	1672233960155	OK	 
REQUEST		Select	1672233959910	1672233960166	OK	 
REQUEST		Select	1672233959910	1672233960176	OK	 
USER	User One	START	1672233960189
REQUEST		Home	1672233959189	1672233960197	OK	 
REQUEST		Search	1672233959942	1672233960197	OK	 
REQUEST		Update Redirect 1	1672233959958	1672233960213	OK	 
USER	User One	END	1672233960214
REQUEST		Home	1672233959242	1672233960220	OK	 
USER	User One	START	1672233960237
REQUEST		Search	1672233959988	1672233960253	OK	 
REQUEST		Update	1672233959989	1672233960257	OK	 
REQUEST		Select	1672233960004	1672233960277	OK	 
REQUEST		Home	1672233959288	1672233960278	OK	 
REQUEST		Home	1672233959335	1672233960280	OK	 
USER	User One	START	1672233960283
REQUEST		Search	1672233960052	1672233960310	OK	 
REQUEST		Select	1672233960067	1672233960314	OK	 
REQUEST		Update Redirect 1	1672233960067	1672233960314	OK	 
USER	User One	END	1672233960315
REQUEST		Update Redirect 1	1672233960067	1672233960318	OK	 
USER	User One	END	1672233960319
REQUEST		Select	1672233960081	1672233960321	OK	 
REQUEST		Update	1672233960071	1672233960321	OK	 
REQUEST		Update	1672233960071	1672233960325	OK	 
USER	User One	START	1672233960347
REQUEST		Home	1672233959447	1672233960355	OK	 
REQUEST		Search	1672233960097	1672233960359	OK	 
REQUEST		Home	1672233959384	1672233960366	OK	 
REQUEST		Select	1672233960126	1672233960374	OK	 
USER	User One	START	1672233960394
REQUEST		Update	1672233960156	1672233960398	OK	 
REQUEST		Update Redirect 1	1672233960139	1672233960407	OK	 
USER	User One	END	1672233960409
REQUEST		Update	1672233960167	1672233960415	OK	 
REQUEST		Search	1672233960159	1672233960416	OK	 
REQUEST		Select	1672233960173	1672233960416	OK	 
REQUEST		Update	1672233960177	1672233960437	OK	 
REQUEST		Home	1672233959489	1672233960438	OK	 
USER	User One	START	1672233960442
REQUEST		Select	1672233960214	1672233960469	OK	 
REQUEST		Select	1672233960221	1672233960476	OK	 
REQUEST		Search	1672233960213	1672233960476	OK	 
USER	User One	START	1672233960490
REQUEST		Update Redirect 1	1672233960257	1672233960517	OK	 
USER	User One	END	1672233960518
REQUEST		Search	1672233960268	1672233960521	OK	 
REQUEST		Update	1672233960277	1672233960524	OK	 
REQUEST		Home	1672233959543	1672233960530	OK	 
USER	User One	START	1672233960537
REQUEST		Home	1672233959591	1672233960548	OK	 
REQUEST		Search	1672233960299	1672233960549	OK	 
REQUEST		Select	1672233960310	1672233960554	OK	 
REQUEST		Update	1672233960315	1672233960554	OK	 
REQUEST		Update	1672233960321	1672233960565	OK	 
REQUEST		Update Redirect 1	1672233960321	1672233960573	OK	 
USER	User One	END	1672233960574
USER	User One	START	1672233960584
REQUEST		Update Redirect 1	1672233960325	1672233960596	OK	 
USER	User One	END	1672233960597
REQUEST		Home	1672233959644	1672233960610	OK	 
REQUEST		Search	1672233960365	1672233960615	OK	 
REQUEST		Home	1672233959687	1672233960618	OK	 
REQUEST		Update	1672233960375	1672233960622	OK	 
REQUEST		Search	1672233960394	1672233960629	OK	 
REQUEST		Select	1672233960394	1672233960634	OK	 
REQUEST		Update Redirect 1	1672233960398	1672233960638	OK	 
USER	User One	END	1672233960639
USER	User One	START	1672233960647
USER	User One	START	1672233960692
REQUEST		Update	1672233960417	1672233960703	OK	 
REQUEST		Select	1672233960416	1672233960703	OK	 
REQUEST		Update Redirect 1	1672233960416	1672233960709	OK	 
USER	User One	END	1672233960710
REQUEST		Update Redirect 1	1672233960437	1672233960710	OK	 
USER	User One	END	1672233960711
REQUEST		Home	1672233959734	1672233960713	OK	 
REQUEST		Update	1672233960469	1672233960714	OK	 
REQUEST		Update	1672233960477	1672233960720	OK	 
REQUEST		Home	1672233959798	1672233960722	OK	 
REQUEST		Search	1672233960474	1672233960722	OK	 
USER	User One	START	1672233960740
REQUEST		Select	1672233960490	1672233960756	OK	 
REQUEST		Update Redirect 1	1672233960525	1672233960776	OK	 
USER	User One	END	1672233960777
REQUEST		Search	1672233960522	1672233960778	OK	 
REQUEST		Home	1672233959846	1672233960783	OK	 
USER	User One	START	1672233960789
REQUEST		Select	1672233960553	1672233960804	OK	 
REQUEST		Update	1672233960554	1672233960807	OK	 
REQUEST		Update Redirect 1	1672233960554	1672233960807	OK	 
USER	User One	END	1672233960809
REQUEST		Update Redirect 1	1672233960565	1672233960814	OK	 
USER	User One	END	1672233960815
REQUEST		Search	1672233960569	1672233960822	OK	 
USER	User One	START	1672233960836
REQUEST		Select	1672233960600	1672233960847	OK	 
REQUEST		Select	1672233960584	1672233960849	OK	 
REQUEST		Home	1672233959888	1672233960853	OK	 
REQUEST		Select	1672233960630	1672233960868	OK	 
REQUEST		Update Redirect 1	1672233960623	1672233960868	OK	 
USER	User One	END	1672233960869
USER	User One	START	1672233960897
REQUEST		Update	1672233960634	1672233960897	OK	 
REQUEST		Search	1672233960662	1672233960917	OK	 
REQUEST		Search	1672233960646	1672233960920	OK	 
USER	User One	START	1672233960944
REQUEST		Update Redirect 1	1672233960703	1672233960950	OK	 
USER	User One	END	1672233960951
REQUEST		Update Redirect 1	1672233960714	1672233960954	OK	 
USER	User One	END	1672233960955
REQUEST		Update	1672233960704	1672233960960	OK	 
REQUEST		Home	1672233959942	1672233960964	OK	 
REQUEST		Update Redirect 1	1672233960720	1672233960964	OK	 
USER	User One	END	1672233960965
REQUEST		Home	1672233959988	1672233960967	OK	 
REQUEST		Home	1672233960036	1672233960967	OK	 
USER	User One	START	1672233960991
REQUEST		Select	1672233960735	1672233960996	OK	 
REQUEST		Search	1672233960740	1672233960999	OK	 
REQUEST		Select	1672233960767	1672233961005	OK	 
REQUEST		Search	1672233960772	1672233961016	OK	 
REQUEST		Search	1672233960772	1672233961016	OK	 
REQUEST		Update	1672233960756	1672233961019	OK	 
USER	User One	START	1672233961037
REQUEST		Update	1672233960805	1672233961077	OK	 
REQUEST		Home	1672233960097	1672233961077	OK	 
REQUEST		Update Redirect 1	1672233960807	1672233961080	OK	 
USER	User One	END	1672233961080
REQUEST		Update	1672233960848	1672233961095	OK	 
USER	User One	START	1672233961097
REQUEST		Select	1672233960847	1672233961099	OK	 
REQUEST		Select	1672233960851	1672233961103	OK	 
REQUEST		Update	1672233960850	1672233961103	OK	 
REQUEST		Search	1672233960851	1672233961105	OK	 
REQUEST		Update	1672233960869	1672233961107	OK	 
REQUEST		Home	1672233960138	1672233961120	OK	 
USER	User One	START	1672233961143
REQUEST		Search	1672233960897	1672233961157	OK	 
REQUEST		Select	1672233960897	1672233961157	OK	 
REQUEST		Home	1672233960189	1672233961157	OK	 
REQUEST		Home	1672233960237	1672233961170	OK	 
REQUEST		Update Redirect 1	1672233960898	1672233961170	OK	 
USER	User One	END	1672233961171
USER	User One	START	1672233961189
REQUEST		Search	1672233960944	1672233961191	OK	 
REQUEST		Update Redirect 1	1672233960961	1672233961236	OK	 
USER	User One	END	1672233961237
REQUEST		Select	1672233960987	1672233961238	OK	 
USER	User One	START	1672233961238
REQUEST		Update	1672233960997	1672233961249	OK	 
REQUEST		Home	1672233960283	1672233961250	OK	 
REQUEST		Update	1672233961006	1672233961250	OK	 
REQUEST		Select	1672233961006	1672233961264	OK	 
USER	User One	START	1672233961286
REQUEST		Search	1672233961036	1672233961289	OK	 
REQUEST		Search	1672233961020	1672233961300	OK	 
USER	User One	START	1672233961333
REQUEST		Home	1672233960347	1672233961337	OK	 
REQUEST		Search	1672233961081	1672233961340	OK	 
REQUEST		Update Redirect 1	1672233961019	1672233961345	OK	 
USER	User One	END	1672233961347
REQUEST		Update Redirect 1	1672233961077	1672233961350	OK	 
REQUEST		Update Redirect 1	1672233961095	1672233961350	OK	 
REQUEST		Search	1672233961112	1672233961351	OK	 
REQUEST		Update	1672233961100	1672233961352	OK	 
USER	User One	END	1672233961351
USER	User One	END	1672233961351
REQUEST		Update Redirect 1	1672233961108	1672233961354	OK	 
REQUEST		Home	1672233960394	1672233961355	OK	 
USER	User One	END	1672233961355
REQUEST		Select	1672233961051	1672233961357	OK	 
REQUEST		Select	1672233961097	1672233961364	OK	 
REQUEST		Update	1672233961104	1672233961375	OK	 
REQUEST		Update Redirect 1	1672233961104	1672233961385	OK	 
USER	User One	END	1672233961386
USER	User One	START	1672233961403
REQUEST		Select	1672233961128	1672233961413	OK	 
REQUEST		Update	1672233961158	1672233961414	OK	 
REQUEST		Home	1672233960442	1672233961421	OK	 
REQUEST		Home	1672233960490	1672233961426	OK	 
USER	User One	START	1672233961444
REQUEST		Search	1672233961205	1672233961451	OK	 
REQUEST		Select	1672233961205	1672233961481	OK	 
REQUEST		Home	1672233960538	1672233961481	OK	 
REQUEST		Update	1672233961239	1672233961482	OK	 
REQUEST		Update Redirect 1	1672233961249	1672233961483	OK	 
USER	User One	END	1672233961484
USER	User One	START	1672233961484
REQUEST		Update Redirect 1	1672233961250	1672233961503	OK	 
USER	User One	END	1672233961504
REQUEST		Update	1672233961264	1672233961524	OK	 
REQUEST		Search	1672233961269	1672233961525	OK	 
USER	User One	START	1672233961537
REQUEST		Select	1672233961285	1672233961545	OK	 
REQUEST		Select	1672233961274	1672233961546	OK	 
REQUEST		Home	1672233960585	1672233961548	OK	 
REQUEST		Search	1672233961333	1672233961584	OK	 
USER	User One	START	1672233961585
REQUEST		Home	1672233960647	1672233961591	OK	 
REQUEST		Select	1672233961341	1672233961592	OK	 
REQUEST		Update	1672233961358	1672233961598	OK	 
REQUEST		Update Redirect 1	1672233961352	1672233961604	OK	 
USER	User One	END	1672233961606
REQUEST		Update	1672233961365	1672233961619	OK	 
REQUEST		Update Redirect 1	1672233961376	1672233961638	OK	 
USER	User One	START	1672233961641
USER	User One	END	1672233961640
REQUEST		Search	1672233961381	1672233961646	OK	 
REQUEST		Update	1672233961413	1672233961656	OK	 
REQUEST		Select	1672233961404	1672233961670	OK	 
REQUEST		Home	1672233960692	1672233961670	OK	 
REQUEST		Search	1672233961413	1672233961670	OK	 
REQUEST		Update Redirect 1	1672233961414	1672233961678	OK	 
USER	User One	END	1672233961679
REQUEST		Home	1672233960740	1672233961690	OK	 
USER	User One	START	1672233961695
REQUEST		Search	1672233961459	1672233961719	OK	 
REQUEST		Search	1672233961481	1672233961719	OK	 
REQUEST		Update	1672233961481	1672233961727	OK	 
REQUEST		Update Redirect 1	1672233961482	1672233961733	OK	 
USER	User One	END	1672233961734
USER	User One	START	1672233961735
REQUEST		Select	1672233961489	1672233961742	OK	 
REQUEST		Home	1672233960789	1672233961744	OK	 
REQUEST		Select	1672233961487	1672233961746	OK	 
REQUEST		Update Redirect 1	1672233961524	1672233961781	OK	 
USER	User One	END	1672233961782
USER	User One	START	1672233961783
REQUEST		Search	1672233961537	1672233961785	OK	 
REQUEST		Home	1672233960836	1672233961799	OK	 
REQUEST		Update	1672233961546	1672233961799	OK	 
REQUEST		Update	1672233961546	1672233961800	OK	 
REQUEST		Update	1672233961593	1672233961835	OK	 
USER	User One	START	1672233961836
REQUEST		Search	1672233961585	1672233961838	OK	 
REQUEST		Update Redirect 1	1672233961599	1672233961860	OK	 
USER	User One	END	1672233961861
REQUEST		Select	1672233961615	1672233961889	OK	 
USER	User One	START	1672233961888
REQUEST		Home	1672233960944	1672233961891	OK	 
REQUEST		Update Redirect 1	1672233961620	1672233961892	OK	 
REQUEST		Select	1672233961646	1672233961895	OK	 
USER	User One	END	1672233961894
REQUEST		Update Redirect 1	1672233961656	1672233961897	OK	 
USER	User One	END	1672233961898
REQUEST		Search	1672233961662	1672233961918	OK	 
REQUEST		Home	1672233960897	1672233961918	OK	 
REQUEST		Update	1672233961670	1672233961918	OK	 
USER	User One	START	1672233961939
REQUEST		Search	1672233961694	1672233961941	OK	 
REQUEST		Home	1672233960991	1672233961954	OK	 
REQUEST		Select	1672233961696	1672233961956	OK	 
REQUEST		Select	1672233961710	1672233961957	OK	 
REQUEST		Select	1672233961719	1672233961977	OK	 
REQUEST		Update Redirect 1	1672233961727	1672233961977	OK	 
USER	User One	END	1672233961978
USER	User One	START	1672233961993
REQUEST		Update	1672233961743	1672233961996	OK	 
REQUEST		Update	1672233961747	1672233962001	OK	 
REQUEST		Search	1672233961773	1672233962024	OK	 
REQUEST		Home	1672233961037	1672233962024	OK	 
USER	User One	START	1672233962041
REQUEST		Update Redirect 1	1672233961799	1672233962046	OK	 
USER	User One	END	1672233962047
REQUEST		Update Redirect 1	1672233961800	1672233962057	OK	 
USER	User One	END	1672233962058
REQUEST		Home	1672233961097	1672233962067	OK	 
REQUEST		Select	1672233961836	1672233962080	OK	 
USER	User One	START	1672233962087
REQUEST		Update Redirect 1	1672233961836	1672233962088	OK	 
USER	User One	END	1672233962088
REQUEST		Search	1672233961837	1672233962090	OK	 
REQUEST		Select	1672233961852	1672233962095	OK	 
REQUEST		Search	1672233961852	1672233962103	OK	 
USER	User One	START	1672233962134
REQUEST		Select	1672233961890	1672233962140	OK	 
REQUEST		Search	1672233961899	1672233962158	OK	 
REQUEST		Home	1672233961189	1672233962158	OK	 
REQUEST		Update	1672233961890	1672233962157	OK	 
REQUEST		Update	1672233961896	1672233962159	OK	 
REQUEST		Home	1672233961143	1672233962159	OK	 
REQUEST		Update Redirect 1	1672233961918	1672233962163	OK	 
USER	User One	END	1672233962163
USER	User One	START	1672233962182
REQUEST		Home	1672233961238	1672233962197	OK	 
REQUEST		Search	1672233961954	1672233962197	OK	 
REQUEST		Update	1672233961958	1672233962202	OK	 
REQUEST		Update	1672233961957	1672233962206	OK	 
REQUEST		Update	1672233961977	1672233962219	OK	 
REQUEST		Select	1672233961990	1672233962241	OK	 
USER	User One	START	1672233962245
REQUEST		Search	1672233961992	1672233962248	OK	 
REQUEST		Update Redirect 1	1672233961997	1672233962251	OK	 
USER	User One	END	1672233962251
REQUEST		Home	1672233961334	1672233962261	OK	 
REQUEST		Home	1672233961286	1672233962267	OK	 
REQUEST		Update Redirect 1	1672233962002	1672233962267	OK	 
USER	User One	END	1672233962269
USER	User One	START	1672233962292
REQUEST		Select	1672233962041	1672233962304	OK	 
REQUEST		Select	1672233962072	1672233962321	OK	 
REQUEST		Update	1672233962080	1672233962338	OK	 
USER	User One	START	1672233962340
REQUEST		Search	1672233962087	1672233962344	OK	 
REQUEST		Home	1672233961403	1672233962358	OK	 
REQUEST		Update	1672233962096	1672233962358	OK	 
REQUEST		Select	1672233962140	1672233962380	OK	 
USER	User One	START	1672233962386
REQUEST		Update	1672233962141	1672233962401	OK	 
REQUEST		Select	1672233962150	1672233962401	OK	 
REQUEST		Search	1672233962150	1672233962402	OK	 
REQUEST		Home	1672233961444	1672233962403	OK	 
REQUEST		Update Redirect 1	1672233962159	1672233962404	OK	 
REQUEST		Update Redirect 1	1672233962158	1672233962404	OK	 
USER	User One	END	1672233962405
USER	User One	END	1672233962405
REQUEST		Home	1672233961485	1672233962436	OK	 
USER	User One	START	1672233962448
REQUEST		Select	1672233962213	1672233962465	OK	 
REQUEST		Update Redirect 1	1672233962206	1672233962465	OK	 
USER	User One	END	1672233962467
REQUEST		Search	1672233962213	1672233962471	OK	 
REQUEST		Update Redirect 1	1672233962219	1672233962471	OK	 
USER	User One	END	1672233962472
REQUEST		Update Redirect 1	1672233962202	1672233962473	OK	 
USER	User One	END	1672233962474
REQUEST		Search	1672233962229	1672233962480	OK	 
USER	User One	START	1672233962494
REQUEST		Home	1672233961537	1672233962503	OK	 
REQUEST		Update	1672233962241	1672233962510	OK	 
REQUEST		Select	1672233962260	1672233962518	OK	 
USER	User One	START	1672233962541
REQUEST		Home	1672233961585	1672233962543	OK	 
REQUEST		Search	1672233962292	1672233962543	OK	 
REQUEST		Search	1672233962292	1672233962543	OK	 
REQUEST		Update	1672233962304	1672233962555	OK	 
REQUEST		Home	1672233961642	1672233962566	OK	 
REQUEST		Select	1672233962324	1672233962570	OK	 
REQUEST		Update	1672233962321	1672233962579	OK	 
REQUEST		Update Redirect 1	1672233962338	1672233962585	OK	 
USER	User One	END	1672233962586
USER	User One	START	1672233962589
REQUEST		Search	1672233962370	1672233962617	OK	 
REQUEST		Update	1672233962380	1672233962630	OK	 
REQUEST		Update Redirect 1	1672233962359	1672233962630	OK	 
USER	User One	END	1672233962631
REQUEST		Search	1672233962370	1672233962632	OK	 
REQUEST		Select	1672233962370	1672233962634	OK	 
USER	User One	START	1672233962634
REQUEST		Home	1672233961695	1672233962645	OK	 
REQUEST		Update	1672233962402	1672233962655	OK	 
REQUEST		Update Redirect 1	1672233962401	1672233962656	OK	 
USER	User One	END	1672233962656
REQUEST		Select	1672233962422	1672233962686	OK	 
USER	User One	START	1672233962696
REQUEST		Search	1672233962448	1672233962709	OK	 
REQUEST		Update	1672233962466	1672233962711	OK	 
REQUEST		Select	1672233962478	1672233962720	OK	 
REQUEST		Home	1672233961783	1672233962721	OK	 
REQUEST		Home	1672233961735	1672233962721	OK	 
USER	User One	START	1672233962743
REQUEST		Update	1672233962518	1672233962759	OK	 
REQUEST		Update Redirect 1	1672233962510	1672233962766	OK	 
USER	User One	END	1672233962766
REQUEST		Select	1672233962525	1672233962775	OK	 
USER	User One	START	1672233962791
REQUEST		Search	1672233962541	1672233962799	OK	 
REQUEST		Update Redirect 1	1672233962556	1672233962803	OK	 
USER	User One	END	1672233962804
REQUEST		Select	1672233962557	1672233962808	OK	 
REQUEST		Update	1672233962571	1672233962809	OK	 
REQUEST		Home	1672233961836	1672233962809	OK	 
REQUEST		Search	1672233962556	1672233962812	OK	 
USER	User One	START	1672233962838
REQUEST		Update Redirect 1	1672233962579	1672233962847	OK	 
USER	User One	END	1672233962848
REQUEST		Search	1672233962619	1672233962859	OK	 
REQUEST		Select	1672233962619	1672233962864	OK	 
REQUEST		Search	1672233962619	1672233962867	OK	 
REQUEST		Update Redirect 1	1672233962630	1672233962870	OK	 
USER	User One	END	1672233962871
REQUEST		Select	1672233962634	1672233962876	OK	 
REQUEST		Home	1672233961888	1672233962876	OK	 
USER	User One	START	1672233962887
REQUEST		Home	1672233961939	1672233962889	OK	 
REQUEST		Update	1672233962635	1672233962890	OK	 
REQUEST		Update Redirect 1	1672233962656	1672233962900	OK	 
USER	User One	END	1672233962901
USER	User One	START	1672233962935
REQUEST		Home	1672233961993	1672233962948	OK	 
REQUEST		Update Redirect 1	1672233962711	1672233962952	OK	 
USER	User One	END	1672233962953
REQUEST		Update	1672233962686	1672233962964	OK	 
REQUEST		Update	1672233962721	1672233962970	OK	 
REQUEST		Search	1672233962721	1672233962970	OK	 
USER	User One	START	1672233962984
REQUEST		Search	1672233962727	1672233962985	OK	 
REQUEST		Select	1672233962727	1672233963043	OK	 
REQUEST		Home	1672233962041	1672233963043	OK	 
USER	User One	START	1672233963045
REQUEST		Update Redirect 1	1672233962759	1672233963047	OK	 
REQUEST		Update	1672233962775	1672233963047	OK	 
REQUEST		Select	1672233962788	1672233963049	OK	 
REQUEST		Home	1672233962087	1672233963049	OK	 
REQUEST		Search	1672233962791	1672233963049	OK	 
REQUEST		Update	1672233962808	1672233963050	OK	 
USER	User One	END	1672233963048
REQUEST		Update Redirect 1	1672233962809	1672233963077	OK	 
USER	User One	END	1672233963078
REQUEST		Home	1672233962134	1672233963079	OK	 
REQUEST		Select	1672233962838	1672233963086	OK	 
USER	User One	START	1672233963093
REQUEST		Search	1672233962854	1672233963096	OK	 
REQUEST		Update	1672233962864	1672233963120	OK	 
REQUEST		Update	1672233962876	1672233963122	OK	 
REQUEST		Home	1672233962182	1672233963131	OK	 
REQUEST		Update Redirect 1	1672233962890	1672233963131	OK	 
USER	User One	END	1672233963132
USER	User One	START	1672233963139
REQUEST		Select	1672233962919	1672233963167	OK	 
REQUEST		Select	1672233962935	1672233963185	OK	 
USER	User One	START	1672233963187
REQUEST		Home	1672233962245	1672233963224	OK	 
REQUEST		Update Redirect 1	1672233962964	1672233963224	OK	 
REQUEST		Search	1672233962967	1672233963226	OK	 
REQUEST		Search	1672233962983	1672233963226	OK	 
REQUEST		Search	1672233962971	1672233963226	OK	 
USER	User One	END	1672233963225
REQUEST		Update Redirect 1	1672233962970	1672233963226	OK	 
USER	User One	END	1672233963227
USER	User One	START	1672233963234
REQUEST		Select	1672233963029	1672233963263	OK	 
REQUEST		Select	1672233963014	1672233963270	OK	 
REQUEST		Select	1672233963029	1672233963279	OK	 
USER	User One	START	1672233963297
REQUEST		Update	1672233963049	1672233963321	OK	 
REQUEST		Update Redirect 1	1672233963050	1672233963321	OK	 
USER	User One	END	1672233963322
REQUEST		Home	1672233962292	1672233963325	OK	 
REQUEST		Update	1672233963043	1672233963327	OK	 
REQUEST		Home	1672233962340	1672233963336	OK	 
REQUEST		Update Redirect 1	1672233963047	1672233963336	OK	 
USER	User One	END	1672233963337
REQUEST		Home	1672233962386	1672233963340	OK	 
USER	User One	START	1672233963345
REQUEST		Update	1672233963086	1672233963349	OK	 
REQUEST		Search	1672233963093	1672233963349	OK	 
REQUEST		Select	1672233963109	1672233963354	OK	 
REQUEST		Search	1672233963124	1672233963379	OK	 
REQUEST		Update Redirect 1	1672233963120	1672233963379	OK	 
REQUEST		Update Redirect 1	1672233963122	1672233963379	OK	 
USER	User One	END	1672233963379
USER	User One	END	1672233963380
USER	User One	START	1672233963393
REQUEST		Home	1672233962448	1672233963425	OK	 
REQUEST		Select	1672233963171	1672233963430	OK	 
REQUEST		Search	1672233963171	1672233963436	OK	 
USER	User One	START	1672233963437
REQUEST		Search	1672233963171	1672233963438	OK	 
REQUEST		Update	1672233963167	1672233963440	OK	 
REQUEST		Update	1672233963185	1672233963443	OK	 
REQUEST		Select	1672233963202	1672233963443	OK	 
REQUEST		Home	1672233962494	1672233963477	OK	 
USER	User One	START	1672233963485
REQUEST		Update	1672233963264	1672233963509	OK	 
REQUEST		Update	1672233963279	1672233963519	OK	 
REQUEST		Search	1672233963265	1672233963520	OK	 
REQUEST		Update	1672233963270	1672233963521	OK	 
USER	User One	START	1672233963549
REQUEST		Select	1672233963297	1672233963560	OK	 
REQUEST		Home	1672233962541	1672233963564	OK	 
REQUEST		Home	1672233962589	1672233963566	OK	 
REQUEST		Select	1672233963312	1672233963570	OK	 
REQUEST		Select	1672233963345	1672233963573	OK	 
REQUEST		Update Redirect 1	1672233963321	1672233963573	OK	 
USER	User One	END	1672233963574
REQUEST		Search	1672233963344	1672233963579	OK	 
REQUEST		Update Redirect 1	1672233963327	1672233963584	OK	 
USER	User One	END	1672233963585
REQUEST		Home	1672233962635	1672233963589	OK	 
USER	User One	START	1672233963595
REQUEST		Update Redirect 1	1672233963349	1672233963599	OK	 
USER	User One	END	1672233963600
REQUEST		Update	1672233963354	1672233963610	OK	 
REQUEST		Select	1672233963360	1672233963621	OK	 
REQUEST		Search	1672233963360	1672233963629	OK	 
USER	User One	START	1672233963642
REQUEST		Search	1672233963424	1672233963674	OK	 
USER	User One	START	1672233963688
REQUEST		Update	1672233963431	1672233963689	OK	 
REQUEST		Home	1672233962696	1672233963691	OK	 
REQUEST		Update Redirect 1	1672233963442	1672233963691	OK	 
USER	User One	END	1672233963692
REQUEST		Search	1672233963439	1672233963692	OK	 
REQUEST		Home	1672233962791	1672233963717	OK	 
REQUEST		Update Redirect 1	1672233963443	1672233963717	OK	 
REQUEST		Update	1672233963444	1672233963718	OK	 
USER	User One	END	1672233963718
REQUEST		Home	1672233962743	1672233963721	OK	 
REQUEST		Select	1672233963455	1672233963724	OK	 
REQUEST		Search	1672233963485	1672233963735	OK	 
USER	User One	START	1672233963736
REQUEST		Home	1672233962838	1672233963748	OK	 
REQUEST		Update Redirect 1	1672233963509	1672233963754	OK	 
USER	User One	END	1672233963755
REQUEST		Update Redirect 1	1672233963520	1672233963769	OK	 
USER	User One	END	1672233963770
REQUEST		Update Redirect 1	1672233963521	1672233963771	OK	 
USER	User One	END	1672233963771
REQUEST		Select	1672233963531	1672233963788	OK	 
USER	User One	START	1672233963799
REQUEST		Home	1672233962887	1672233963809	OK	 
REQUEST		Search	1672233963564	1672233963827	OK	 
REQUEST		Update	1672233963561	1672233963826	OK	 
REQUEST		Update	1672233963574	1672233963826	OK	 
REQUEST		Update	1672233963571	1672233963828	OK	 
REQUEST		Search	1672233963594	1672233963830	OK	 
REQUEST		Select	1672233963594	1672233963845	OK	 
USER	User One	START	1672233963846
REQUEST		Update Redirect 1	1672233963610	1672233963876	OK	 
USER	User One	END	1672233963877
USER	User One	START	1672233963893
USER	User One	START	1672233963941
REQUEST		Update	1672233963622	1672233963957	OK	 
REQUEST		Home	1672233962935	1672233963962	OK	 
REQUEST		Select	1672233963673	1672233963964	OK	 
REQUEST		Search	1672233963673	1672233963964	OK	 
REQUEST		Select	1672233963655	1672233963964	OK	 
REQUEST		Update Redirect 1	1672233963690	1672233963975	OK	 
REQUEST		Home	1672233962984	1672233963975	OK	 
REQUEST		Select	1672233963720	1672233963976	OK	 
REQUEST		Search	1672233963704	1672233963976	OK	 
USER	User One	END	1672233963975
REQUEST		Select	1672233963720	1672233963981	OK	 
REQUEST		Update Redirect 1	1672233963718	1672233963989	OK	 
USER	User One	END	1672233963990
USER	User One	START	1672233963990
REQUEST		Update	1672233963724	1672233963994	OK	 
REQUEST		Search	1672233963751	1672233964017	OK	 
REQUEST		Update	1672233963788	1672233964040	OK	 
REQUEST		Home	1672233963093	1672233964054	OK	 
REQUEST		Search	1672233963814	1672233964056	OK	 
REQUEST		Select	1672233963799	1672233964063	OK	 
REQUEST		Home	1672233963045	1672233964068	OK	 
REQUEST		Update Redirect 1	1672233963827	1672233964070	OK	 
USER	User One	END	1672233964070
REQUEST		Select	1672233963847	1672233964097	OK	 
REQUEST		Update Redirect 1	1672233963827	1672233964097	OK	 
USER	User One	END	1672233964098
REQUEST		Update Redirect 1	1672233963828	1672233964103	OK	 
USER	User One	END	1672233964104
REQUEST		Update	1672233963845	1672233964104	OK	 
REQUEST		Home	1672233963139	1672233964104	OK	 
REQUEST		Search	1672233963893	1672233964143	OK	 
REQUEST		Search	1672233963924	1672233964201	OK	 
REQUEST		Select	1672233963942	1672233964201	OK	 
REQUEST		Select	1672233963924	1672233964201	OK	 
REQUEST		Update Redirect 1	1672233963957	1672233964207	OK	 
USER	User One	END	1672233964208
REQUEST		Search	1672233963956	1672233964212	OK	 
REQUEST		Home	1672233963187	1672233964212	OK	 
REQUEST		Update	1672233963965	1672233964219	OK	 
REQUEST		Update	1672233963981	1672233964226	OK	 
REQUEST		Update	1672233963976	1672233964226	OK	 
REQUEST		Home	1672233963234	1672233964229	OK	 
REQUEST		Update	1672233963965	1672233964241	OK	 
REQUEST		Update Redirect 1	1672233963995	1672233964241	OK	 
USER	User One	END	1672233964242
REQUEST		Home	1672233963297	1672233964293	OK	 
REQUEST		Home	1672233963345	1672233964293	OK	 
REQUEST		Select	1672233964036	1672233964311	OK	 
REQUEST		Search	1672233964036	1672233964312	OK	 
REQUEST		Update Redirect 1	1672233964041	1672233964314	OK	 
USER	User One	END	1672233964315
REQUEST		Home	1672233963393	1672233964319	OK	 
REQUEST		Update	1672233964063	1672233964319	OK	 
REQUEST		Search	1672233964068	1672233964327	OK	 
REQUEST		Update	1672233964097	1672233964356	OK	 
REQUEST		Select	1672233964093	1672233964359	OK	 
REQUEST		Select	1672233964117	1672233964360	OK	 
REQUEST		Update Redirect 1	1672233964104	1672233964371	OK	 
USER	User One	END	1672233964373
REQUEST		Select	1672233964201	1672233964448	OK	 
REQUEST		Select	1672233964164	1672233964457	OK	 
REQUEST		Update	1672233964201	1672233964460	OK	 
REQUEST		Search	1672233964164	1672233964461	OK	 
REQUEST		Search	1672233964164	1672233964462	OK	 
REQUEST		Update	1672233964201	1672233964462	OK	 
REQUEST		Home	1672233963437	1672233964464	OK	 
REQUEST		Home	1672233963485	1672233964480	OK	 
REQUEST		Search	1672233964210	1672233964480	OK	 
REQUEST		Update Redirect 1	1672233964220	1672233964482	OK	 
USER	User One	END	1672233964483
REQUEST		Update Redirect 1	1672233964226	1672233964493	OK	 
REQUEST		Update Redirect 1	1672233964226	1672233964494	OK	 
USER	User One	END	1672233964495
USER	User One	END	1672233964495
REQUEST		Update Redirect 1	1672233964241	1672233964500	OK	 
REQUEST		Home	1672233963549	1672233964506	OK	 
USER	User One	END	1672233964508
REQUEST		Select	1672233964257	1672233964516	OK	 
REQUEST		Search	1672233964274	1672233964536	OK	 
REQUEST		Search	1672233964274	1672233964536	OK	 
REQUEST		Update	1672233964312	1672233964568	OK	 
REQUEST		Update Redirect 1	1672233964319	1672233964571	OK	 
USER	User One	END	1672233964574
REQUEST		Home	1672233963595	1672233964578	OK	 
REQUEST		Home	1672233963642	1672233964601	OK	 
REQUEST		Select	1672233964354	1672233964610	OK	 
REQUEST		Search	1672233964370	1672233964613	OK	 
REQUEST		Update Redirect 1	1672233964357	1672233964613	OK	 
REQUEST		Update	1672233964360	1672233964613	OK	 
USER	User One	END	1672233964614
REQUEST		Update	1672233964361	1672233964617	OK	 
REQUEST		Home	1672233963688	1672233964660	OK	 
REQUEST		Search	1672233964418	1672233964676	OK	 
REQUEST		Select	1672233964418	1672233964676	OK	 
REQUEST		Update	1672233964449	1672233964696	OK	 
REQUEST		Search	1672233964450	1672233964698	OK	 
REQUEST		Update	1672233964458	1672233964702	OK	 
REQUEST		Update Redirect 1	1672233964461	1672233964709	OK	 
REQUEST		Home	1672233963736	1672233964710	OK	 
USER	User One	END	1672233964710
REQUEST		Update Redirect 1	1672233964463	1672233964714	OK	 
USER	User One	END	1672233964715
REQUEST		Select	1672233964481	1672233964735	OK	 
REQUEST		Select	1672233964481	1672233964735	OK	 
REQUEST		Search	1672233964507	1672233964738	OK	 
REQUEST		Home	1672233963799	1672233964744	OK	 
REQUEST		Update	1672233964516	1672233964766	OK	 
REQUEST		Search	1672233964545	1672233964802	OK	 
REQUEST		Select	1672233964545	1672233964802	OK	 
REQUEST		Select	1672233964545	1672233964802	OK	 
REQUEST		Home	1672233963846	1672233964810	OK	 
REQUEST		Update Redirect 1	1672233964569	1672233964814	OK	 
USER	User One	END	1672233964814
REQUEST		Search	1672233964577	1672233964816	OK	 
REQUEST		Select	1672233964622	1672233964862	OK	 
REQUEST		Update Redirect 1	1672233964613	1672233964862	OK	 
USER	User One	END	1672233964862
REQUEST		Update	1672233964611	1672233964864	OK	 
REQUEST		Update Redirect 1	1672233964618	1672233964865	OK	 
USER	User One	END	1672233964866
REQUEST		Select	1672233964637	1672233964874	OK	 
REQUEST		Home	1672233963893	1672233964880	OK	 
REQUEST		Search	1672233964653	1672233964899	OK	 
REQUEST		Home	1672233963941	1672233964916	OK	 
REQUEST		Home	1672233963990	1672233964943	OK	 
REQUEST		Update	1672233964676	1672233964943	OK	 
REQUEST		Update Redirect 1	1672233964696	1672233964944	OK	 
USER	User One	END	1672233964945
REQUEST		Update Redirect 1	1672233964702	1672233964947	OK	 
USER	User One	END	1672233964947
REQUEST		Select	1672233964712	1672233964954	OK	 
REQUEST		Search	1672233964732	1672233964979	OK	 
REQUEST		Search	1672233964732	1672233964999	OK	 
REQUEST		Update	1672233964735	1672233965009	OK	 
REQUEST		Update	1672233964735	1672233965015	OK	 
REQUEST		Update Redirect 1	1672233964767	1672233965015	OK	 
USER	User One	END	1672233965015
REQUEST		Update	1672233964802	1672233965052	OK	 
REQUEST		Update	1672233964802	1672233965084	OK	 
REQUEST		Select	1672233964811	1672233965084	OK	 
REQUEST		Select	1672233964814	1672233965084	OK	 
REQUEST		Search	1672233964811	1672233965087	OK	 
REQUEST		Update	1672233964862	1672233965099	OK	 
REQUEST		Select	1672233964864	1672233965118	OK	 
REQUEST		Update	1672233964874	1672233965119	OK	 
REQUEST		Select	1672233964874	1672233965128	OK	 
REQUEST		Update Redirect 1	1672233964864	1672233965137	OK	 
USER	User One	END	1672233965137
REQUEST		Search	1672233964880	1672233965139	OK	 
REQUEST		Search	1672233964904	1672233965159	OK	 
REQUEST		Update Redirect 1	1672233964943	1672233965189	OK	 
USER	User One	END	1672233965190
REQUEST		Search	1672233964951	1672233965200	OK	 
REQUEST		Update	1672233964954	1672233965206	OK	 
REQUEST		Select	1672233964983	1672233965239	OK	 
REQUEST		Select	1672233964998	1672233965257	OK	 
REQUEST		Update Redirect 1	1672233965010	1672233965267	OK	 
USER	User One	END	1672233965268
REQUEST		Update Redirect 1	1672233965015	1672233965285	OK	 
USER	User One	END	1672233965285
REQUEST		Search	1672233965046	1672233965290	OK	 
REQUEST		Search	1672233965052	1672233965308	OK	 
REQUEST		Select	1672233965062	1672233965317	OK	 
REQUEST		Update Redirect 1	1672233965052	1672233965320	OK	 
USER	User One	END	1672233965320
REQUEST		Search	1672233965085	1672233965338	OK	 
REQUEST		Update Redirect 1	1672233965084	1672233965338	OK	 
USER	User One	END	1672233965339
REQUEST		Update	1672233965085	1672233965339	OK	 
REQUEST		Update	1672233965085	1672233965345	OK	 
REQUEST		Update Redirect 1	1672233965099	1672233965345	OK	 
USER	User One	END	1672233965346
REQUEST		Select	1672233965109	1672233965355	OK	 
REQUEST		Update	1672233965118	1672233965369	OK	 
REQUEST		Update Redirect 1	1672233965119	1672233965380	OK	 
USER	User One	END	1672233965381
REQUEST		Update	1672233965129	1672233965384	OK	 
REQUEST		Search	1672233965141	1672233965400	OK	 
REQUEST		Update Redirect 1	1672233965206	1672233965476	OK	 
USER	User One	END	1672233965477
REQUEST		Select	1672233965235	1672233965493	OK	 
REQUEST		Update	1672233965258	1672233965493	OK	 
REQUEST		Search	1672233965235	1672233965501	OK	 
REQUEST		Select	1672233965235	1672233965501	OK	 
REQUEST		Update	1672233965239	1672233965501	OK	 
REQUEST		Select	1672233965235	1672233965503	OK	 
REQUEST		Update	1672233965317	1672233965558	OK	 
REQUEST		Search	1672233965330	1672233965578	OK	 
REQUEST		Update Redirect 1	1672233965340	1672233965597	OK	 
USER	User One	END	1672233965598
REQUEST		Update Redirect 1	1672233965345	1672233965601	OK	 
REQUEST		Select	1672233965362	1672233965601	OK	 
REQUEST		Search	1672233965346	1672233965601	OK	 
REQUEST		Update	1672233965355	1672233965601	OK	 
USER	User One	END	1672233965602
REQUEST		Search	1672233965346	1672233965602	OK	 
REQUEST		Update Redirect 1	1672233965369	1672233965620	OK	 
USER	User One	END	1672233965621
REQUEST		Update Redirect 1	1672233965385	1672233965638	OK	 
USER	User One	END	1672233965639
REQUEST		Select	1672233965393	1672233965639	OK	 
REQUEST		Search	1672233965440	1672233965703	OK	 
REQUEST		Select	1672233965440	1672233965717	OK	 
REQUEST		Select	1672233965440	1672233965726	OK	 
REQUEST		Search	1672233965488	1672233965741	OK	 
REQUEST		Update Redirect 1	1672233965493	1672233965745	OK	 
USER	User One	END	1672233965747
REQUEST		Update Redirect 1	1672233965502	1672233965758	OK	 
USER	User One	END	1672233965761
REQUEST		Update	1672233965495	1672233965763	OK	 
REQUEST		Update	1672233965504	1672233965763	OK	 
REQUEST		Select	1672233965520	1672233965764	OK	 
REQUEST		Update	1672233965502	1672233965764	OK	 
REQUEST		Update Redirect 1	1672233965558	1672233965808	OK	 
USER	User One	END	1672233965809
REQUEST		Search	1672233965568	1672233965818	OK	 
REQUEST		Search	1672233965568	1672233965818	OK	 
REQUEST		Select	1672233965584	1672233965832	OK	 
REQUEST		Search	1672233965599	1672233965867	OK	 
REQUEST		Update	1672233965601	1672233965868	OK	 
REQUEST		Update Redirect 1	1672233965601	1672233965879	OK	 
REQUEST		Select	1672233965631	1672233965880	OK	 
USER	User One	END	1672233965880
REQUEST		Update	1672233965639	1672233965891	OK	 
REQUEST		Select	1672233965677	1672233965946	OK	 
REQUEST		Select	1672233965693	1672233965960	OK	 
REQUEST		Search	1672233965693	1672233965960	OK	 
REQUEST		Update	1672233965718	1672233965960	OK	 
REQUEST		Search	1672233965725	1672233965971	OK	 
REQUEST		Search	1672233965725	1672233965971	OK	 
REQUEST		Update	1672233965726	1672233965980	OK	 
REQUEST		Select	1672233965741	1672233965981	OK	 
REQUEST		Search	1672233965756	1672233966008	OK	 
REQUEST		Update	1672233965765	1672233966038	OK	 
REQUEST		Update Redirect 1	1672233965764	1672233966040	OK	 
REQUEST		Update Redirect 1	1672233965765	1672233966040	OK	 
USER	User One	END	1672233966040
USER	User One	END	1672233966040
REQUEST		Update Redirect 1	1672233965764	1672233966047	OK	 
USER	User One	END	1672233966047
REQUEST		Search	1672233965819	1672233966057	OK	 
REQUEST		Select	1672233965835	1672233966106	OK	 
REQUEST		Select	1672233965835	1672233966117	OK	 
REQUEST		Update	1672233965833	1672233966117	OK	 
REQUEST		Update Redirect 1	1672233965869	1672233966127	OK	 
USER	User One	END	1672233966128
REQUEST		Update	1672233965880	1672233966131	OK	 
REQUEST		Update Redirect 1	1672233965891	1672233966143	OK	 
USER	User One	END	1672233966144
REQUEST		Update	1672233965946	1672233966198	OK	 
REQUEST		Update	1672233965960	1672233966206	OK	 
REQUEST		Update Redirect 1	1672233965961	1672233966208	OK	 
USER	User One	END	1672233966209
REQUEST		Select	1672233965977	1672233966233	OK	 
REQUEST		Select	1672233965977	1672233966234	OK	 
REQUEST		Search	1672233965977	1672233966235	OK	 
REQUEST		Update	1672233965981	1672233966241	OK	 
REQUEST		Update Redirect 1	1672233965981	1672233966242	OK	 
USER	User One	END	1672233966243
REQUEST		Search	1672233965977	1672233966246	OK	 
REQUEST		Select	1672233966026	1672233966277	OK	 
REQUEST		Update Redirect 1	1672233966039	1672233966294	OK	 
USER	User One	END	1672233966295
REQUEST		Select	1672233966057	1672233966309	OK	 
REQUEST		Search	1672233966057	1672233966313	OK	 
REQUEST		Search	1672233966074	1672233966337	OK	 
REQUEST		Update	1672233966107	1672233966347	OK	 
REQUEST		Update	1672233966117	1672233966371	OK	 
REQUEST		Update Redirect 1	1672233966117	1672233966371	OK	 
USER	User One	END	1672233966372
REQUEST		Search	1672233966117	1672233966373	OK	 
REQUEST		Update Redirect 1	1672233966131	1672233966376	OK	 
USER	User One	END	1672233966377
REQUEST		Select	1672233966144	1672233966403	OK	 
REQUEST		Update Redirect 1	1672233966198	1672233966447	OK	 
USER	User One	END	1672233966448
REQUEST		Update Redirect 1	1672233966206	1672233966450	OK	 
USER	User One	END	1672233966450
REQUEST		Select	1672233966207	1672233966460	OK	 
REQUEST		Search	1672233966213	1672233966464	OK	 
REQUEST		Select	1672233966213	1672233966464	OK	 
REQUEST		Update	1672233966235	1672233966483	OK	 
REQUEST		Update Redirect 1	1672233966241	1672233966484	OK	 
REQUEST		Update	1672233966234	1672233966483	OK	 
USER	User One	END	1672233966484
REQUEST		Search	1672233966244	1672233966537	OK	 
REQUEST		Update	1672233966278	1672233966537	OK	 
REQUEST		Search	1672233966307	1672233966560	OK	 
REQUEST		Search	1672233966323	1672233966565	OK	 
REQUEST		Search	1672233966307	1672233966565	OK	 
REQUEST		Update	1672233966309	1672233966567	OK	 
REQUEST		Update Redirect 1	1672233966347	1672233966596	OK	 
USER	User One	END	1672233966597
REQUEST		Select	1672233966339	1672233966616	OK	 
REQUEST		Select	1672233966323	1672233966616	OK	 
REQUEST		Update Redirect 1	1672233966371	1672233966619	OK	 
USER	User One	END	1672233966620
REQUEST		Update	1672233966404	1672233966663	OK	 
REQUEST		Update	1672233966460	1672233966710	OK	 
REQUEST		Search	1672233966479	1672233966727	OK	 
REQUEST		Select	1672233966464	1672233966727	OK	 
REQUEST		Select	1672233966463	1672233966727	OK	 
REQUEST		Update Redirect 1	1672233966484	1672233966729	OK	 
REQUEST		Update	1672233966464	1672233966729	OK	 
USER	User One	END	1672233966730
REQUEST		Search	1672233966484	1672233966743	OK	 
REQUEST		Select	1672233966495	1672233966758	OK	 
REQUEST		Search	1672233966510	1672233966759	OK	 
REQUEST		Update Redirect 1	1672233966484	1672233966760	OK	 
USER	User One	END	1672233966761
REQUEST		Select	1672233966541	1672233966801	OK	 
REQUEST		Update Redirect 1	1672233966537	1672233966805	OK	 
USER	User One	END	1672233966806
REQUEST		Update Redirect 1	1672233966567	1672233966811	OK	 
REQUEST		Select	1672233966541	1672233966811	OK	 
USER	User One	END	1672233966812
REQUEST		Search	1672233966588	1672233966850	OK	 
REQUEST		Search	1672233966604	1672233966850	OK	 
REQUEST		Select	1672233966620	1672233966877	OK	 
REQUEST		Update	1672233966617	1672233966885	OK	 
REQUEST		Update	1672233966617	1672233966889	OK	 
REQUEST		Update Redirect 1	1672233966664	1672233966917	OK	 
REQUEST		Search	1672233966668	1672233966917	OK	 
USER	User One	END	1672233966917
REQUEST		Select	1672233966684	1672233966933	OK	 
REQUEST		Select	1672233966699	1672233966938	OK	 
REQUEST		Search	1672233966715	1672233966963	OK	 
REQUEST		Update Redirect 1	1672233966711	1672233966963	OK	 
USER	User One	END	1672233966964
REQUEST		Update	1672233966728	1672233966977	OK	 
REQUEST		Select	1672233966747	1672233966997	OK	 
REQUEST		Update Redirect 1	1672233966729	1672233966997	OK	 
REQUEST		Update	1672233966728	1672233966997	OK	 
USER	User One	END	1672233966998
REQUEST		Search	1672233966747	1672233966999	OK	 
REQUEST		Update	1672233966759	1672233967015	OK	 
REQUEST		Update	1672233966802	1672233967060	OK	 
REQUEST		Select	1672233966826	1672233967077	OK	 
REQUEST		Select	1672233966807	1672233967079	OK	 
REQUEST		Search	1672233966826	1672233967079	OK	 
REQUEST		Update	1672233966812	1672233967081	OK	 
REQUEST		Update	1672233966877	1672233967127	OK	 
REQUEST		Select	1672233966905	1672233967144	OK	 
REQUEST		Update Redirect 1	1672233966885	1672233967146	OK	 
USER	User One	END	1672233967147
REQUEST		Search	1672233966885	1672233967157	OK	 
REQUEST		Update Redirect 1	1672233966889	1672233967160	OK	 
USER	User One	END	1672233967161
REQUEST		Search	1672233966921	1672233967167	OK	 
REQUEST		Update	1672233966934	1672233967185	OK	 
REQUEST		Search	1672233966952	1672233967208	OK	 
REQUEST		Update	1672233966938	1672233967208	OK	 
REQUEST		Select	1672233966983	1672233967247	OK	 
REQUEST		Update Redirect 1	1672233966977	1672233967249	OK	 
USER	User One	END	1672233967251
REQUEST		Update	1672233966997	1672233967251	OK	 
REQUEST		Select	1672233967014	1672233967254	OK	 
REQUEST		Update Redirect 1	1672233967015	1672233967260	OK	 
REQUEST		Update Redirect 1	1672233966997	1672233967261	OK	 
USER	User One	END	1672233967261
USER	User One	END	1672233967262
REQUEST		Update	1672233967077	1672233967315	OK	 
REQUEST		Update Redirect 1	1672233967060	1672233967315	OK	 
USER	User One	END	1672233967316
REQUEST		Update	1672233967079	1672233967339	OK	 
REQUEST		Update Redirect 1	1672233967081	1672233967339	OK	 
USER	User One	END	1672233967341
REQUEST		Select	1672233967092	1672233967355	OK	 
REQUEST		Update	1672233967145	1672233967385	OK	 
REQUEST		Update Redirect 1	1672233967127	1672233967385	OK	 
USER	User One	END	1672233967387
REQUEST		Select	1672233967144	1672233967400	OK	 
REQUEST		Select	1672233967166	1672233967424	OK	 
REQUEST		Update Redirect 1	1672233967185	1672233967430	OK	 
USER	User One	END	1672233967431
REQUEST		Select	1672233967202	1672233967443	OK	 
REQUEST		Update Redirect 1	1672233967208	1672233967478	OK	 
USER	User One	END	1672233967479
REQUEST		Update	1672233967247	1672233967490	OK	 
REQUEST		Update Redirect 1	1672233967251	1672233967503	OK	 
USER	User One	END	1672233967504
REQUEST		Update	1672233967254	1672233967509	OK	 
REQUEST		Select	1672233967296	1672233967557	OK	 
REQUEST		Select	1672233967312	1672233967557	OK	 
REQUEST		Update Redirect 1	1672233967315	1672233967560	OK	 
USER	User One	END	1672233967562
REQUEST		Update Redirect 1	1672233967339	1672233967589	OK	 
USER	User One	END	1672233967592
REQUEST		Select	1672233967344	1672233967594	OK	 
REQUEST		Update	1672233967356	1672233967613	OK	 
REQUEST		Update Redirect 1	1672233967385	1672233967638	OK	 
USER	User One	END	1672233967640
REQUEST		Update	1672233967401	1672233967661	OK	 
REQUEST		Update	1672233967425	1672233967665	OK	 
REQUEST		Select	1672233967408	1672233967665	OK	 
REQUEST		Update	1672233967444	1672233967718	OK	 
REQUEST		Select	1672233967503	1672233967751	OK	 
REQUEST		Update Redirect 1	1672233967491	1672233967751	OK	 
USER	User One	END	1672233967753
REQUEST		Update Redirect 1	1672233967509	1672233967767	OK	 
USER	User One	END	1672233967769
REQUEST		Update	1672233967558	1672233967814	OK	 
REQUEST		Update	1672233967558	1672233967814	OK	 
REQUEST		Select	1672233967582	1672233967830	OK	 
REQUEST		Update	1672233967595	1672233967848	OK	 
REQUEST		Select	1672233967613	1672233967877	OK	 
REQUEST		Select	1672233967613	1672233967877	OK	 
REQUEST		Update Redirect 1	1672233967614	1672233967878	OK	 
USER	User One	END	1672233967879
REQUEST		Update Redirect 1	1672233967665	1672233967915	OK	 
REQUEST		Update	1672233967666	1672233967915	OK	 
USER	User One	END	1672233967916
REQUEST		Update Redirect 1	1672233967661	1672233967925	OK	 
USER	User One	END	1672233967925
REQUEST		Select	1672233967709	1672233967959	OK	 
REQUEST		Update Redirect 1	1672233967719	1672233967975	OK	 
USER	User One	END	1672233967976
REQUEST		Update	1672233967752	1672233968036	OK	 
REQUEST		Select	1672233967756	1672233968036	OK	 
REQUEST		Select	1672233967820	1672233968060	OK	 
REQUEST		Select	1672233967820	1672233968060	OK	 
REQUEST		Update Redirect 1	1672233967815	1672233968063	OK	 
USER	User One	END	1672233968064
REQUEST		Update Redirect 1	1672233967815	1672233968065	OK	 
USER	User One	END	1672233968065
REQUEST		Update	1672233967831	1672233968077	OK	 
REQUEST		Update	1672233967877	1672233968118	OK	 
REQUEST		Update Redirect 1	1672233967849	1672233968118	OK	 
USER	User One	END	1672233968119
REQUEST		Select	1672233967868	1672233968128	OK	 
REQUEST		Update	1672233967877	1672233968130	OK	 
REQUEST		Update Redirect 1	1672233967916	1672233968176	OK	 
USER	User One	END	1672233968177
REQUEST		Update	1672233967959	1672233968218	OK	 
REQUEST		Select	1672233967962	1672233968224	OK	 
REQUEST		Select	1672233967976	1672233968225	OK	 
REQUEST		Select	1672233967978	1672233968234	OK	 
REQUEST		Select	1672233968010	1672233968264	OK	 
REQUEST		Update	1672233968037	1672233968280	OK	 
REQUEST		Update Redirect 1	1672233968036	1672233968281	OK	 
USER	User One	END	1672233968282
REQUEST		Select	1672233968058	1672233968300	OK	 
REQUEST		Update	1672233968061	1672233968309	OK	 
REQUEST		Update	1672233968061	1672233968310	OK	 
REQUEST		Update Redirect 1	1672233968078	1672233968327	OK	 
USER	User One	END	1672233968328
REQUEST		Update	1672233968129	1672233968384	OK	 
REQUEST		Update Redirect 1	1672233968119	1672233968384	OK	 
USER	User One	END	1672233968386
REQUEST		Update Redirect 1	1672233968130	1672233968393	OK	 
USER	User One	END	1672233968394
REQUEST		Update Redirect 1	1672233968219	1672233968465	OK	 
USER	User One	END	1672233968469
REQUEST		Update	1672233968226	1672233968470	OK	 
REQUEST		Update	1672233968224	1672233968476	OK	 
REQUEST		Update	1672233968235	1672233968479	OK	 
REQUEST		Update	1672233968265	1672233968518	OK	 
REQUEST		Select	1672233968249	1672233968518	OK	 
REQUEST		Select	1672233968249	1672233968520	OK	 
REQUEST		Update Redirect 1	1672233968281	1672233968530	OK	 
USER	User One	END	1672233968531
REQUEST		Update	1672233968301	1672233968544	OK	 
REQUEST		Update Redirect 1	1672233968309	1672233968551	OK	 
USER	User One	END	1672233968552
REQUEST		Update Redirect 1	1672233968310	1672233968560	OK	 
USER	User One	END	1672233968562
REQUEST		Select	1672233968324	1672233968576	OK	 
REQUEST		Select	1672233968344	1672233968611	OK	 
REQUEST		Select	1672233968376	1672233968629	OK	 
REQUEST		Update Redirect 1	1672233968385	1672233968629	OK	 
USER	User One	END	1672233968630
REQUEST		Update Redirect 1	1672233968470	1672233968710	OK	 
USER	User One	END	1672233968712
REQUEST		Select	1672233968471	1672233968715	OK	 
REQUEST		Update Redirect 1	1672233968477	1672233968718	OK	 
USER	User One	END	1672233968719
REQUEST		Update Redirect 1	1672233968479	1672233968720	OK	 
USER	User One	END	1672233968721
REQUEST		Update Redirect 1	1672233968518	1672233968760	OK	 
USER	User One	END	1672233968762
REQUEST		Update	1672233968519	1672233968770	OK	 
REQUEST		Update	1672233968520	1672233968776	OK	 
REQUEST		Update Redirect 1	1672233968544	1672233968780	OK	 
USER	User One	END	1672233968781
REQUEST		Select	1672233968549	1672233968799	OK	 
REQUEST		Select	1672233968562	1672233968807	OK	 
REQUEST		Select	1672233968581	1672233968850	OK	 
REQUEST		Update	1672233968577	1672233968852	OK	 
REQUEST		Select	1672233968580	1672233968853	OK	 
REQUEST		Update	1672233968611	1672233968859	OK	 
REQUEST		Update	1672233968630	1672233968918	OK	 
REQUEST		Update	1672233968715	1672233968959	OK	 
REQUEST		Select	1672233968734	1672233968998	OK	 
REQUEST		Select	1672233968751	1672233969008	OK	 
REQUEST		Select	1672233968767	1672233969010	OK	 
REQUEST		Update Redirect 1	1672233968770	1672233969016	OK	 
USER	User One	END	1672233969018
REQUEST		Update Redirect 1	1672233968776	1672233969031	OK	 
USER	User One	END	1672233969033
REQUEST		Update	1672233968799	1672233969050	OK	 
REQUEST		Update	1672233968808	1672233969076	OK	 
REQUEST		Update	1672233968851	1672233969090	OK	 
REQUEST		Update	1672233968853	1672233969108	OK	 
REQUEST		Select	1672233968862	1672233969109	OK	 
REQUEST		Update Redirect 1	1672233968853	1672233969109	OK	 
USER	User One	END	1672233969110
REQUEST		Select	1672233968862	1672233969118	OK	 
REQUEST		Update Redirect 1	1672233968860	1672233969119	OK	 
USER	User One	END	1672233969119
REQUEST		Select	1672233968924	1672233969167	OK	 
REQUEST		Update Redirect 1	1672233968919	1672233969171	OK	 
USER	User One	END	1672233969172
REQUEST		Select	1672233968972	1672233969223	OK	 
REQUEST		Update Redirect 1	1672233968959	1672233969227	OK	 
USER	User One	END	1672233969228
REQUEST		Update	1672233968999	1672233969243	OK	 
REQUEST		Select	1672233969003	1672233969244	OK	 
REQUEST		Update	1672233969008	1672233969250	OK	 
REQUEST		Update	1672233969011	1672233969262	OK	 
REQUEST		Update Redirect 1	1672233969050	1672233969316	OK	 
USER	User One	END	1672233969317
REQUEST		Update Redirect 1	1672233969076	1672233969325	OK	 
USER	User One	END	1672233969327
REQUEST		Select	1672233969081	1672233969331	OK	 
REQUEST		Update Redirect 1	1672233969090	1672233969339	OK	 
USER	User One	END	1672233969341
REQUEST		Update	1672233969110	1672233969354	OK	 
REQUEST		Update Redirect 1	1672233969108	1672233969361	OK	 
USER	User One	END	1672233969363
REQUEST		Update	1672233969119	1672233969375	OK	 
REQUEST		Update	1672233969168	1672233969409	OK	 
REQUEST		Select	1672233969171	1672233969415	OK	 
REQUEST		Select	1672233969161	1672233969417	OK	 
REQUEST		Update	1672233969224	1672233969476	OK	 
REQUEST		Select	1672233969225	1672233969480	OK	 
REQUEST		Update	1672233969244	1672233969486	OK	 
REQUEST		Update Redirect 1	1672233969244	1672233969487	OK	 
USER	User One	END	1672233969488
REQUEST		Update Redirect 1	1672233969250	1672233969493	OK	 
USER	User One	END	1672233969495
REQUEST		Update Redirect 1	1672233969263	1672233969510	OK	 
USER	User One	END	1672233969512
REQUEST		Update	1672233969331	1672233969584	OK	 
REQUEST		Update Redirect 1	1672233969354	1672233969602	OK	 
USER	User One	END	1672233969604
REQUEST		Update Redirect 1	1672233969410	1672233969651	OK	 
USER	User One	END	1672233969652
REQUEST		Update Redirect 1	1672233969376	1672233969654	OK	 
USER	User One	END	1672233969655
REQUEST		Update	1672233969416	1672233969668	OK	 
REQUEST		Update	1672233969418	1672233969685	OK	 
REQUEST		Update Redirect 1	1672233969487	1672233969729	OK	 
REQUEST		Update Redirect 1	1672233969476	1672233969729	OK	 
USER	User One	END	1672233969730
USER	User One	END	1672233969730
REQUEST		Update	1672233969481	1672233969735	OK	 
REQUEST		Update Redirect 1	1672233969584	1672233969860	OK	 
USER	User One	END	1672233969861
REQUEST		Update Redirect 1	1672233969669	1672233969916	OK	 
USER	User One	END	1672233969917
REQUEST		Update Redirect 1	1672233969685	1672233969940	OK	 
USER	User One	END	1672233969942
REQUEST		Update Redirect 1	1672233969736	1672233969985	OK	 
USER	User One	END	1672233969986
